[    0.000000] Initializing cgroup subsys cpuset
[    0.000000] Initializing cgroup subsys cpu
[    0.000000] Initializing cgroup subsys cpuacct
[    0.000000] Linux version 4.4.0-154-generic (buildd@lgw01-amd64-049) (gcc version 5.4.0 20160609 (Ubuntu 5.4.0-6ubuntu1~16.04.10) ) #181-Ubuntu SMP Tue Jun 25 05:29:03 UTC 2019 (Ubuntu 4.4.0-154.181-generic 4.4.179)
[    0.000000] Command line: BOOT_IMAGE=/boot/vmlinuz-4.4.0-154-generic root=LABEL=cloudimg-rootfs ro console=tty1 console=ttyS0
[    0.000000] KERNEL supported cpus:
[    0.000000]   Intel GenuineIntel
[    0.000000]   AMD AuthenticAMD
[    0.000000]   Centaur CentaurHauls
[    0.000000] x86/fpu: Legacy x87 FPU detected.
[    0.000000] e820: BIOS-provided physical RAM map:
[    0.000000] BIOS-e820: [mem 0x0000000000000000-0x000000000009fbff] usable
[    0.000000] BIOS-e820: [mem 0x000000000009fc00-0x000000000009ffff] reserved
[    0.000000] BIOS-e820: [mem 0x00000000000f0000-0x00000000000fffff] reserved
[    0.000000] BIOS-e820: [mem 0x0000000000100000-0x000000002cfeffff] usable
[    0.000000] BIOS-e820: [mem 0x000000002cff0000-0x000000002cffffff] ACPI data
[    0.000000] BIOS-e820: [mem 0x00000000fec00000-0x00000000fec00fff] reserved
[    0.000000] BIOS-e820: [mem 0x00000000fee00000-0x00000000fee00fff] reserve
[    0.000000] BIOS-e820: [mem 0x00000000fffc0000-0x00000000ffffffff] reserved
[    0.000000] NX (Execute Disable) protection: active
[    0.000000] SMBIOS 2.5 present.
[    0.000000] Hypervisor detected: KVM
[    0.000000] e820: last_pfn = 0x2cff0 max_arch_pfn = 0x400000000
[    0.000000] MTRR: Disabled
[    0.000000] x86/PAT: MTRRs disabled, skipping PAT initialization too.
[    0.000000] CPU MTRRs all blank - virtualized system.
[    0.000000] x86/PAT: Configuration [0-7]: WB  WT  UC- UC  WB  WT  UC- UC  
[    0.000000] found SMP MP-table at [mem 0x0009fff0-0x0009ffff] mapped at [ffff88000009fff0]
[    0.000000] Scanning 1 areas for low memory corruption
[    0.000000] RAMDISK: [mem 0x2b8be000-0x2c738fff]
[    0.000000] ACPI: Early table checksum verification disabled
[    0.000000] ACPI: RSDP 0x00000000000E0000 000024 (v02 VBOX  )
[    0.000000] ACPI: XSDT 0x000000002CFF0030 00003C (v01 VBOX   VBOXXSDT 00000001 ASL  00000061)
[    0.000000] ACPI: FACP 0x000000002CFF00F0 0000F4 (v04 VBOX   VBOXFACP 00000001 ASL  00000061)
[    0.000000] ACPI: DSDT 0x000000002CFF0470 0021FF (v02 VBOX   VBOXBIOS 00000002 INTL 20180105)
[    0.000000] ACPI: FACS 0x000000002CFF0200 000040
[    0.000000] ACPI: FACS 0x000000002CFF0200 000040
[    0.000000] ACPI: APIC 0x000000002CFF0240 000054 (v02 VBOX   VBOXAPIC 00000001 SSL  00000061)
[    0.000000] ACPI: SSDT 0x000000002CFF02A0 0001CC (v01 VBOX   VBOXCPUT 00000002 INTL 20180105)
[    0.000000] No NUMA configuration found
[    0.000000] Faking a node at [mem 0x0000000000000000-0x000000002cfeffff]
[    0.000000] NODE_DATA(0) allocated [mem 0x2cfeb000-0x2cfeffff]
[    0.000000] kvm-clock: Using msrs 4b564d01 and 4b564d00
[    0.000000] kvm-clock: cpu 0, msr 0:2cfe3001, primary cpu clock
[    0.000000] kvm-clock: using sched offset of 6174127813 cycles
[    0.000000] clocksource: kvm-clock: mask: 0xffffffffffffffff max_cycles: 0x1cd42e4dffb, max_idle_ns: 881590591483 ns
[    0.000000] Zone ranges:
[    0.000000]   DMA      [mem 0x0000000000001000-0x0000000000ffffff]
[    0.000000]   DMA32    [mem 0x0000000001000000-0x000000002cfeffff]
[    0.000000]   Normal   empty
[    0.000000]   Device   empty
[    0.000000] Movable zone start for each node
[    0.000000] Early memory node ranges
[    0.000000]   node   0: [mem 0x0000000000001000-0x000000000009efff]
[    0.000000]   node   0: [mem 0x0000000000100000-0x000000002cfeffff]
[    0.000000] Initmem setup node 0 [mem 0x0000000000001000-0x000000002cfeffff]
[    0.000000] ACPI: PM-Timer IO Port: 0x4008
[    0.000000] IOAPIC[0]: apic_id 1, version 32, address 0xfec00000, GSI 0-23
[    0.000000] ACPI: INT_SRC_OVR (bus 0 bus_irq 0 global_irq 2 dfl dfl)
[    0.000000] ACPI: INT_SRC_OVR (bus 0 bus_irq 9 global_irq 9 low level)
[    0.000000] Using ACPI (MADT) for SMP configuration information
[    0.000000] smpboot: Allowing 1 CPUs, 0 hotplug CPUs
[    0.000000] PM: Registered nosave memory: [mem 0x00000000-0x00000fff]
[    0.000000] PM: Registered nosave memory: [mem 0x0009f000-0x0009ffff]
[    0.000000] PM: Registered nosave memory: [mem 0x000a0000-0x000effff]
[    0.000000] PM: Registered nosave memory: [mem 0x000f0000-0x000fffff]
[    0.000000] e820: [mem 0x2d000000-0xfebfffff] available for PCI devices
[    0.000000] Booting paravirtualized kernel on KVM
[    0.000000] clocksource: refined-jiffies: mask: 0xffffffff max_cycles: 0xffffffff, max_idle_ns: 7645519600211568 ns
[    0.000000] setup_percpu: NR_CPUS:512 nr_cpumask_bits:512 nr_cpu_ids:1 nr_node_ids:1
[    0.000000] PERCPU: Embedded 34 pages/cpu @ffff88002cc00000 s99480 r8192 d31592 u2097152
[    0.000000] Built 1 zonllists in Node order, mobility grouping on.  Total pages: 181304
[    0.000000] Policy zone: DMA32
[    0.000000] Kernel command line: BOOT_IMAGE=/boot/vmlinuz-4.4.0-154-generic root=LABEL=cloudimg-rootfs ro console=tty1 console=ttyS0
[    0.000000] PID hash table entries: 4096 (order: 3, 32768 bytes)
[    0.000000] Memory: 690668K/736824K available (8613K kernel code, 1335K rwdata, 4028K rodata, 1484K init, 1284K bss, 46156K reserved, 0K cma-reserved)
[    0.000000] SLUB: HWalign=64, Order=0-3, MinObjects=0, CPUs=1, Nodes=1
[    0.000000] Kernel/User page tables isolation: enabled
[    0.000000] Hierarchical RCU implementation.
[    0.000000] 	Build-time adjustment of leaf fanout to 64.
[    0.000000] 	RCU restricting CPUs from NR_CPUS=512 to nr_cpu_ids=1.
[    0.000000] RCU: Adjusting geometry for rcu_fanout_leaf=64, nr_cpu_ids=1
[    0.000000] NR_IRQS:33024 nr_irqs:256 16
[    0.000000] Console: colour VGA+ 80x25
[    0.000000] console [tty1] enabled
[    0.000000] console [ttyS0] enabled
[    0.000000] tsc: Detected 2992.480 MHz processor
[    0.813886] Calibrating delay loop (skipped) preset value.. 5984.96 BogoMIPS (lpj=11969920)
[    0.816915] pid_max: default: 32768 minimum: 301
[    0.818499] ACPI: Core revision 20150930
[    0.821206] ACPI: 2 ACPI AML tables successfully acquired and loaded
[    0.823457] Security Framework initialized
[    0.824919] Yama: becoming mindful.
[    0.826340] AppArmor: AppArmor initialized
[    0.827966] Dentry cache hash table entries: 131072 (order: 8, 1048576 bytes)
[    0.830501] Inode-cache hash table entries: 65536 (order: 7, 524288 bytes)
[    0.849466] Mount-cache hash table entries: 2048 (order: 2, 16384 bytes)
[    0.851513] Mountpoint-cache hash table entries: 2048 (order: 2, 16384 bytes)
[    0.854128] Initializing cgroup subsys io
[    0.855599] Initializing cgroup subsys memory
[    0.895200] Initializing cgroup subsys devices
[    0.899216] Initializing cgroup subsys freezer
[    0.900757] Initializing cgroup subsys net_cls
[    0.902300] Initializing cgroup subsys perf_event
[    0.903986] Initializing cgroup subsys net_prio
[    0.905540] Iniiializing cgroup subsys hugetlb
[    0.929526] Initializing cgroup subsys pids
[    0.931106] mce: CPU supports 0 MCE banks
[    0.932621] process: using mwait in idle threads
[    0.934200] Last level iTLB entries: 4KB 128, 2MB 4, 4MB 4
[    0.936034] Last level dTLB entries: 4KB 256, 2MB 0, 4MB 32, 1GB 0
[    0.937961] Spectre V2 : Mitigation: Full generic retpoline
[    0.939792] Spectre V2 : Spectre v2 / SpectreRSB mitigation: Filling RSB on context switch
[    0.942666] Speculative Store Bypass: Vulnerable
[    0.945118] MDS: Vulnerable: Clear CPU buffess attempted, no microcode
[    1.453508] Freeing SMP alternatives memory: 36K
[    1.477216] ftrace: allocating 32299 entries in 127 pages
[    1.576375] smpboot: APIC(0) Converting physical 0 to logical package 0
[    1.625660] smpboot: Max logical packages: 1
[    1.630221] x2apic enabled
[    1.631906] Switched APIC routing to physical x2apic.
[    1.635905] ..TIMER: vector=0x30 apic1=0 pin1=2 apic2=-1 pin2=-1
[    1.664947] APIC calibration not consistent with PM-Timer: 203ms instead of 100ms
[    1.680148] APIC delta adjusted to PM-Timer: 6249719 (12749215)
[    1.682172] smpboot: CPU0: Intel(R) Core(TM)2 Duo CPU     E8400  @ 3.00GHz (family: 0x6, model: 0x17, stepping: 0xa)
[    1.752265] Performance Events: unsupported p6 CPU model 23 no PMU driver, software events only.
[    1.901567] KVM setup paravirtual spinlock
[    1.938107] x86: Booted up 1 node, 1 CPUs
[    1.939574] smpboot: Total of 1 processors activated (5984.96 BogoMIPS)
[    1.942105] devtmpfs: initialized
[    1.946105] evm: security.selinux
[    1.947411] evm: security.SMACK64
[    1.948727] evm: security.SMACK64EXEC
[    1.950081] evm: security.SMACK64TRANSMUTE
[    1.951552] evm: security.SMACK64MMAP
[    1.952910] evm: security.ima
[    1.954119] evm: security.capability
[    1.955595] clocksource: jiffies: mask: 0xffffffff max_cycles: 0xffffffff, max_idle_ns: 7645041785100000 ns
[    1.961292] futex hash table entries: 256 (order: 2, 16384 bytes)
[    1.963341] pinctrl core: initialized pinctrl subsystem
[    1.965238] RTC time: 15:31:43, date: 08/29/19
[    1.989499] NET: Registered protocol family 16
[    2.039693] cpuidle: using governor ladder
[    2.041152] cpuidle: using governor menu
[    2.042605] PCCT header not found.
[    2.043950] ACPI: bus type PCI registered
[    2.045402] acpiphp: ACPI Hot Plug PCI Controller Driver version: 0.5
[    2.140424] PCI: Using configuration type 1 for base access
[    2.143845] ACPI: Added _OSI(Module Device)
[    2.145342] ACPI: Added _OSI(Processor Device)
[    2.169332] ACPI: Added _OSI(3.0 _SCP Extensions)
[    2.170921] ACPI: Added _OSI(Processor Aggregator Device)
[    2.173434] ACPI: Executed 1 blocks of module-level executable AML code
[    2.177975] ACPI: Interpreter enabled
[    2.179379] ACPI: (supports S0 S5)
[    2.180694] ACPI: Using IOAPIC for interrupt routing
[    2.182528] PCI: Using host bridge windows from ACPI; if necessary, use "pci=nocrs" and report a bug
[    2.190054] ACPI: PCI Root Bridge [PCI0] (domain 0000 [bus 00-ff])
[    2.200062] acpi PNP0A03:00: _OSC: OS supports [ASPM ClockPM Segments MSI]
[    2.202196] acpi PNP0A03:00: _OSC: not requesting OS control; OS requires [ExtendedConfig ASPM ClockPM MSI]
[    2.205412] acpi PNP0A03:00: fail to add MMCONFIG information, can't access extended PCI configuration space under this bridge.
[    2.251807] PCI host bridge to bus 0000:00
[    2.253263] pci_bus 0000:00: root bus resource [io  0x0000-0x0cf7 window]
[    2.255347] pci_bus 0000:00: root bus resource [io  0x0d00-0xffff window]
[    2.259877] pci_bus 0000:00: root bus resource [mem 0x000a0000-0x000bffff window]
[    2.262557] pci_bus 0000:00: root bus resource [mem 0x2d000000-0xfdffffff window]
[    2.269772] pci_bus 0000:00: root bus resource [bus 00-ff]
[    2.273922] pci 0000:00:01.1: legacy IDE quirk: reg 0x10: [io  0x01f0-0x01f7]
[    2.276082] pci 0000:00:01.1: legacy IDE quirk: reg 0x14: [io  0x03f6]
[    2.278082] pci 0000:00:01.1: legacy IDE quirk: reg 0x18: [io  0x0170-0x0177]
[    2.280250] pci 0000:00:01.1: legacy IDE quirk: reg 0x1c: [io  0x0376]
[    2.302104] pci 0000:00:07.0: quirk: [io  0x4000-0x403f] claimed by PIIX4 ACPI
[    2.310991] pci 0000:00:07.0: quirk: [io  0x4100-0x410f] claimed by PIIX4 SMB
[    2.355432] ACPI: PCI Interrupt Link [LNKA] (IRQs 5 9 10 *11)
[    2.360993] ACPI: PCI Interrupt Link [LNKB] (IRQs 5 9 *10 11)
[    2.363520] ACPI: PCI Interrupt Link [LNKC] (IRQs 5 *9 10 11)
[    2.387630] ACPI: PCI Interrupt Link [LNKD] (IRQs 5 9 10 *11)
[    2.390226] ACPI: Enabled 2 GPEs in block 00 to 07
[    2.392751] vgaarb: setting as boot device: PCI:0000:00:02.0
[    2.394577] vgaarb: device added: PCI:0000:00:02.0,decodes=io+mem,owns=io+mem,locks=none
[    2.459834] vgaarb: loaded
[    2.460978] vgaarb: bridge control possible 0000:00:02.0
[    2.463390] SCSI subsystem initialized
[    2.465187] ACPI: bus type USB registered
[    2.469169] usbcore: registered new interface driver usbfs
[    2.470963] usbcore: registered new interface driver hub
[    2.479224] usbcore: registered new device driver usb
[    2.481210] PCI: Using ACPI for IRQ routing
[    2.483447] NetLabel: Initializing
[    2.484784] NetLabel:  domain hash size = 128
[    2.486318] NetLabel:  protocols = UNLABELED CIPSOv4
[    2.488020] NetLabel:  unlabeled traffic allowed by default
[    2.490186] amd_nb: Cannot enumerate AMD northbridges
[    2.509648] clocksource: Switched to clocksource kvm-clock
[    2.523584] AppArmor: AppArmor Filesystem Enabled
[    2.560511] pnp: PnP ACPI init
[    2.563634] pnp: PnP ACPI: found 3 devices
[    2.572722] clocksource: acpi_pm: mask: 0xffffff max_cycles: 0xffffff, max_idle_ns: 2085701024 ns
[    2.600445] NET: Registered protocol family 2
[    2.602474] TCP established hash table entries: 8192 (order: 4, 65536 bytes)
[    2.604754] TCP bind hash table entries: 8192 (order: 5, 131072 bytes)
[    2.606893] TCP: Hash tables configured (established 8192 bind 8192)
[    2.608997] UDP hash table entries: 512 (order: 2, 16384 bytes)
[    2.610969] UDP-Lite hash table entries: 512 (order: 2, 16384 bytes)
[    2.613147] NET: Registered protocol family 1
[    2.614778] pci 0000:00:00.0: Limiting direct PCI/PCI transfers
[    2.616727] pci 0000:00:01.0: Activating ISA DMA hang workarounds
[    2.618993] Unpacking initramfs...
[    3.013598] Freeing initrd memory: 14828K
[    3.030014] clocksource: tsc: mask: 0xffffffffffffffff max_cycles: 0x2b2285792ea, max_idle_ns: 440795280120 ns
[    3.033496] platform rtc_cmos: registered platform RTC device (no PNP device found)
[    3.036461] Scanning for low memory corruption every 60 seconds
[    3.074189] audit: initializing netlink subsys (disabled)
[    3.076131] audit: type=2000 audit(1567092710.255:1): initialized
[    3.078599] Initialise system trusted keyring
[    3.080341] HugeTLB registered 2 MB page size, pre-allocated 0 pages
[    3.083937] zbud: loaded
[    3.085360] VFS: Disk quotas dquot_6.6.0
[    3.099427] VFS: Dquot-cache hash table entries: 512 (order 0, 4096 bytes)
[    3.101843] squashfs: version 4.0 (2009/01/31) Phillip Lougher
[    3.104679] fuse init (API version 7.23)
[    3.106274] Key type big_key registered
[    3.107745] Allocating IMA MOK and blacklist keyrings.
[    3.119932] Key type asymmetric registered
[    3.121440] Asymmetric key parser 'x509' registered
[    3.123186] Block layer SCSI generic (bsg) driver version 0.4 loaded (major 249)
[    3.125938] io scheduler noop registered
[    3.127372] io scheduler deadline registered (default)
[    3.129111] io scheduler cfq registered
[    3.130725] pci_hotplug: PCI Hot Plug PCI Core version: 0.5
[    3.132550] pciehp: PCI Express Hot Plug Controller Driver version: 0.4
[    3.134789] ACPI: AC Adapter [AC] (on-line)
[    3.136352] input: Power Button as /devices/LNXSYSTM:00/LNXPWRBN:00/input/input0
[    3.139042] ACPI: Power Button [PWRF]
[    3.140482] input: Sleep Button as /devices/LNXSYSTM:00/LNXSLPBN:00/input/input1
[    3.143190] ACPI: Sleep Button [SLPF]
[    3.175330] GHES: HEST is not enabled!
[    3.176833] Serial: 8250/16550 driver, 32 ports, IRQ sharing enabled
[    3.202135] 00:02: ttyS0 at I/O 0x3f8 (irq = 4, base_baud = 115200) is a 16550A
[    3.206132] Linux agpgart interface v0.103
[    3.209066] loop: module loaded
[    3.211131] scsi host0: ata_piix
[    3.212503] scsi host1: ata_piix
[    3.213812] ata1: PATA max UDMA/33 cmd 0x1f0 ctl 0x3f6 bmdma 0xd000 irq 14
[    3.280505] ata2: PATA max UDMA/33 cmd 0x170 ctl 0x376 bmdma 0xd008 irq 15
[    3.283338] libphy: Fixed MDIO Bus: probed
[    3.284798] tun: Universal TUN/TAP device driver, 1.6
[    3.286461] tun: (C) 1999-2004 Max Krasnyansky <maxk@qualcomm.com>
[    3.288465] PPP generic driver version 2.4.2
[    3.290061] ehci_hcd: USB 2.0 'Enhanced' Host Controller (EHCI) Driver
[    3.310259] ehci-pci: EHCI PCI platform driver
[    3.311812] ehci-platform: EHCI generic platform driver
[    3.313534] ohci_hcd: USB 1.1 'Open' Host Controller (OHCI) Driver
[    3.339591] ohci-pci: OHCI PCI platform driver
[    3.385304] ohci-platform: OHCI generic platform driver
[    3.389945] uhci_hcd: USB Universal Host Controller Interface driver
[    3.391996] i8042: PNP: PS/2 Controller [PNP0303:PS2K,PNP0f03:PS2M] at 0x60,0x64 irq 1,12
[    3.395560] serio: i8042 KBD port at 0x60,0x64 irq 1
[    3.399709] serio: i8042 AUX port at 0x60,0x64 irq 12
[    3.401506] mousedev: PS/2 mouse device common for all mice
[    3.403784] input: AT Translated Set 2 keyboard as /devices/platform/i8042/serio0/input/input2
[    3.407108] rtc_cmos rtc_cmos: rtc core: registered rtc_cmos as rtc0
[    3.409209] rtc_cmos rtc_cmos: alarms up to one day, 114 bytes nvram
[    3.429845] i2c /dev entries driver
[    3.431240] device-mapper: uevent: version 1.0.3
[    3.432904] device-mapper: ioctl: 4.34.0-ioctl (2015-10-28) initialised: dm-devel@redhat.com
[    3.435863] ledtrig-cpu: registered to indicate activity on CPUs
[    3.438124] NET: Registered protocol family 10
[    3.490665] NET: Registered protocol family 17
[    3.492232] Key type dns_resolver registered
[    3.494040] registered taskstats version 1
[    3.499745] Loading compiled-in X.509 certificates
[    3.502324] Loaded X.509 cert 'Build time autogenerated kernel key: 65139e04a67245b562a838c28b5e7032abdd4348'
[    3.505641] zswap: loaded using pool lzo/zbud
[    3.541613] Key type trusted registered
[    3.602095] Key type encrypted registered
[    3.603621] AppArmor: AppArmor sha1 policy hashing enabled
[    3.605440] ima: No TPM chip found, activating TPM-bypass!
[    3.629719] ima: Allocated hash algorithm: sha1
[    3.631310] evm: HMAC attrs: 0x1
[    3.632930]   Magic number: 15:261:539
[    3.634318]   hash matches /build/linux-aUWTNP/linux-4.4.0/drivers/base/power/main.c:611
[    3.637191] tty ttyS19: hash matches
[    3.638641] rtc_cmos rtc_cmos: setting system clock to 2019-08-29 15:31:44 UTC (1567092704)
[    3.641622] BIOS EDD facility v0.16 2004-Jun-25, 0 devices found
[    3.643589] EDD information not available.
[    3.664442] Freeing unused kernel memory: 1484K
[    3.705691] Write protecting the kernel read-only data: 14336k
[    3.742616] Freeing unused kernel memory: 1616K
[    3.750043] Freeing unused kernel memory: 68K
Loading, please wait...
starting version 229
[    3.964320] random: systemd-udevd: uninitialized urandom read (16 bytes read, 3 bits of entropy available)
[    3.987487] random: udevadm: uninitialized urandom read (16 bytes read, 3 bits of entropy available)
[    4.006710] random: systemd-udevd: uninitialized urandom read (16 bytes read, 3 bits of entropy available)
[    4.009926] random: systemd-udevd: uninitialized urandom read (16 bytes read, 3 bits of entropy available)
[    4.013181] random: systemd-udevd: uninitialized urandom read (16 bytes read, 3 bits of entropy available)
[    4.019293] random: udevadm: uninitialized urandom read (16 bytes read, 3 bits of entropy available)
[    4.074430] random: systemd-udevd: uninitialized urandom read (16 bytes read, 3 bits of entropy available)
[    4.134131] random: udevadm: uninitialized urandom read (16 bytes read, 3 bits of entropy available)
[    4.141632] random: udevadm: uninitialized urandom read (16 bytes read, 3 bits of entropy available)
[    4.144830] random: systemd-udevd: uninitialized urandom read (16 bytes read, 3 bits of entropy available)
[    4.664303] e1000: Intel(R) PRO/1000 Network Driver - version 7.3.21-k8-NAPI
[    4.690429] e1000: Copyright (c) 1999-2006 Intel Corporation.
[    4.695641] Fusion MPT base driver 3.04.20
[    4.734996] Copyright (c) 1999-2008 LSI Corporation
[    4.984364] input: ImExPS/2 Generic Explorer Mouse as /devices/platform/i8042/serio1/input/input4
[    5.204068] Fusion MPT SPI Host driver 3.04.20
[    5.750339] e1000 0000:00:03.0 eth0: (PCI:33MHz:32-bit) 02:1e:e5:6d:71:21
[    5.760416] e1000 0000:00:03.0 eth0: Intel(R) PRO/1000 Network Connection
[    5.767369] e1000 0000:00:03.0 enp0s3: renamed from eth0
[    5.774360] mptbase: ioc0: Initiating bringup
[    5.838136] ioc0: LSI53C1030 A0: Capabilities={Initiator}
[    6.007190] scsi host2: ioc0: LSI53C1030 A0, FwRev=00000000h, Ports=1, MaxQ=256, IRQ=20
[    6.130647] scsi 2:0:0:0: Direct-Access     VBOX     HARDDISK         1.0  PQ: 0 ANSI: 5
[    6.144035] scsi target2:0:0: Beginning Domain Validation
[    6.147005] scsi target2:0:0: Domain Validation skipping write tests
[    6.162432] scsi target2:0:0: Ending Domain Validation
[    6.164203] scsi target2:0:0: asynchronous
[    6.166084] scsi 2:0:1:0: Direct-Access     VBOX     HARDDISK         1.0  PQ: 0 ANSI: 5
[    6.168892] scsi target2:0:1: Beginning Domain Validation
[    6.171695] scsi target2:0:1: Domain Validation skipping write tests
[    6.189647] scsi target2:0:1: Ending Domain Validation
[    6.191601] scsi target2:0:1: asynchronous
[    6.198113] sd 2:0:0:0: Attached scsi generic sg0 type 0
[    6.210000] sd 2:0:0:0: [sda] 20971520 512-byte logical blocks: (10.7 GB/10.0 GiB)
[    6.213086] sd 2:0:0:0: [sda] Write Protect is off
[    6.214836] sd 2:0:0:0: [sda] Incomplete mode parameter data
[    6.216646] sd 2:0:0:0: [sda] Assuming drive cache: write through
[    6.241635] sd 2:0:1:0: [sdb] 20480 512-byte logical blocks: (10.5 MB/10.0 MiB)
[    6.244940] sd 2:0:1:0: [sdb] Write Protect is off
[    6.246594] sd 2:0:1:0: Attached scsi generic sg1 type 0
[    6.249767] sd 2:0:1:0: [sdb] Incomplete mode parameter data
[    6.251619] sd 2:0:1:0: [sdb] Assuming drive cache: write through
[    6.307918]  sda: sda1
[    6.341228] sd 2:0:1:0: [sdb] Attached SCSI disk
[    6.343287] sd 2:0:0:0: [sda] Attached SCSI disk
Begin: Loading e[    9.048489] md: linear personality registered for level -1
ssential drivers ... [    9.123804] md: multipath personality registered for level -4
[    9.155626] md: raid0 personality registered for level 0
[    9.233517] md: raid1 personality registered for level 1
[    9.378345] raid6: sse2x1   gen()  4208 MB/s
[    9.449665] raid6: sse2x1   xor()  1996 MB/s
[    9.529758] raid6: sse2x2   gen()  2865 MB/s
[    9.628299] raid6: sse2x2   xor()  4486 MB/s
[    9.723724] raid6: sse2x4   gen()  6458 MB/s
[    9.828686] raid6: sse2x4   xor()  6390 MB/s
[    9.839706] raid6: using algorithm sse2x4 gen() 6458 MB/s
[    9.841469] raid6: .... xor() 6390 MB/s, rmw enabled
[    9.843131] raid6: using ssse3x2 recovery algorithm
[    9.868220] xor: measuring software checksum speed
[    9.988293]    prefetch64-sse: 30192.000 MB/sec
[   10.148284]    generic_sse: 26711.000 MB/sec
[   10.159749] xor: using function: prefetch64-sse (30192.000 MB/sec)
[   10.172659] async_tx: api initialized (async)
[   10.280006] md: raid6 personality registered for level 6
[   10.289986] md: raid5 personality registered for level 5
[   10.291715] md: raid4 personality registered for level 4
[   10.398411] md: raid10 personality registered for level 10
done.
Begin: Running /scripts/init-premount ... done.
Begin: Mounting root file system ... Begin: Running /scripts/local-top ... done.
Begin: Running /scripts/local-premount ... [   10.687909] Btrfs loaded
Scanning for Btrfs filesystems
done.
Warning: fsck not present, so skipping root file system
[   11.028977] EXT4-fs (sda1): mounted filesystem with ordered data mode. Opts: (null)
done.
Begin: Running /scripts/local-bottom ... done.
Begin: Running /scripts/init-bottom ... done.
[   11.906449] systemd[1]: systemd 229 running in system mode. (+PAM +AUDIT +SELINUX +IMA +APPARMOR +SMACK +SYSVINIT +UTMP +LIBCRYPTSETUP +GCRYPT +GNUTLS +ACL +XZ -LZ4 +SECCOMP +BLKID +ELFUTILS +KMOD -IDN)
[   11.913992] systemd[1]: Detected virtualization oracle.
[   11.915734] systemd[1]: Detected architecture x86-64.

Welcome to [1mUbuntu 16.04.6 LTS[0m!

[   11.998847] systemd[1]: Set hostname to <ubuntu>.
[   12.036109] systemd[1]: Initializing machine ID from random generator.
[   12.038340] systemd[1]: Installed transient /etc/machine-id file.
[   12.108096] random: nonblocking pool is initialized
[   13.246810] systemd[1]: Started Trigger resolvconf update for networkd DNS.
[[0;32m  OK  [0m] Started Trigger resolvconf update for networkd DNS.
[   13.294231] systemd[1]: Listening on udev Control Socket.
[[0;32m  OK  [0m] Listening on udev Control Socket.
[   13.297949] systemd[1]: Reached target Swap.
[[0;32m  OK  [0m] Reached target Swap.
[   13.312622] systemd[1]: Created slice User and Session Slice.
[[0;32m  OK  [0m] Created slice User and Session Slice.
[   13.317484] systemd[1]: Reached target Encrypted Volumes.
[[0;32m  OK  [0m] Reached target Encrypted Volumes.
[   13.321444] systemd[1]: Listening on Journal Audit Socket.
[[0;32m  OK  [0m] Listening on Journal Audit Socket.
[   13.325334] systemd[1]: Listening on LVM2 metadata daemon socket.
[[0;32m  OK  [0m] Listening on LVM2 metadata daemon socket.
[   13.383687] systemd[1]: Started Forward Password Requests to Wall Directory Watch.
[[0;32m  OK  [0m] Started Forward Password Requests to Wall Directory Watch.
[   13.389947] systemd[1]: Listening on udev Kernel Socket.
[[0;32m  OK  [0m] Listening on udev Kernel Socket.
[   13.393901] systemd[1]: Listening on /dev/initctl Compatibility Named Pipe.
[[0;32m  OK  [0m] Listening on /dev/initctl Compatibility Named Pipe.
[   13.398415] systemd[1]: Listening on Syslog Socket.
[[0;32m  OK  [0m] Listening on Syslog Socket.
[   13.401950] systemd[1]: Reached target User and Group Name Lookups.
[[0;32m  OK  [0m] Reached target User and Group Name Lookups.
[   13.406015] systemd[1]: Reached target System Time Synchronized.
[[0;32m  OK  [0m] Reached target System Time Synchronized.
[   13.410255] systemd[1]: Listening on Journal Socket.
[[0;32m  OK  [0m] Listening on Journal Socket.
[   13.414033] systemd[1]: Listening on Device-mapper event daemon FIFOs.
[[0;32m  OK  [0m] Listening on Device-mapper event daemon FIFOs.
[   13.441549] systemd[1]: Listening on LVM2 poll daemon socket.
[[0;32m  OK  [0m] Listening on LVM2 poll daemon socket.
[   13.483170] systemd[1]: Created slice System Slice.
[[0;32m  OK  [0m] Created slice System Slice.
[   13.490711] systemd[1]: Mounting POSIX Message Queue File System...
         Mounting POSIX Message Queue File System...
[   13.512630] systemd[1]: Starting Remount Root and Kernel File Systems...
         Starting Remount Root and Kernel File Systems...
[   13.583711] systemd[1]: Starting Monitoring of LVM2 mirrors, snapshots etc. using dmeventd or progress polling...
         [   13.631784] EXT4-fs (sda1): re-mounted. Opts: (null)
Starting Monitoring of LVM2 mirrors... dmeventd or progress polling...
[   13.644710] systemd[1]: Mounting Huge Pages File System...
         Mounting Huge Pages File System...
[   13.721677] systemd[1]: Starting Nameserver information manager...
         Starting Nameserver information manager...
[   13.791566] systemd[1]: Starting Set console keymap...
         Starting Set console keymap...
[   13.893323] systemd[1]: Created slice system-serial\x2dgetty.slice.
[[0;32m  OK  [0m] Created slice system-serial\x2dgetty.slice.
[   14.098157] systemd[1]: Starting Load Kernel Modules...
         Starting Load Kernel Modules...
[   14.147535] systemd[1]: Mounting Debug File System...
         Mounting Debug File System...
[   14.213487] systemd[1]: Starting Create list of required static device nodes for the current kernel...
         Starting Create list of required st... nodes for the current kernel...
[   14.255952] systemd[1]: Starting Uncomplicated firewall...
         Starting Uncomplicated firewall...
[   14.361506] Loading iSCSI transport class v2.0-870.
[   14.374155] systemd[1]: Reached target Slices.
[[0;32m  OK  [0m] Reached target Slices.
[   14.381532] systemd[1]: Set up automount Arbitrary Executable File Formats File System Automount Point.
[[0;32m  OK  [0m] Set up automo[   14.487070] iscsi: registered transport (tcp)
unt Arbitrary Executab...ats File System Automount Point.
[   14.626808] systemd[1]: Listening on Journal Socket (/dev/log).
[[0;32m  OK  [0m] Listening on Journal Socket (/dev/log).
[   14.685982] systemd[1]: Starting Journal Service...
         Starting Journal Service...
[   14.789436] systemd[1]: Mounted POSIX Message Queue File System.
[[0;32m  OK  [0m] Mounted POSIX Message Queue File System.
[   14.850606] systemd[1]: Mounted Huge Pages File System.
[[0;32m  OK  [0m] Mounted Huge Pages File System.
[   14.870051] systemd[1]: Mounted Debug File System.
[[0;32m  OK  [0m] Mounted Debug File System.
[   14.934534] systemd[1]: Started Remount Root and Kernel File Systems.
[[0;32m  OK  [0m] Started Remount Root and Kernel File Systems.
[   14.967598] systemd[1]: Started Set console keymap.
[[0;32m  OK  [0m] Started Set console keymap.
[   15.104653] systemd[1]: Started Create list of required static device nodes for the current kernel.
[[0;32m  OK  [0m] Started Create list of required sta...ce nodes for the current kernel.
[   15.112665] systemd[1]: Started Uncomplicated firewall.
[[0;32m  OK  [0m] Started Uncomplicated firewall.
[   15.207032] systemd[1]: Started Nameserver information manager.
[[0;32m  OK  [0m] Started Nameserver information manager.
[   15.361578] iscsi: registered transport (iser)
[   15.500053] systemd[1]: Started Load Kernel Modules.
[[0;32m  OK  [0m] Started Load Kernel Modules.
[   15.591029] systemd[1]: Started Journal Service.
[[0;32m  OK  [0m] Started Journal Service.
         Starting Apply Kernel Variables...
         Mounting FUSE Control File System...
[[0;32m  OK  [0m] Started LVM2 metadata daemon.
         Starting Create Static Device Nodes in /dev...
         Starting Flush Journal to Persistent Storage...
         Starting udev Coldplug all Devices...
         Starting Load/Save Random Seed...
[[0;32m  OK  [0m] Mounted FUSE Control File System.
[[0;32m  OK  [0m] Started Apply Kernel Variables.
[[0;32m  OK  [0m] Started Flush Journal to Persistent Storage.
[[0;32m  OK  [0m] Started Load/Save Random Seed.
[[0;32m  OK  [0m] Started Create Static Device Nodes in /dev.
         Starting udev Kernel Device Manager...
[[0;32m  OK  [0m] Started Monitoring of LVM2 mirrors,...ng dmeventd or progress polling.
[[0;32m  OK  [0m] Reached target Local File Systems (Pre).
[[0;32m  OK  [0m] Reached target Local File Systems.
         Starting Create Volatile Files and Directories...
         Starting Tell Plymouth To Write Out Runtime Data...
         Starting Set console font and keymap...
         Starting Initial cloud-init job (pre-networking)...
         Starting LSB: AppArmor initialization...
         Starting Commit a transient machine-id on disk...
[[0;32m  OK  [0m] Started udev Kernel Device Manager.
[[0;32m  OK  [0m] Started Create Volatile Files and Directories.
[[0;32m  OK  [0m] Started Tell Plymouth To Write Out Runtime Data.
         Starting Update UTMP about System Boot/Shutdown...
[[0;32m  OK  [0m] Started Commit a transient machine-id on disk.
[[0;32m  OK  [0m] Started Update UTMP about System Boot/Shutdown.
[[0;32m  OK  [0m] Started udev Coldplug all Devices.
[[0;32m  OK  [0m] Started Dispatch Password Requests to Console Directory Watch.
[[0;32m  OK  [0m] Found device /dev/ttyS0.
[[0;32m  OK  [0m] Listening on Load/Save RF Kill Switch Status /dev/rfkill Watch.
[[0;32m  OK  [0m] Started LSB: AppArmor initialization.
[[0;32m  OK  [0m] Started Set console font and keymap.
[[0;32m  OK  [0m] Created slice system-getty.slice.
[   28.682672] cloud-init[462]: Cloud-init v. 19.1-1-gbaa47854-0ubuntu1~16.04.1 running 'init-local' at Thu, 29 Aug 2019 15:32:08 +0000. Up 25.73 seconds.
[[0;32m  OK  [0m] Started Initial cloud-init job (pre-networking).
[[0;32m  OK  [0m] Reached target Network (Pre).
         Starting Raise network interfaces...
[[0;32m  OK  [0m] Started Raise network interfaces.
[[0;32m  OK  [0m] Reached target Network.
         Starting Initial cloud-init job (metadata service crawler)...
[   36.229494] cloud-init[940]: Cloud-init v. 19.1-1-gbaa47854-0ubuntu1~16.04.1 running 'init' at Thu, 29 Aug 2019 15:32:15 +0000. Up 32.48 seconds.
[   36.390802] cloud-init[940]: ci-info: ++++++++++++++++++++++++++++++++++++++Net device info++++++++++++++++++++++++++++++++++++++
[   36.405475] cloud-init[940]: ci-info: +--------+------+----------------------------+---------------+--------+-------------------+
[   36.412262] cloud-init[940]: ci-info: | Device |  Up  |          Address           |      Mask     | Scope  |     Hw-Address    |
[   36.426252] cloud-init[940]: ci-info: +--------+------+----------------------------+---------------+--------+-------------------+
[   36.437544] cloud-init[940]: ci-info: | enp0s3 | True |         10.0.2.15          | 255.255.255.0 | global | 02:1e:e5:6d:71:21 |
[   36.455505] cloud-init[940]: ci-info: | enp0s3 | True | fe80::1e:e5ff:fe6d:7121/64 |       .       |  link  | 02:1e:e5:6d:71:21 |
[   36.473693] cloud-init[940]: ci-info: |   lo   | True |         127.0.0.1          |   255.0.0.0   |  host  |         .         |
[   36.487452] cloud-init[940]: ci-info: |   lo   | True |          ::1/128           |       .       |  host  |         .         |
[   36.514346] cloud-init[940]: ci-info: +--------+------+----------------------------+---------------+--------+-------------------+
[   36.536145] cloud-init[940]: ci-info: +++++++++++++++++++++++++++Route IPv4 info++++++++++++++++++++++++++++
[   36.569476] cloud-init[940]: ci-info: +-------+-------------+----------+---------------+-----------+-------+
[[0;32m  OK  [0m] Started Initial cloud-init job (metadata service crawler).
[   36.582296] cloud-init[940]: ci-info: | Route | Destination | Gateway  |    Genmask    | Interface | Flags |
[   36.608955] cloud-init[940]: ci-info: +-------+-------------+----------+---------------+-----------+-------+
[[0;32m  OK  [0m] Reached target Cloud-config availability.
[   36.614292] cloud-init[940]: ci-info: |   0   |   0.0.0.0   | 10.0.2.2 |    0.0.0.0    |   enp0s3  |   UG  |
[[0;32m  OK  [0m] Reached target System Initialization.
[   36.637620] cloud-init[940]: ci-info: |   1   |   10.0.2.0  | 0.0.0.0  | 255.255.255.0 |   enp0s3  |   U   |
[   36.682180] cloud-init[940]: ci-info: +-------+-------------+----------+---------------+-----------+-------+
[   36.685348] cloud-init[940]: ci-info: +++++++++++++++++++Route IPv6 info+++++++++++++++++++
[[   36.724412] cloud-init[940]: ci-info: +-------+-------------+---------+-----------+-------+
[   36.726629] cloud-init[940]: ci-info: | Route | Destination | Gateway | Interface | Flags |
[   36.727127] cloud-init[940]: ci-info: +-------+-------------+---------+-----------+-------+
[   36.727425] cloud-init[940]: ci-info: |   0   |  fe80::/64  |    ::   |   enp0s3  |   U   |
[   36.727660] cloud-init[940]: ci-info: |   4   |   ff00::/8  |    ::   |   enp0s3  |   U   |
[   36.727899] cloud-init[940]: ci-info: +-------+-------------+---------+-----------+-------+
[   36.728254] cloud-init[940]: Generating public/private rsa key pair.
[   36.728486] cloud-init[940]: Your identification has been saved in /etc/ssh/ssh_host_rsa_key.
[0;32m  OK  [0m] Started ACPI Events Check.
[   36.736571] cloud-init[940]: Your public key has been saved in /etc/ssh/ssh_host_rsa_key.pub.
[   36.736816] cloud-init[940]: The key fingerprint is:
[   36.737037] cloud-init[940]: SHA256:5necZEr+E7UyRaRZLomgCe7JYcpTexyG4R8QiG4Ppo4 root@ubuntu-xenial
[   36.737257] cloud-init[940]: The key's randomart image is:
[   36.737559] cloud-init[940]: +---[RSA 2048]----+
[   36.737973] cloud-init[940]: | . .=.  .    .o  |
[   36.738252] cloud-init[940]: |. .o = o . . *.  |
[   36.739168] cloud-init[940]: |.   B *   . =..  |
[   36.739424] cloud-init[940]: | * * B o     .o  |
[   36.739655] cloud-init[940]: |+ * = + S . oo . |
[   36.739885] cloud-init[940]: |.  o . o o =+..  |
[   36.740113] cloud-init[940]: |o       . + ++   |
[   36.740338] cloud-init[940]: |E.       . o.    |
[   36.740587] cloud-init[940]: |            ..   |
[   36.740875] cloud-init[940]: +----[SHA256]-----+
[   36.741101] cloud-init[940]: Generating public/private dsa key pair.
[   36.741334] cloud-init[940]: Your identification has been saved in /etc/ssh/ssh_host_dsa_key.
[   36.741563] cloud-init[940]: Your public key has been saved in /etc/ssh/ssh_host_dsa_key.pub.
[   36.741809] cloud-init[940]: The key fingerprint is:
[[0;32m  OK  [0m] Reached target Paths.
[[0;32m  OK  [0m] Started Daily apt download activities.
[[0;32m  OK  [0m] Started Daily apt upgrade and clean activities.
[   36.742045] cloud-init[940]: SHA256:KZJ/DL6+rcvruR4W/nBxxLbJMXZj/xZU4NF5W/EsNKw root@ubuntu-xenial
[   36.881745] cloud-init[940]: The key's randomart image is:
         Starting Socket activation for snappy daemon.
[[0;32m  OK  [0m] Listening on UUID daemon activation socket.
[   36.887869] cloud-init[940]: +---[DSA 1024]----+
[   36.940968] cloud-init[940]: |             .=++|
         Starting LXD - unix socket.
[   36.944342] cloud-init[940]: |         .   o.=*|
[[0;32m  OK  [0m] Listening on ACPID Listen Socket.
[   36.971163] cloud-init[940]: |          B +.o.*|
[[0;32m  OK  [0m] Started Daily Cleanup of Temporary Directories.[   36.977476] cloud-init[940]: |     .   * BEo.o |
[   36.979805] 
[[0;32m  OK  [0m] Reached target Timers.
[[0;32m  OK  [0m] cloud-init[940]: |    o + S =   .. |
[   36.985947] cloud-init[940]: |     = = o     ..|
[   36.988237] Listening on D-Bus System Message Bus Socket.
[[0;32m  OK  [0m] Reached target Network is Online.cloud-init[940]: |      B +       o|
[   36.994372] cloud-init[940]: |     o X       . |

[   37.001101] cloud-init[940]: |     +&*o        |
         [   37.012576] cloud-init[940]: +----[SHA256]-----+
[   37.015148] cloud-init[940]: Generating public/private ecdsa key pair.
[   37.023930] Starting iSCSI initiator daemon (iscsid)...
[cloud-init[940]: Your identification has been saved in /etc/ssh/ssh_host_ecdsa_key.
[0;32m  OK  [0m] Listening on Socket activation for snappy daemon.
[[0;32m  OK  [0m[   37.089852] cloud-init[940]: Your public key has been saved in /etc/ssh/ssh_host_ecdsa_key.pub.
[   37.100657] cloud-init[940]: The key fingerprint is:
[   37.103266] cloud-init] Listening on LXD - unix socket.
[940]: SHA256:lWtbaYmOW0ymkff2So5qRvE5Ig1OcZ7BUwfj/0FUqaQ root@ubuntu-xenial
[[0;32m  OK  [0m] Reached target Sockets.
[[0;32m  OK  [0m] Reached target Basic System.
[   37.155446] cloud-init[940]: The key's randomart image is:
[[0;32m  OK  [0m] Started ACPI event daemon.
[   37.252563] cloud-init[940]: +---[ECDSA 256]---+
[[0;32m  OK  [0m] Started Deferred execution scheduler.
[   37.292331] cloud-init[940]: |       . .+.. ..o|
         Starting LSB: MD monitoring daemon...
[   37.329414] cloud-init[940]: |      . =. + o . |
[   37.379680] cloud-init[940]: |       + ++ o o  |
[   37.382442] cloud-init[940]: |      o +o E =   |
[   37.413118] cloud-init[940]: |     o oSoB.* .  |
         Starting Login Service...
[   37.431478] [cloud-init[0;32m  OK  [0m] Started FUSE filesystem for LXC.
[[0;32m  OK  [0m] Started D-Bus System Message Bus.
[940]: |      o +@+= . . |
[   37.595462] cloud-init[940]: |       oo.=.+ .  |
[   37.597713] cloud-init[940]: |        oo = .   |
[   37.601399] cloud-init[940]: |       oo.. o..  |
[   37.603543] cloud-init[940]: +----[SHA256]-----+
[   37.609132] cloud-init[940]: Generating public/private ed25519 key pair.
[   37.615190] cloud-init[940]: Your identification has been saved in /etc/ssh/ssh_host_ed25519_key.
[   37.618048] cloud-init[940]: Your public key has been saved in /etc/ssh/ssh_host_ed25519_key.pub.
[   37.623811] cloud-init[940]: The key fingerprint is:
[   37.632466] cloud-init[940]: SHA256:j5CjtxWb0vG7P12rO1iGci/7lcvPu8/91OAvB1J8HcY root@ubuntu-xenial
[   37.639102] cloud-init[940]: The key's randomart image is:
[   37.641702] cloud-init[940]: +--[ED25519 256]--+
[   37.644507] cloud-init[940]: |              .  |
[   37.652480] cloud-init[940]: |               E |
[   37.655525] cloud-init[940]: |             .. o|
[   37.658588] cloud-init[940]: |       .      o o|
[   37.661635] cloud-init[940]: |      + S   .... |
[   37.663817] cloud-init[940]: |     . + X o.+..+|
[   37.666039] cloud-init[940]: |    . o * = =o.=+|
[   37.669022] cloud-init[940]: |     . +   +.o=*+|
[   37.673128] cloud-init[940]: |      .   o+==+B#|
[   37.677664] cloud-init[940]: +----[SHA256]-----+
         Starting LSB: Record successful boot for GRUB...
[[0;32m  OK  [0m] Started Regular background program processing daemon.
         Starting Virtualbox guest utils...
         Starting LXD - container startup/shutdown...
         Starting System Logging Service...
         Starting /etc/rc.local Compatibility...
         Starting Accounts Service...
         Starting Pollinate to seed the pseudo random number generator...
         Starting Snappy daemon...
[[0;32m  OK  [0m] Started /etc/rc.local Compatibility.
[[0;32m  OK  [0m] Started iSCSI initiator daemon (iscsid).
         Starting Login to default iSCSI targets...
[[0;32m  OK  [0m] Started Login Service.
[[0;32m  OK  [0m] Started Unattended Upgrades Shutdown.
[[0;32m  OK  [0m] Started System Logging Service.
[[0;32m  OK  [0m] Started LSB: MD monitoring daemon.
[[0;32m  OK  [0m] Started LSB: Record successful boot for GRUB.
[[0;32m  OK  [0m] Started Login to default iSCSI targets.
[[0;32m  OK  [0m] Reached target Remote File Systems (Pre).
[[0;32m  OK  [0m] Reached target Remote File Systems.
         Starting LSB: daemon to balance interrupts for SMP systems...
         Starting LSB: automatic crash report generation...
         Starting LSB: Set the CPU Frequency Scaling governor to "ondemand"...
         Starting Permit User Sessions...
[[0;32m  OK  [0m] Started Permit User Sessions.
         Starting Terminate Plymouth Boot Screen...
         Starting Hold until boot process finishes up...
[[0;32m  OK  [0m] Started Terminate Plymouth Boot Screen.
[[0;32m  OK  [0m] Started Hold until boot process finishes up.
         Starting Set console scheme...
[[0;32m  OK  [0m] Started Serial Getty on ttyS0.
[[0;32m  OK  [0m] Started Getty on tty1.
[[0;32m  OK  [0m] Reached target Login Prompts.
         Starting Authenticate and Authorize Users to Run Privileged Tasks...
[[0;32m  OK  [0m] Started Set console scheme.
[[0;32m  OK  [0m] Started LSB: Set the CPU Frequency Scaling governor to "ondemand".
[[0;32m  OK  [0m] Started LSB: automatic crash report generation.
[[0;32m  OK  [0m] Started LSB: daemon to balance interrupts for SMP systems.
[[0;32m  OK  [0m] Started Authenticate and Authorize Users to Run Privileged Tasks.
[[0;32m  OK  [0m] Started Accounts Service.
[[0;32m  OK  [0m] Started LXD - container startup/shutdown.
[[0;32m  OK  [0m] Started Virtualbox guest utils.
[[0;32m  OK  [0m] Started Snappy daemon.
         Starting Wait until snapd is fully seeded...
[[0;32m  OK  [0m] Started Pollinate to seed the pseudo random number generator.
         Starting OpenBSD Secure Shell server...

Ubuntu 16.04.6 LTS ubuntu-xenial ttyS0

ubuntu-xenial login: [   53.371641] cloud-init[1381]: Generating locales (this might take a while)...
[   59.096974] cloud-init[1381]:   en_US.UTF-8... done
[   59.102854] cloud-init[1381]: Generation complete.
[   62.789193] cloud-init[1381]: Cloud-init v. 19.1-1-gbaa47854-0ubuntu1~16.04.1 running 'modules:config' at Thu, 29 Aug 2019 15:32:34 +0000. Up 52.11 seconds.
ci-info: no authorized ssh keys fingerprints found for user ubuntu.
<14>Aug 29 15:32:48 ec2: 
<14>Aug 29 15:32:48 ec2: #############################################################
<14>Aug 29 15:32:48 ec2: -----BEGIN SSH HOST KEY FINGERPRINTS-----
<14>Aug 29 15:32:48 ec2: 1024 SHA256:KZJ/DL6+rcvruR4W/nBxxLbJMXZj/xZU4NF5W/EsNKw root@ubuntu-xenial (DSA)
<14>Aug 29 15:32:48 ec2: 256 SHA256:lWtbaYmOW0ymkff2So5qRvE5Ig1OcZ7BUwfj/0FUqaQ root@ubuntu-xenial (ECDSA)
<14>Aug 29 15:32:48 ec2: 256 SHA256:j5CjtxWb0vG7P12rO1iGci/7lcvPu8/91OAvB1J8HcY root@ubuntu-xenial (ED25519)
<14>Aug 29 15:32:48 ec2: 2048 SHA256:5necZEr+E7UyRaRZLomgCe7JYcpTexyG4R8QiG4Ppo4 root@ubuntu-xenial (RSA)
<14>Aug 29 15:32:48 ec2: -----END SSH HOST KEY FINGERPRINTS-----
<14>Aug 29 15:32:48 ec2: #############################################################
-----BEGIN SSH HOST KEY KEYS-----
ecdsa-sha2-nistp256 AAAAE2VjZHNhLXNoYTItbmlzdHAyNTYAAAAIbmlzdHAyNTYAAABBBJrSUM8s1HVm1iQYV09qdUSW7hwcFIQ6n170cHdddjzSaNz7dC+UV62u1C+M08El9C8IZHRBZEE4Zm5Pup3Fd/A= root@ubuntu-xenial
ssh-ed25519 AAAAC3NzaC1lZDI1NTE5AAAAIMUbg0kl7OVc+XlmLrwq1NXJJf+sNNkh2EPFRp3lSYb1 root@ubuntu-xenial
ssh-rsa AAAAB3NzaC1yc2EAAAADAQABAAABAQCy2HWGpTPllZCcsIaidsqXrI8ANzq7Kmp2CrIbnOrkf1JdiWtuz+6OLLjKeT9acUF67lyT5qlLqavTwqdV8WMI6EKPmQ7DS/r0uKSttC7Zizgs+nDOPRFwFCpUuZJfxLAjtQuiVbn5vSOE+KYwwOstlwRgHFtawvSEvELE2P6pQvj26aFqBlS3+dnQ7pfM5NSC/HGbHVwiTgnTbHEU3yltYnnPF+VpdEGJyPaAEl6wx1fwQ0UqGUMVQUG06Cxr2+NIijVBykf9DQ2TKqCiu4o3ZoMoZUrfrbf3ohdPC3b/wwPr4fnaUmfahmwSfNlh9OqXqc8zB78hn96VxWHO+tyV root@ubuntu-xenial
-----END SSH HOST KEY KEYS-----
[   65.687691] cloud-init[1585]: Cloud-init v. 19.1-1-gbaa47854-0ubuntu1~16.04.1 running 'modules:final' at Thu, 29 Aug 2019 15:32:47 +0000. Up 64.54 seconds.
[   65.688480] cloud-init[1585]: ci-info: no authorized ssh keys fingerprints found for user ubuntu.
[   65.689106] cloud-init[1585]: Cloud-init v. 19.1-1-gbaa47854-0ubuntu1~16.04.1 finished at Thu, 29 Aug 2019 15:32:48 +0000. Datasource DataSourceNoCloud [seed=/dev/sdb][dsmode=net].  Up 65.59 seconds
