[    0.000000] Initializing cgroup subsys cpuset
[    0.000000] Initializing cgroup subsys cpu
[    0.000000] Initializing cgroup subsys cpuacct
[    0.000000] Linux version 4.4.0-154-generic (buildd@lgw01-amd64-049) (gcc version 5.4.0 20160609 (Ubuntu 5.4.0-6ubuntu1~16.04.10) ) #181-Ubuntu SMP Tue Jun 25 05:29:03 UTC 2019 (Ubuntu 4.4.0-154.181-generic 4.4.179)
[    0.000000] Command line: BOOT_IMAGE=/boot/vmlinuz-4.4.0-154-generic root=LABEL=cloudimg-rootfs ro console=tty1 console=ttyS0
[    0.000000] KERNEL supported cpus:
[    0.000000]   Intel GenuineIntel
[    0.000000]   AMD AuthenticAMD
[    0.000000]   Centaur CentaurHauls
[    0.000000] x86/fpu: Legacy x87 FPU detected.
[    0.000000] e820: BIOS-provided physical RAM map:
[    0.000000] BIOS-e820: [mem 0x0000000000000000-0x000000000009fbff] usable
[    0.000000] BIOS-e820: [mem 0x000000000009fc00-0x000000000009ffff] reserved
[    0.000000] BIOS-e820: [mem 0x00000000000f0000-0x00000000000fffff] reserved
[    0.000000] BIOS-e820: [mem 0x0000000000100000-0x000000002cfeffff] usable
[    0.000000] BIOS-e820: [mem 0x000000002cff0000-0x000000002cffffff] ACPI data
[    0.000000] BIOS-e820: [mem 0x00000000fec00000-0x00000000fec00fff] reserved
[    0.000000] BIOS-e820: [mem 0x00000000fee00000-0x00000000fee00fff] reserved
[    0.000000] BIOS-e820: [mem 0x00000000fffc0000-0x00000000ffffffff] reserved
[    0.000000] NX (Execute Disable) protection: active
[    0.000000] SMBIOS 2.5 present.
[    0.000000] Hypervisor detected: KVM
[    0.000000] e820: last_pfn = 0x2cff0 max_arch_pfn = 0x400000000
[    0.000000] MTRR: Disabled
[    0.000000] x86/PAT: MTRRs disabled, skipping PAT initialization too.
[    0.000000] CPU MTRRs all blank - virtualized system.
[    0.000000] x86/PAT: Configuration [0-7]: WB  WT  UC- UC  WB  WT  UC- UC  
[    0.000000] found SMP MP-table at [mem 0x0009fff0-0x0009ffff] mapped at [ffff88000009fff0]
[    0.000000] Scanning 1 areas for low memory corruption
[    0.000000] RAMDISK: [mem 0x2b8be000-0x2c738fff]
[    0.000000] ACPI: Early table checksum verification disabled
[    0.000000] ACPI: RSDP 0x00000000000E0000 000024 (v02 VBOX  )
[    0.000000] ACPI: XSDT 0x000000002CFF0030 00003C (v01 VBOX   VBOXXSDT 00000001 ASL  00000061)
[    0.000000] ACPI: FACP 0x000000002CFF00F0 0000F4 (v04 VBOX   VBOXFACP 00000001 ASL  00000061)
[    0.000000] ACPI: DSDT 0x000000002CFF0470 0021FF (v02 VBOX   VBOXBIOS 00000002 INTL 20180105)
[    0.000000] ACPI: FACS 0x000000002CFF0200 000040
[    0.000000] ACPI: FACS 0x000000002CFF0200 000040
[    0.000000] ACPI: APIC 0x000000002CFF0240 000054 (v02 VBOX   VBOXAPIC 00000001 ASL  00000061)
[    0.000000] ACPI: SSDT 0x000000002CFF02A0 0001CC (v01 VBOX   VBOXCPUT 00000002 INTL 20180105)
[    0.000000] No NUMA configuration found
[    0.000000] Faking a node at [mem 0x0000000000000000-0x000000002cfeffff]
[    0.000000] NODE_DATA(0) allocated [mem 0x2cfeb000-0x2cfeffff]
[    0.000000] kvm-clock: Using msrs 4b564d01 and 4b564d00
[    0.000000] kvm-clock: cpu 0, msr 0:2cfe3001, primary cpu clock
[    0.000000] kvm-clock: using sched offset of 6125994550 cycles
[    0.000000] clocksource: kvm-clock: mask: 0xffffffffffffffff max_cycles: 0x1cd42e4dffb, max_idle_ns: 881590591483 ns
[    0.000000] Zone ranges:
[    0.000000]   DMA      [mem 0x0000000000001000-0x0000000000ffffff]
[    0.000000]   DMA32    [mem 0x0000000001000000-0x000000002cfeffff]
[    0.000000]   Normal   empty
[    0.000000]   Device   empty
[    0.000000] Movable zone start for each node
[    0.000000] Early memory node ranges
[    0.000000]   node   0: [mem 0x0000000000001000-0x000000000009efff]
[    0.000000]   node   0: [mem 0x0000000000100000-0x000000002cfeffff]
[    0.000000] Initmem setup node 0 [mem 0x0000000000001000-0x000000002cfeffff]
[    0.000000] ACPI: PM-Timer IO Port: 0x4008
[    0.000000] IOAPIC[0]: apic_id 1, version 32, address 0xfec00000, GSI 0-23
[    0.000000] ACPI: INT_SRC_OVR (bus 0 bus_irq 0 global_irq 2 dfl dfl)
[    0.000000] ACPI: INT_SRC_OVR (bus 0 bus_irq 9 global_irq 9 low level)
[    0.000000] Using ACPI (MADT) for SMP configuration information
[    0.000000] smpboot: Allowing 1 CPUs, 0 hotplug CPUs
[    0.000000] PM: Registered nosave memory: [mem 0x00000000-0x00000fff]
[    0.000000] PM: Registered nosave memory: [mem 0x0009f000-0x0009ffff]
[    0.000000] PM: Registered nosave memory: [mem 0x000a0000-0x000effff]
[    0.000000] PM: Registered nosave memory: [mem 0x000f0000-0x000fffff]
[    0.000000] e820: [mem 0x2d000000-0xfebfffff] available for PCI devices
[    0.000000] Booting paravirtualized kernel on KVM
[    0.000000] clocksource: refined-jiffies: mask: 0xffffffff max_cycles: 0xffffffff, max_idle_ns: 7645519600211568 ns
[    0.000000] setup_percpu: NR_CPUS:512 nr_cpumask_bits:512 nr_cpu_ids:1 nr_node_ids:1
[    0.000000] PERCPU: Embedded 34 pages/cpu @ffff88002cc00000 s99480 r8192 d31592 u2097152
[    0.000000] Built 1 zonelists in Node order, mobility grouping on.  Total pages: 181304
[    0.000000] Policy zone: DMA32
[    0.000000] Kernel command line: BOOT_IMAGE=/boot/vmlinuz-4.4.0-154-generic root=LABEL=cloudimg-rootfs ro console=tty1 console=ttyS0
[    0.000000] PID hash table entries: 4096 (order: 3, 32768 bytes)
[    0.000000] Memory: 690668K/736824K available (8613K kernel code, 1335K rwdata, 4028K rodata, 1484K init, 1284K bss, 46156K reserved, 0K cma-reserved)
[    0.000000] SLUB: HWalign=64, Order=0-3, MinObjects=0, CPUs=1, Nodes=1
[    0.000000] Kernel/User page tables isolation: enabled
[    0.000000] Hierarchical RCU implementation.
[    0.000000] 	Build-time adjustment of leaf fanout to 64.
[    0.000000] 	RCU restricting CPUs from NR_CPUS=512 to nr_cpu_ids=1.
[    0.000000] RCU: Adjusting geometry for rcu_fanout_leaf=64, nr_cpu_ids11
[    0.000000] NR_IRQS:33024 nr_irqs:256 16
[    0.000000] Console: colour VGA+ 80x25
[    0.000000] console [tty1] enabled
[    0.000000] console [ttyS0] enabled
[    0.000000] tsc: Detected 2992.480 MHz processor
[    0.569289] Calibrating delay loop (skipped) preset value.. 5984.96 BogoMIPS (lpj=11969920)
[    0.572295] pid_max: default: 32768 minimum: 301
[    0.573888] ACPI: Core revision 20150930
[    0.585618] ACPI: 2 ACPI AML tables successfully acquired and loaded
[    0.658304] Security Framework initialized
[    0.666754] Yama: becoming mindful.
[    0.669403] AppArmor: AppArmor initialized
[    0.672500] Dentry cache hash table entries: 131072 (order: 8, 1048576 bytes)
[    0.720782] Inode-cache hash table entries: 65536 (oreer: 7, 524288 bytes)
[    0.744845] Mount-cache hash table entries: 2048 (order: 2, 16384 bytes)
[    0.746881] Mountpoint-cache hash table entries: 2048 (order: 2, 16384 bytes)
[    0.749479] Initializing cgroup subsys io
[    0.750948] Initializing cgroup subsys memory
[    0.752461] Initializing cgroup subsys devices
[    0.754024] Initializing cgroup subsys freezer
[    0.755559] Initializing cgroup subsys net_cls
[    0.757123] Initializing cgroup subsys perf_event
[    0.758717] Initializing cgroup subsys net_prio
[    0.760298] Initializing cgroup subsys hugetlb
[    0.761827] Initializing cgroup subsys pids
[    0.763458] mce: CPU supports 0 MCE banks
[    0.764934] process: using mwait in idle threads
[    0.766563] Last level iTLB entries: 4KB 128, 2MB 4, 4MB 4
[    0.774493] Last level dTLB entries: 4KB 256, 2MB 0, 4MB 32, 1GB 0
[    0.776412] Spectre V2 : Mitigation: Full generic retpoline
[    0.778243] Spectre V2 : Spectre v2 / SpectreRSB mitigation: Filling RSB on context switch
[    0.781100] Speculative Store Bypass: Vulnerable
[    0.783565] MDS: Vulnerable: Clear CPU buffers attempted, no microcode
[    1.277925] Freeing SMP alternatives memory: 36K
[    1.311730] ftrace: allocating 32299 entries in 127 pages
[    1.406250] smpboot: APIC(0) Converting physical 0 to logical package 0
[    1.415416] smpboot: Max logical packages: 1
[    1.455495] x2apic enabled
[    1.457164] Switched APIC routing to physical x2apic.
[    1.461168] ..TIMER: vector=0x30 apic1=0 pin1=2 apic2=-1 pin2=-1
[    1.464582] APIC calibration not consistent with PM-Timer: 200ms instead of 100ms
[    1.557110] APIC delta adjusted to PM-Timer: 6249975 (12500684)
[    1.565361] smpboot: CPU0: Intel(R) Core(TM)2 Duo CPU     E8400  @ 3.00GHz (family: 0x6, model: 0x17, stepping: 0xa)
[    1.569063] Performance Events: unsupported p6 CPU model 23 no PMU driver, software events only.
[    1.695307] KVM setup paravirtual spinlock
[    1.708799] x86: Booted up 1 node, 1 CPUs
[    1.724823] smpboot: Total of 1 processors activated (5984.96 BogoMIPS)
[    1.765735] devtmpfs: initialized
[    1.769771] evm: security.selinux
[    1.771107] evm: security.SMACK64
[    1.772378] evm: security.SMACK64EXEC
[    1.783303] evm: security.SMACK64TRANSMUTE
[    1.787925] evm: security.SMACK64MMAP
[    1.793269] evm: security.ima
[    1.798424] evm: security.capability
[    1.824600] clocksource: jiffies: mask: 0xffffffff max_cycles: 0xffffffff, max_idle_ns: 7645041785100000 ns
[    1.827843] futex hash table entries: 256 (order: 2, 16384 bytes)
[    1.829882] pinctrl core: initialized pinctrl subsystem
[    1.831790] RTC time: 16:26:06, date: 08/22/19
[    1.833612] NET: Registered protocol family 16
[    1.835410] cpuidle: using governor ladder
[    1.870252] cpuidle: using governor menu
[    1.871669] PCCT header not found.
[    1.873014] ACPI: bus type PCI registered
[    1.874447] acpiphp: ACPI Hot Plug PCI Controller Driver version: 0.5
[    1.885108] PCI: Using configuration type 1 for base access
[    1.888504] ACPI: Added _OSI(Module Device)
[    1.889990] ACPI: Added _OSI(Processor Device)
[    1.894787] ACPI: Added _OSI(3.0 _SCP Extensions)
[    1.904524] ACPI: Added _OSI(Processor Aggregator Device)
[    1.907030] ACPI: Executed 1 blocks of module-level executable AML code
[    1.911559] ACPI: Interpreter enabled
[    1.912921] ACPI: (supports S0 S5)
[    1.914228] ACPI: Using IOAPIC for interrupt routing
[    1.916064] PCI: Using host bridge windows from ACPI; if necessary, use "pci=nocrs" and report a bug
[    1.923547] ACPI: PCI Root Bridge [PCI0] (domain 0000 [bus 00-ff])
[    1.925472] acpi PNP0A03:00: _OSC: OS supports [ASPM ClockPM Segments MSI]
[    1.975145] acpi PNP0A03:00: _OSC: not requesting OS control; OS requires [ExtendedConfig ASPM ClockPM MSI]
[    1.978334] acpi PNP0A03:00: fail to add MMCONFIG information, can't access extended PCI configuration space under this bridge.
[    1.982270] PCI host bridge to bus 0000:00
[    1.983727] pci_bus 0000:00: root bus resource [io  0x0000-0x0cf7 window]
[    1.985790] pci_bus 0000:00: root bus resource [io  0x0d00-0xffff window]
[    1.987862] pci_bus 0000:00: root bus resource [mem 0x000a0000-0x000bffff window]
[    1.990534] pci_bus 0000:00: root bus resource [mem 0x2d000000-0xfdffffff window]
[    1.993203] pci_bus 0000:00: root bus resource [bus 00-ff]
[    1.997345] pci 0000:00:01.1: legacy IDE quirk: reg 0x10: [io  0x01f0-0x01f7]
[    2.005344] pci 0000:00:01.1: legacy IDE quirk: reg 0x14: [io  0x03f6]
[    2.007356] pci 0000:00:01.1: legacy IDE quirk: reg 0x18: [io  0x0170-0x0177]
[    2.015129] pci 0000:00:01.1: legacy IDE quirk: reg 0x1c: [io  0x0376]
[    2.037462] pci 0000:00:07.0: quirk: [io  0x4000-0x403f] claimed by PIIX4 ACPI
[    2.078442] pci 0000:00:07.0: quirk: [io  0x4100-0x410f] claimed by PIIX4 SMB
[    2.092055] ACPI: PCI Interrupt Link [LNKA] (IRQs 5 9 10 *11)
[    2.094838] ACPI: PCI Interrupt Link [LNKB] (IRQs 5 9 *10 11)
[    2.097346] ACPI: PCI Interrupt Link [LNKC] (IRQs 5 *9 10 11)
[    2.121419] ACPI: PCI Interrupt Link [LNKD] (IRQs 5 9 10 *11)
[    2.124029] ACPI: Enabled 2 GPEs in block 00 to 07
[    2.126550] vgaarb: setting as boot device: PCI:0000:00:02.0
[    2.128360] vgaarb: device added: PCI:0000:00:02.0,decodes=io+mem,owns=io+mem,locks=none
[    2.131182] vgaarb: loaded
[    2.132340] vgaarb: bridge control possible 0000:00:02.0
[    2.134873] SCSI subsystem initialized
[    2.136662] ACPI: bus type USB registered
[    2.138168] usbcore: registered new interface driver usbfs
[    2.139944] usbcore: registered new interface driver hub
[    2.144333] usbcore: registered new device driver usb
[    2.146305] PCI: Using ACPI for IRQ routing
[    2.235076] NetLabel: Initializing
[    2.236419] NetLabel:  domain hash size = 128
[    2.237914] NetLabel:  protocols = UNLABELED CIPSOv4
[    2.244801] NetLabel:  unlabeled traffic allowed by default
[    2.246935] amd_nb: Cannot enumerate AMD northbridges
[    2.279196] clocksource: Switched to clocksource kvm-clock
[    2.292747] AppArmor: AppArmor Filesystem Enabled
[    2.305115] pnp: PnP ACPI init
[    2.308216] pnp: PnP ACPI: found 3 devices
[    2.317066] clocksource: acpi_pm: mask: 0xffffff max_cycles: 0xffffff, max_idle_ns: 2085701024 ns
[    2.326486] NET: Registered protocol family 2
[    2.328486] TCP established hash table entries: 8192 (order: 4, 65536 bytes)
[    2.330660] TCP bind hash table entries: 8192 (order: 5, 131072 bytes)
[    2.332742] TCP: Hash tables configured (established 8192 bind 8192)
[    2.334769] UDP hash table entries: 512 (order: 2, 16384 bytes)
[    2.344650] UDP-Lite hash table entries: 512 (order: 2, 16384 bytes)
[    2.346709] NET: Registered protocol family 1
[    2.378766] pci 0000:00:00.0: Limiting direct PCI/PCI transfers
[    2.380734] pci 0000:00:01.0: Activating ISA DMA hang workarounds
[    2.405086] Unpacking initramfs...
[    2.744246] Freeing initrd memory: 14828K
[    2.795448] clocksource: tsc: mask: 0xffffffffffffffff max_cycles: 0x2b2285792ea, max_idle_ns: 440795280120 ns
[    2.798748] platform rtc_cmos: registered platform RTC device (no PNP device found)
[    2.801573] Scanning for low memory corruption every 60 seconds
[    2.803879] audit: initializing netlink subsys (disabled)
[    2.805662] audit: type=2000 audit(1566491173.703:1): initialized
[    2.807949] Initialise system trusted keyring
[    2.814529] HugeTLB registered 2 MB page size, pre-allocated 0 pages
[    2.818117] zbud: loaded
[    2.834772] VFS: Disk quotas dquot_6.6.0
[    2.837409] VFS: Dquot-cache hash table entries: 512 (order 0, 4096 bytes)
[    2.844996] squashfs: version 4.0 (2009/01/31) Phillip Lougher
[    2.860576] fuse init (API version 7.23)
[    2.897413] Key type big_key registered
[    2.898992] Allocating IMA MOK and blacklist keyrings.
[    2.901738] Key type asymmetric registered
[    2.903527] Asymmetric key parser 'x509' registered
[    2.908223] Block layer SCSI generic (bsg) driver version 0.4 loaded (major 249)
[    2.914235] io scheduler noop registered
[    2.915702] io scheduler deadline registered (default)
[    2.939693] io scheduler cfq registered
[    2.941244] pci_hotplug: PCI Hot Plug PCI Core version: 0.5
[    2.943057] pciehp: PCI Express Hot Plug Controller Driver version: 0.4
[    2.945303] ACPI: AC Adapter [AC] (on-line)
[    2.946868] input: Power Button as /devices/LNXSYSTM:00/LNXPWRBN:00/input/input0
[    2.949571] ACPI: Power Button [PWRF]
[    2.951037] input: Sleep Button as /devices/LNXSYSTM:00/LNXSLPBN:00/input/input1
[    2.953732] ACPI: Sleep Button [SLPF]
[    2.955466] GHES: HEST is not enabled!
[    2.956988] Serial: 8250/16550 driver, 32 ports, IRQ sharing enabled
[    3.006982] 00:02: ttyS0 at I/O 0x3f8 (irq = 4, base_baud = 115200) is a 16550A
[    3.011114] Linux agpgart interface v0.103
[    3.014807] loop: module loaded
[    3.016912] scsi host0: ata_piix
[    3.018301] scsi host1: ata_piix
[    3.024701] ata1: PATA max UDMA/33 cmd 0x1f0 ctl 0x3f6 bmdma 0xd000 irq 14
[    3.026806] ata2: PATA max UDMA/33 cmd 0x170 ctl 0x376 bmdma 0xd008 irq 15
[    3.029425] libphy: Fixed MDIO Bus: probed
[    3.030904] tun: Universal TUN/TAP device driver, 1.6
[    3.032622] tun: (C) 1999-2004 Max Krasnyansky <maxk@qualcomm.com>
[    3.034878] PPP generic driver version 2.4.2
[    3.064501] ehci_hcd: USB 2.0 'Enhanced' Host Controller (EHCI) Driver
[    3.066538] ehci-pci: EHCI PCI platform driver
[    3.068130] ehci-platform: EHCI generic platform driver
[    3.105355] ohci_hcd: USB 1.1 'Open' Host Controller (OHCI) Driver
[    3.107316] ohci-pci: OHCI PCI platform driver
[    3.108916] ohci-platform: OHCI generic platform driver
[    3.115099] uhci_hcd: USB Universal Host Controller Interface driver
[    3.117211] i8042: PNP: PS/2 Controller [PNP0303:PS2K,PNP0f03:PS2M] at 0x60,0x64 irq 1,12
[    3.120801] serio: i8042 KBD port at 0x60,0x64 irq 1
[    3.122485] serio: i8042 AUX port at 0x60,0x64 irq 12
[    3.124375] mousedev: PS/2 mouse device common for all mice
[    3.135216] input: AT Translated Set 2 keyboard as /devices/platform/i8042/serio0/input/input2
[    3.146650] rtc_cmos rtc_cmos: rtc core: registered rtc_cmos as rtc0
[    3.148806] rtc_cmos rtc_cmos: alarms up to one day, 114 bytes nvram
[    3.150817] i2c /dev entries driver
[    3.152264] device-mapper: uevent: version 1.0.3
[    3.153949] device-mapper: ioctl: 4.34.0-ioctl (2015-10-28) initialised: dm-devel@redhat.com
[    3.157154] ledtrig-cpu: registered to indicate activity on CPUs
[    3.159470] NET: Registered protocol family 10
[    3.161450] NET: Registered protocol family 17
[    3.163042] Key type dns_resolver registered
[    3.164908] registered taskstats version 1
[    3.166426] Loading compiled-in X.509 certificates
[    3.169111] Loaded X.509 cert 'Build time autogenerated kernel key: 65139e04a67245b562a838c28b5e7032abdd4348'
[    3.172426] zswap: loaded using pool lzo/zbud
[    3.211800] Key type trusted registered
[    3.238723] Key type encrypted registered
[    3.240311] AppArmor: AppArmor sha1 policy hashing enabled
[    3.242154] ima: No TPM chip found, activating TPM-bypass!
[    3.254609] ima: Allocated hash algorithm: sha1
[    3.256252] evm: HMAC attrs: 0x1
[    3.257973]   Magic number: 15:736:439
[    3.264755] rtc_cmos rtc_cmos: setting system clock to 2019-08-22 16:26:08 UTC (1566491168)
[    3.267784] BIOS EDD facility v0.16 2004-Jun-25, 0 devices found
[    3.269758] EDD information not available.
[    3.276395] Freeing unused kernel memory: 1484K
[    3.323243] Write protecting the kernel read-only data: 14336k
[    3.337816] Freeing unused kernel memory: 1616K
[    3.339732] Freeing unused kernel memory: 68K
Loading, please wait...
starting version[    3.523047] random: systemd-udevd: uninitialized urandom read (16 bytes read, 3 bits of entropy available)
 229
[    3.565831] random: udevadm: uninitialized urandom read (16 bytes read, 3 bits of entropy available)
[    3.569119] random: udevadm: uninitialized urandom read (16 bytes read, 3 bits of entropy available)
[    3.619409] random: systemd-udevd: uninitialized urandom read (16 bytes read, 3 bits of entropy available)
[    3.622697] random: systemd-udevd: uninitialized urandom read (16 bytes read, 3 bits of entropy available)
[    3.663485] random: systemd-udevd: uninitialized urandom read (16 bytes read, 3 bits of entropy available)
[    3.683792] random: systemd-udevd: uninitialized urandom read (16 bytes read, 3 bits of entropy available)
[    3.687029] random: systemd-udevd: uninitialized urandom read (16 bytes read, 3 bits of entropy available)
[    3.749319] random: udevadm: uninitialized urandom read (16 bytes read, 3 bits of entropy available)
[    3.752823] random: udevadm: uninitialized urandom read (16 bytes read, 3 bits of entropy available)
[    4.312189] e1000: Intel(R) PRO/1000 Network Driver - version 7.3.21-k8-NAPI
[    4.346017] e1000: Copyright (c) 1999-2006 Intel Corporation.
[    4.354030] Fusion MPT base driver 3.04.20
[    4.374861] Copyright (c) 1999-2008 LSI Corporation
[    4.455333] Fusion MPT SPI Host driver 3.04.20
[    4.615555] input: ImExPS/2 Generic Explorer Mouse as /devices/platform/i8042/serio1/input/input4
[    5.343902] e1000 0000:00:03.0 eth0: (PCI:33MHz:32-bit) 02:1e:e5:6d:71:21
[    5.346058] e1000 0000:00:03.0 eth0: Intel(R) PRO/1000 Network Connection
[    5.353009] e1000 0000:00:03.0 enp0s3: renamed from eth0
[    5.355077] mptbase: ioc0: Initiating bringup
[    5.419725] ioc0: LSI53C1030 A0: Capabilities={Initiator}
[    5.580827] scsi host2: ioc0: LSI53C1030 A0, FwRev=00000000h, Ports=1, MaxQ=256, IRQ=20
[    5.696108] scsi 2:0:0:0: Direct-Access     VBOX     HARDDISK         1.0  PQ: 0 ANSI: 5
[    5.705707] scsi target2:0:0: Beginning Domain Validation
[    5.708411] scsi target2:0:0: Domain Validation skipping write tests
[    5.710380] scsi target2:0:0: Ending Domain Validation
[    5.712120] scsi target2:0:0: asynchronous
[    5.713897] scsi 2:0:1:0: Direct-Access     VBOX     HARDDISK         1.0  PQ: 0 ANSI: 5
[    5.716738] scsi target2:0:1: Beginning Domain Validation
[    5.719648] scsi target2:0:1: Domain Validation skipping write tests
[    5.724647] scsi target2:0:1: Ending Domain Validation
[    5.726375] scsi target2:0:1: asynchronous
[    5.732573] sd 2:0:0:0: Attached scsi generic sg0 type 0
[    5.734367] sd 2:0:0:0: [sda] 20971520 512-byte logical blocks: (10.7 GB/10.0 GiB)
[    5.737567] sd 2:0:1:0: [sdb] 20480 512-byte logical blocks: (10.5 MB/10.0 MiB)
[    5.741481] sd 2:0:1:0: Attached scsi generic sg1 type 0
[    5.744030] sd 2:0:1:0: [sdb] Write Protect is off
[    5.754624] sd 2:0:0:0: [sda] Write Protect is off
[    5.756719] sd 2:0:0:0: [sda] Incomplete mode parameter data
[    5.779948] sd 2:0:0:0: [sda] Assuming drive cache: write through
[    5.792049] sd 2:0:1:0: [sdb] Incomplete mode parameter data
[    5.793845] sd 2:0:1:0: [sdb] Assuming drive cache: write through
[    5.835258]  sda: sda1
[    5.856295] sd 2:0:1:0: [sdb] Attached SCSI disk
[    5.858349] sd 2:0:0:0: [sda] Attached SCSI disk
Begin: Loading essential drivers ... [    8.500155] md: linear personality registered for level -1
[    8.522798] md: multipath personality registered for level -4
[    8.587761] md: raid0 personality registered for level 0
[    8.622072] md: raid1 personality registered for level 1
[    8.748314] raid6: sse2x1   gen()  5141 MB/s
[    8.893803] raid6: sse2x1   xor()  5413 MB/s
[    8.998818] raid6: sse2x2   gen()  3818 MB/s
[    9.103816] raid6: sse2x2   xor()  6552 MB/s
[    9.208747] raid6: sse2x4   gen()  8158 MB/s
[    9.313821] raid6: sse2x4   xor()  7478 MB/s
[    9.315391] raid6: using algorithm sse2x4 gen() 8158 MB/s
[    9.317142] raid6: .... xor() 7478 MB/s, rmw enabled
[    9.318795] raid6: using ssse3x2 recovery algorithm
[    9.332611] xor: measuring software checksum speed
[    9.453464]    prefetch64-sse: 29972.000 MB/sec
[    9.495264]    generic_sse:  8708.000 MB/sec
[    9.522996] xor: using function: prefetch64-sse (29972.000 MB/sec)
[    9.533604] async_tx: api initialized (async)
[    9.657992] md: raid6 personality registered for level 6
[    9.665202] md: raid5 personality registered for level 5
[    9.667007] md: raid4 personality registered for level 4
[    9.769285] md: raid10 personality registered for level 10
done.
Begin: Running /scripts/init-premount ... done.
Begin: Mounting root file system ... Begin: Running /scripts/local-top ... done.
Begin: Running /scripts/local-premount ... [   10.043459] Btrfs loaded
Scanning for Btrfs filesystems
done.
Warning: fsck not present, so skipping root file system
[   10.319966] EXT4-fs (sda1): mounted filesystem with ordered data mode. Opts: (null)
done.
Begin: Running /scripts/local-bottom ... done.
Begin: Running /scripts/init-bottom ... done.
[   11.184130] systemd[1]: systemd 229 running in system mode. (+PAM +AUDIT +SELINUX +IMA +APPARMOR +SMACK +SYSVINIT +UTMP +LIBCRYPTSETUP +GCRYPT +GNUTLS +ACL +XZ -LZ4 +SECCOMP +BLKID +ELFUTILS +KMOD -IDN)
[   11.198420] systemd[1]: Detected virtualization oracle.
[   11.200180] systemd[1]: Detected architecture x86-64.
[   11.243238] random: nonblocking pool is initialized

Welcome to [1mUbuntu 16.04.6 LTS[0m!

[   11.247823] systemd[1]: Set hostname to <ubuntu>.
[   11.277553] systemd[1]: Initializing machine ID from random generator.
[   11.279784] systemd[1]: Installed transient /etc/machine-id file.
[   12.332040] systemd[1]: Created slice System Slice.
[[0;32m  OK  [0m] Created slice System Slice.
[   12.337434] systemd[1]: Listening on Syslog Socket.
[[0;32m  OK  [0m] Listening on Syslog Socket.
[   12.344107] systemd[1]: Listening on udev Kernel Socket.
[[0;32m  OK  [0m] Listening on udev Kernel Socket.
[   12.357578] systemd[1]: Listening on /dev/initctl Compatibility Named Pipe.
[[0;32m  OK  [0m] Listening on /dev/initctl Compatibility Named Pipe.
[   12.378148] systemd[1]: Set up automount Arbitrary Executable File Formats File System Automount Point.
[[0;32m  OK  [0m] Set up automount Arbitrary Executab...ats File System Automount Point.
[   12.419700] systemd[1]: Listening on Journal Socket.
[[0;32m  OK  [0m] Listening on Journal Socket.
[   12.478813] systemd[1]: Starting Load Kernel Modules...
         Starting Load Kernel Modules...
[   12.566248] systemd[1]: Mounting POSIX Message Queue File System...
         Mounting POSIX Message Queue File System...
[   12.589779] systemd[1]: Listening on udev Control Socket.
[[0;32m  OK  [0m] Listening on udev Control Socket.
[   12.623051] systemd[1]: Started Trigger resolvconf update for networkd DNS.
[[0;32m  OK  [0m] Started Trigger resolvconf update for networkd DNS.
[   12.664154] systemd[1]: Starting Set console keymap...
[   12.675239] Loading iSCSI transport class v2.0-870.
[   12.746077] iscsi: registered transport (tcp)
         Starting Set console keymap...
[   12.820531] systemd[1]: Listening on Journal Socket (/dev/log).
[[0;32m  OK  [0m] Listening on Journal Socket (/dev/log).
[   12.835744] systemd[1]: Mounting Huge Pages File System...
         Mounting Huge Pages File System...
[   12.866878] systemd[1]: Starting Remount Root and Kernel File Systems...
         Starting Remount Root and Kernel File Systems...
[   12.924598] systemd[1]: Reached target User and Group Name Lookups.
[[0;32m  OK  [0m] Reached target User and Group Name Lookups.
[   13.039994] EXT4-fs (sda1): re-mounted. Opts: (null)
[   13.141040] systemd[1]: Mounting Debug File System...
         Mounting Debug File System...
[   13.180197] systemd[1]: Starting Uncomplicated firewall...
         Starting Uncomplicated firewall...
[   13.254871] systemd[1]: Listening on LVM2 metadata daemon socket.
[[0;32m  OK  [0m] Listening on LVM2 metadata daemon socket.
[   13.264015] systemd[1]: Listening on LVM2 poll daemon socket.
[[0;32m  OK  [0m] Listening on LVM2 poll daemon socket.
[   13.273876] systemd[1]: Reached target System Time Synchronized.
[[0;32m  OK  [0m] Reached target System Time Synchronized.
[   13.341472] systemd[1]: Listening on Device-mapper event daemon FIFOs.
[[0;32m  OK  [0m] Listening on Device-mapper event daemon FIFOs.
[   13.359943] systemd[1]: Starting Monitoring of LVM2 mirrors, snapshots etc. using dmeventd or progress polling...
         Starting Monitoring of LVM2 mirrors... dmeventd or progress polling...
[   13.388198] systemd[1]: Created slice system-serial\x2dgetty.slice.
[[0;32m  OK  [0m] Created slice system-serial\x2dgetty.slice.
[   13.535666] systemd[1]: Reached target Swap.
[[0;32m  OK  [0m] Reached target S[   13.550034] iscsi: registered transport (iser)
wap.
[   13.661365] systemd[1]: Starting Create list of required static device nodes for the current kernel...
         Starting Create list of required st... nodes for the current kernel...
[   13.755132] systemd[1]: Listening on Journal Audit Socket.
[[0;32m  OK  [0m] Listening on Journal Audit Socket.
[   13.764746] systemd[1]: Created slice User and Session Slice.
[[0;32m  OK  [0m] Created slice User and Session Slice.
[   13.785873] systemd[1]: Reached target Slices.
[[0;32m  OK  [0m] Reached target Slices.
[   13.894127] systemd[1]: Starting Nameserver information manager...
         Starting Nameserver information manager...
[   13.959276] systemd[1]: Reached target Encrypted Volumes.
[[0;32m  OK  [0m] Reached target Encrypted Volumes.
[   13.975198] systemd[1]: Started Forward Password Requests to Wall Directory Watch.
[[0;32m  OK  [0m] Started Forward Password Requests to Wall Directory Watch.
[   14.056376] systemd[1]: Starting Journal Service...
         Starting Journal Service...
[   14.096333] systemd[1]: Mounted POSIX Message Queue File System.
[[0;32m  OK  [0m] Mounted POSIX Message Queue File System.
[   14.161498] systemd[1]: Mounted Huge Pages File System.
[[0;32m  OK  [0m] Mounted Huge Pages File System.
[   14.165293] systemd[1]: Mounted Debug File System.
[[0;32m  OK  [0m] Mounted Debug File System.
[   14.172805] systemd[1]: Started Load Kernel Modules.
[[0;32m  OK  [0m] Started Load Kernel Modules.
[   14.206978] systemd[1]: Started Set console keymap.
[[0;32m  OK  [0m] Started Set console keymap.
[   14.215543] systemd[1]: Started Remount Root and Kernel File Systems.
[[0;32m  OK  [0m] Started Remount Root and Kernel File Systems.
[   14.223203] systemd[1]: Started Uncomplicated firewall.
[[0;32m  OK  [0m] Started Uncomplicated firewall.
[   14.263114] systemd[1]: Started Create list of required static device nodes for the current kernel.
[[0;32m  OK  [0m] Started Create list of required sta...ce nodes for the current kernel.
[   14.368777] systemd[1]: Started Nameserver information manager.
[[0;32m  OK  [0m] Started Nameserver information manager.
[   14.533642] systemd[1]: Started Journal Service.
[[0;32m  OK  [0m] Started Journal Service.
[[0;32m  OK  [0m] Started LVM2 metadata daemon.
         Starting Create Static Device Nodes in /dev...
         Starting Load/Save Random Seed...
         Starting udev Coldplug all Devices...
         Starting Flush Journal to Persistent Storage...
         Mounting FUSE Control File System...
         Starting Apply Kernel Variables...
[[0;32m  OK  [0m] Mounted FUSE Control File System.
[[0;32m  OK  [0m] Started Apply Kernel Variables.
[[0;32m  OK  [0m] Started Create Static Device Nodes in /dev.
[[0;32m  OK  [0m] Started Load/Save Random Seed.
         Starting udev Kernel Device Manager...
[[0;32m  OK  [0m] Started Monitoring of LVM2 mirrors,...ng dmeventd or progress polling.
[[0;32m  OK  [0m] Started Flush Journal to Persistent Storage.
[[0;32m  OK  [0m] Reached target Local File Systems (Pre).
[[0;32m  OK  [0m] Reached target Local File Systems.
         Starting Set console font and keymap...
         Starting Tell Plymouth To Write Out Runtime Data...
         Starting Initial cloud-init job (pre-networking)...
         Starting Commit a transient machine-id on disk...
         Starting Create Volatile Files and Directories...
         Starting LSB: AppArmor initialization...
[[0;32m  OK  [0m] Started Tell Plymouth To Write Out Runtime Data.
[[0;32m  OK  [0m] Started Commit a transient machine-id on disk.
[[0;32m  OK  [0m] Started Create Volatile Files and Directories.
         Starting Update UTMP about System Boot/Shutdown...
[[0;32m  OK  [0m] Started udev Coldplug all Devices.
[[0;32m  OK  [0m] Started Update UTMP about System Boot/Shutdown.
[[0;32m  OK  [0m] Started udev Kernel Device Manager.
[[0;32m  OK  [0m] Started Dispatch Password Requests to Console Directory Watch.
[[0;32m  OK  [0m] Found device /dev/ttyS0.
[[0;32m  OK  [0m] Listening on Load/Save RF Kill Switch Status /dev/rfkill Watch.
[[0;32m  OK  [0m] Started LSB: AppArmor initialization.
[   25.660314] cloud-init[467]: Cloud-init v. 19.1-1-gbaa47854-0ubuntu1~16.04.1 running 'init-local' at Thu, 22 Aug 2019 16:26:29 +0000. Up 22.18 seconds.
[[0;32m  OK  [0m] Started Initial cloud-init job (pre-networking).
[[0;32m  OK  [0m] Reached target Network (Pre).
         Starting Raise network interfaces...
[[0;32m  OK  [0m] Started Set console font and keymap.
[[0;32m  OK  [0m] Created slice system-getty.slice.
[[0;32m  OK  [0m] Started Raise network interfaces.
[[0;32m  OK  [0m] Reached target Network.
         Starting Initial cloud-init job (metadata service crawler)...
[   35.115726] cloud-init[958]: Cloud-init v. 19.1-1-gbaa47854-0ubuntu1~16.04.1 running 'init' at Thu, 22 Aug 2019 16:26:38 +0000. Up 31.56 seconds.
[   35.125867] cloud-init[958]: ci-info: ++++++++++++++++++++++++++++++++++++++Net device info++++++++++++++++++++++++++++++++++++++
[   35.141530] cloud-init[958]: ci-info: +--------+------+----------------------------+---------------+--------+-------------------+
[   35.153450] cloud-init[958]: ci-info: | Device |  Up  |          Address           |      Mask     | Scope  |     Hw-Address    |
[   35.169458] cloud-init[958]: ci-info: +--------+------+----------------------------+---------------+--------+-------------------+
[   35.180665] cloud-init[958]: ci-info: | enp0s3 | True |         10.0.2.15          | 255.255.255.0 | global | 02:1e:e5:6d:71:21 |
[   35.186153] cloud-init[958]: ci-info: | enp0s3 | True | fe80::1e:e5ff:fe6d:7121/64 |       .       |  link  | 02:1e:e5:6d:71:21 |
[   35.253413] cloud-init[958]: ci-info: |   lo   | True |         127.0.0.1          |   255.0.0.0   |  host  |         .         |
[   35.269445] cloud-init[958]: ci-info: |   lo   | True |          ::1/128           |       .       |  host  |         .         |
[   35.304800] cloud-init[958]: ci-info: +--------+------+----------------------------+---------------+--------+-------------------+
[   35.319868] cloud-init[958]: ci-info: +++++++++++++++++++++++++++Route IPv4 info++++++++++++++++++++++++++++
[   35.340825] cloud-init[958]: ci-info: +-------+-------------+----------+---------------+-----------+-------+
[   35.373152] cloud-init[958]: ci-info: | Route | Destination | Gateway  |    Genmask    | Interface | Flags |
[   35.470738] cloud-init[958]: [[0;32m  OK  [0m] Started Initial cloud-init job (metadata service crawler).
[ci-info: +-------+-------------+----------+---------------+-----------+-------+
[   35.477675] cloud-init[958]: ci-info: |   0   |   0.0.0.0   | 10.0.2.2 |    0.0.0.0    |   enp0s3  |   UG  |
[   35.479412] cloud-init[958]: ci-info: |   1   |   10.0.2.0  | 0.0.0.0  | 255.255.255.0 |   enp0s3  |   U   |
[   35.479724] cloud-init[958]: ci-info: +-------+-------------+----------+---------------+-----------+-------+
[   35.479945] cloud-init[958]: ci-info: +++++++++++++++++++Route IPv6 info+++++++++++++++++++
[0;32m  OK  [0m] Reached target Cloud-config availability.
[[0;32m  OK  [0m] Reached target Network is Online.
[   35.482219] cloud-init[958]: ci-info: +-------+-------------+---------+-----------+-------+
[   35.527150] cloud-init         Starting iSCSI initiator daemon (iscsid)...
[[0;32m  OK  [0m] Reached target System Initialization.
[[0;32m  OK  [0m] Listening on ACPID Listen Socket.
[[0;32m  OK  [0m] Started Daily Cleanup of Temporary Directories.
         Starting Socket activation for snappy daemon.
[[0;32m  OK  [0m] Listening on D-Bus System Message Bus Socket.
[958]: ci-info: | Route | Destination | Gateway | Interface | Flags |
[[0;32m  OK  [0m] Started ACPI Events Check.
[[0;32m  OK  [0m] Reached target Paths.
[[0;32m  OK  [0m] Listening on UUID daemon activation socket.
[[0;32m  OK  [0m[   35.622792] cloud-init[958]: ci-info: +-------+-------------+---------+-----------+-------+
[   35.658119] cloud-init[958]: ci-info: |   0   |  fe80::/64  |    ::   |   enp0s3  |   U   |
[   35.658356] cloud-init[958]: ci-info: |   4   |   ff00::/8  |    ::   |   enp0s3  |   U   |
[   35.658585] cloud-init[958]: ci-info: +-------+-------------+---------+-----------+-------+
] Started Daily apt download activities.
[[0;32m  OK  [0m] Started Daily apt upgrade and clean activities.
[[0;32m  OK  [0m] Reached target Timers.
[   35.661967] cloud-init[958]: Generating public/private rsa key pair.
[   35.747025] cloud-init[958]: Your identification has been saved in /etc/ssh/ssh_host_rsa_key.
[   35.752701] cloud-init[958]: Your public key has been saved in /etc/ssh/ssh_host_rsa_key.pub.
[   35.780632] cloud-init         Starting LXD - unix socket.
[958]: The key fingerprint is:
[   35.793014] cloud-init[958]: SHA256:zi7Zkm09Mnm0pdHYHMSEoC2R8HUn9bA6bIn+1Kzc9uA root@ubuntu-xenial
[   35.835231] [[0;32m  OK  [0m] Listening on Socket activation for snappy daemon.
[[0;32m  OK  [0mcloud-init[958]: The key's randomart image is:] Listening on LXD - unix socket.

[   35.849523] cloud-init[958]: +---[RSA 2048]----+
[   35.877006] cloud-init[958]: |    ....o.o==    |
[   35.901016] cloud-init[958]: |     ..= ..oo+   |
[   35.935802] cloud-init[958]: |      + .  .. .  |
[   35.989414] cloud-init[958]: |       . o o.    |
[[0;32m  OK  [0m] Started iSCSI initiator daemon (iscsid).
[   35.993821] cloud-init[958]: |        S *= .   |
[   36.008377] cloud-init[958]: |       + .++=    |
[   36.016786] cloud-init[958]: |       =++.=+    |
[   36.025088] cloud-init[958]: |      =.B+*+..   |         Starting Login to default iSCSI targets...
[   36.032864] cloud-init[958]: |       +.++oE..  |
[   36.040354] cloud-init[958]: +----[SHA256]-----+

[[0;32m  OK  [0m] Reached target Sockets.
[[0;32m  OK  [0m] Reached target Basic System.
[   36.044106] cloud-init[958]: Generating public/private dsa key pair.
[   36.082043] cloud-init[958]: Your identification has been saved in /etc/ssh/ssh_host_dsa_key.
[   36.082593] cloud-init[958]: Your public key has been saved in /etc/ssh/ssh_host_dsa_key.pub.
[   36.083131] cloud-init[958]: The key fingerprint is:
[   36.083699] cloud-init[958]: SHA256:eUKXEGBr2zmgaht2zwf5psMrHk6LWes3p7hcrNOrMO8 root@ubuntu-xenial
[   36.084237] cloud-init[958]: The key's randomart image is:
[   36.084776] cloud-init[958]: +---[DSA 1024]----+
[   36.085319] cloud-init[958]: |      o.o.       |
[   36.085860] cloud-init[958]: |     . . . .     |
         Starting LSB: Record successful boot for GRUB...
[   36.131274] cloud-init[958]: |      + . o      |
[[0;32m  OK  [0m] Started Deferred execution scheduler.
[   36.201950] cloud-init[958]: |     o = +       |
[   36.263633] cloud-init[958]: |    . ..S .      |
[   36.296793] cloud-init[958]: |   . .o  +       |
[   36.336497] cloud-init[958]: |  B =ooo         |
         Starting LXD - container startup/shutdown...
[   36.391448] cloud-init[958]: | o #oX* =        |
[   36.391934] cloud-init[958]: |  ++E*B@         |
[   36.392159] cloud-init[958]: +----[SHA256]-----+
[   36.392487] cloud-init[958]: Generating public/private ecdsa key pair.
[   36.393008] cloud-init[958]: Your identification has been saved in /etc/ssh/ssh_host_ecdsa_key.
[   36.393669] cloud-init[958]: Your public key has been saved in /etc/ssh/ssh_host_ecdsa_key.pub.
[   36.394335] cloud-init[958]: The key fingerprint is:
[   36.394986] cloud-init[958]: SHA256:vAgQ5Yb0JxwvLcMBD2TPdKnLAsWjnepWzN2Z2rbyMmc root@ubuntu-xenial
[   36.395649] cloud-init[958]: The key's randomart image is:
[   36.396888] cloud-init[958]: +---[ECDSA 256]---+
[   36.397567] cloud-init[958]: | oBo= ..         |
[   36.398201] cloud-init[958]: | o+& *.          |
[   36.400463] cloud-init[958]: | +oo#.+          |
[   36.439763] cloud-init[958]: |o oo.* .         |
[   36.443538] cloud-init[958]: | oo.o.. S        |
[   36.456535] cloud-init[958]: |. .+oo = .       |
[[0;32m  OK  [0m] Started Regular background program processing daemon.
[   36.503059] cloud-init[958]: |. ..  + .        |
         Starting Virtualbox guest utils...
[   36.577997] cloud-init[958]: | o   = E         |
[[0;32m  OK  [0m] Started FUSE filesystem for LXC.
[   36.584287] cloud-init[958]: |.     Oo.        |
[   36.586378] cloud-init[958]: +----[SHA256]-----+[[0;32m  OK  [0m] Started ACPI event daemon.

         Starting Login Service...
[   36.694622] cloud-init[958]: Generating public/private ed25519 key pair.
         Starting Accounts Service...
[   36.807281] cloud-init         Starting LSB: MD monitoring daemon...
         Starting /etc/rc.local Compatibility...
[958]: Your identification has been saved in /etc/ssh/ssh_host_ed25519_key.         Starting System Logging Service...

         Starting Pollinate to seed the pseudo random number generator...
[   37.007115] cloud-init[958]: Your public key has been saved in /etc/ssh/ssh_host_ed25519_key.pub.
[   37.112578] cloud-init[958]: [[0;32m  OK  [0m] Started D-Bus System Message Bus.
The key fingerprint is:
[   37.198165] cloud-init[958]: SHA256:HQ+kjuyKcq+qC2YMUxT6Ib5kXV+6CkHFExVOlyU9A34 root@ubuntu-xenial
[   37.266860] cloud-init[958]: The key's randomart image is:
[   37.273096] cloud-init[958]: +--[ED25519 256]--+
[   37.281536] cloud-init[958]: |  o..oo+.+*.     |
[   37.292821] cloud-init[958]: | o  .oo o+.+     |
[   37.304737] cloud-init[958]: |o o. ....ooEo    |
[   37.388055] cloud-init[958]: |.+o....oo..+     |
[   37.409700] cloud-init[958]: |o+.o  ooS . .    |
[   37.423627] cloud-init[958]: |=.. ..  .        |
[   37.463771] cloud-init[958]: |.= .  ..         |
[   37.466898] cloud-init[958]: |= .....          |
[   37.471468] cloud-init[958]: |==ooo.           |
[   37.476416] cloud-init[958]: +----[SHA256]-----+
         Starting Snappy daemon...
[[0;32m  OK  [0m] Started System Logging Service.
[[0;32m  OK  [0m] Started /etc/rc.local Compatibility.
[[0;32m  OK  [0m] Started Login Service.
[[0;32m  OK  [0m] Started Unattended Upgrades Shutdown.
         Starting Authenticate and Authorize Users to Run Privileged Tasks...
[[0;32m  OK  [0m] Started LSB: Record successful boot for GRUB.
[[0;32m  OK  [0m] Started Login to default iSCSI targets.
[[0;32m  OK  [0m] Reached target Remote File Systems (Pre).
[[0;32m  OK  [0m] Reached target Remote File Systems.
         Starting LSB: automatic crash report generation...
         Starting LSB: Set the CPU Frequency Scaling governor to "ondemand"...
         Starting LSB: daemon to balance interrupts for SMP systems...
         Starting Permit User Sessions...
[[0;32m  OK  [0m] Started LXD - container startup/shutdown.
[[0;32m  OK  [0m] Started Authenticate and Authorize Users to Run Privileged Tasks.
[[0;32m  OK  [0m] Started Accounts Service.
[[0;32m  OK  [0m] Started Permit User Sessions.
         Starting Terminate Plymouth Boot Screen...
         Starting Hold until boot process finishes up...
[[0;32m  OK  [0m] Started Terminate Plymouth Boot Screen.
[[0;32m  OK  [0m] Started Hold until boot process finishes up.
         Starting Set console scheme...
[[0;32m  OK  [0m] Started Getty on tty1.
[[0;32m  OK  [0m] Started Serial Getty on ttyS0.
[[0;32m  OK  [0m] Reached target Login Prompts.
[[0;32m  OK  [0m] Started LSB: MD monitoring daemon.
[[0;32m  OK  [0m] Started Set console scheme.
[[0;32m  OK  [0m] Started LSB: Set the CPU Frequency Scaling governor to "ondemand".
[[0;32m  OK  [0m] Started LSB: automatic crash report generation.
[[0;32m  OK  [0m] Started LSB: daemon to balance interrupts for SMP systems.
[[0;32m  OK  [0m] Started Virtualbox guest utils.
[[0;32m  OK  [0m] Started Snappy daemon.
         Starting Wait until snapd is fully seeded...
[[0;32m  OK  [0m] Started Pollinate to seed the pseudo random number generator.
         Starting OpenBSD Secure Shell server...
[[0;32m  OK  [0m] Started OpenBSD Secure Shell server.
[[0;32m  OK  [0m] Created slice User Slice of vagrant.
         Starting User Manager for UID 1000...
[[0;32m  OK  [0m] Started Session 1 of user vagrant.
[[0;32m  OK  [0m] Started User Manager for UID 1000.

Ubuntu 16.04.6 LTS ubuntu-xenial ttyS0

ubuntu-xenial login: [   49.205083] cloud-init[1395]: Generating locales (this might take a while)...
[   54.824876] cloud-init[1395]:   en_US.UTF-8... done
[   54.834616] cloud-init[1395]: Generation complete.
[   57.934517] cloud-init[1395]: Cloud-init v. 19.1-1-gbaa47854-0ubuntu1~16.04.1 running 'modules:config' at Thu, 22 Aug 2019 16:26:55 +0000. Up 48.16 seconds.
ci-info: no authorized ssh keys fingerprints found for user ubuntu.
<14>Aug 22 16:27:07 ec2: 
<14>Aug 22 16:27:07 ec2: #############################################################
<14>Aug 22 16:27:07 ec2: -----BEGIN SSH HOST KEY FINGERPRINTS-----
<14>Aug 22 16:27:07 ec2: 1024 SHA256:eUKXEGBr2zmgaht2zwf5psMrHk6LWes3p7hcrNOrMO8 root@ubuntu-xenial (DSA)
<14>Aug 22 16:27:07 ec2: 256 SHA256:vAgQ5Yb0JxwvLcMBD2TPdKnLAsWjnepWzN2Z2rbyMmc root@ubuntu-xenial (ECDSA)
<14>Aug 22 16:27:07 ec2: 256 SHA256:HQ+kjuyKcq+qC2YMUxT6Ib5kXV+6CkHFExVOlyU9A34 root@ubuntu-xenial (ED25519)
<14>Aug 22 16:27:07 ec2: 2048 SHA256:zi7Zkm09Mnm0pdHYHMSEoC2R8HUn9bA6bIn+1Kzc9uA root@ubuntu-xenial (RSA)
<14>Aug 22 16:27:07 ec2: -----END SSH HOST KEY FINGERPRINTS-----
<14>Aug 22 16:27:07 ec2: #############################################################
-----BEGIN SSH HOST KEY KEYS-----
ecdsa-sha2-nistp256 AAAAE2VjZHNhLXNoYTItbmlzdHAyNTYAAAAIbmlzdHAyNTYAAABBBBt82V7/2ddmyJBeMM+GYGuLr8yFpXxWf2qLfUV5QBiavk4o4Tl0FU4dDdEtgTrTuf/jp0dFL8LWJewNtev1V5I= root@ubuntu-xenial
ssh-ed25519 AAAAC3NzaC1lZDI1NTE5AAAAIBelo8gVaeIpG4oDg2OBgcHkc1A/1UR/Lf4wpJFlwlZa root@ubuntu-xenial
ssh-rsa AAAAB3NzaC1yc2EAAAADAQABAAABAQC73FRoMBWnXkKLAa0h+5lLKmtUu+JgBaeqz/96hpSCt8ib0mBSgrEiIEJcU/TtBeBtstlgyiRwR3McV1H55BHi+dN6Hzdbn38/ujb5B4Q/KusSSSvBD7ng3Qe+6nsS5Y3xIcqE+QgY1NauW4np3NAgkxAg9apeQ2sfnA9I1thhoO8hLmxyTZJr90bce+jIKDNbef/jRM9LUtGP/wgd/H8JW5bfePMCBZMC7kgMCqVxRzZ7KAiIzWFmz8fwF95JdXxnsLr4cgrd3L1pIUx7zO997W5+JaXdI+xONXD6LqY/EvZla+ih93ukhztlzeKSBhQPQbw/G1YfBncEZRNphwuN root@ubuntu-xenial
-----END SSH HOST KEY KEYS-----
[   60.455719] cloud-init[1584]: Cloud-init v. 19.1-1-gbaa47854-0ubuntu1~16.04.1 running 'modules:final' at Thu, 22 Aug 2019 16:27:06 +0000. Up 59.73 seconds.
[   60.456652] cloud-init[1584]: ci-info: no authorized ssh keys fingerprints found for user ubuntu.
[   60.457920] cloud-init[1584]: Cloud-init v. 19.1-1-gbaa47854-0ubuntu1~16.04.1 finished at Thu, 22 Aug 2019 16:27:07 +0000. Datasource DataSourceNoCloud [seed=/dev/sdb][dsmode=net].  Up 60.42 seconds
