[    0.000000] Initializing cgroup subsys cpuset
[    0.000000] Initializing cgroup subsys cpu
[    0.000000] Initializing cgroup subsys cpuacct
[    0.000000] Linux version 4.4.0-154-generic (buildd@lgw01-amd64-049) (gcc version 5.4.0 20160609 (Ubuntu 5.4.0-6ubuntu1~16.04.10) ) #181-Ubuntu SMP Tue Jun 25 05:29:03 UTC 2019 (Ubuntu 4.4.0-154.181-generic 4.4.179)
[    0.000000] Command line: BOOT_IMAGE=/boot/vmlinuz-4.4.0-154-generic root=LABEL=cloudimg-rootfs ro console=tty1cosole=ttyS0
[   0.000000] KERNEL supported cpus:
[    0.000000]   Intel GenuineIntel
[    0.000000]   AMD AuthenticAMD
[    0.000000]   Centaur CentaurHauls
[    0.000000] x86/fpu: Legacy x87 FPU detected.
[    0.000000] e820: BIOS-provided physical RAM map:
[    0.000000] BIOS-e820: [mem 0x0000000000000000-0x000000000009fbff] usable
[    0.000000] BIOS-e820: [mem 0x000000000009fc00-0x000000000009ffff] reserved
[    0.000000] BIOS-e820: [mem 0x0000000000f0000-0x000000000fffff] reserved
[    0.000000] BIOS-e820: [mem 0x0000000000100000-0x000000003ffeffff] usable
[    0.000000] BIOS-e820: [mem 0x000000003fff0000-0x000000003fffffff] ACPI data
[    0.000000] BIOS-e820: [mem 0x00000000fec00000-0x00000000fec00fff] reserved
[    0.000000] BIOS-e820: [mem 0x0000000fee00000-0x00000000fee00fff] reserved
[    0.000000] BIOS-e820: [mem 0x00000000fffc0000-0x00000000ffffffff] reserved
[    0.000000] NX (Execute Disable) protection: active
[    0.000000] SMBIOS 2.5 present.
[    0.000000] Hypervisor detected: KVM
[    0.000000] e820: last_pfn = 0x3fff0 mx_arch_pfn = 0x400000000
[    0.000000] MTRR: Disabled
[    0.000000] x86/PAT: MTRRs disabled, skipping PAT initialization too.
[    0.000000] CPU MTRRs all blank - virtualized system.
[    0.000000] x86/PAT: Configuration [0-7]: WB  WT  UC- UC  WB  WT  UC- UC  
[    0.000000] found SMP MP-table at [mem 0x0009fff0-0x0009ffff] mapped at [ffff88000009fff0]
[    0.000000] Scanning 1 areas for low memory corruption
[    0.000000] RAMDISK: [mem 0x362fa000-0x37174fff]
[    0.000000] ACPI: Early table checksum verification disabled
[    0.000000] ACPI: RSDP 0x00000000000E0000 000024 (v02 VBOX  )
[    0.000000] ACPI: XSDT 0x000000003FFF0030 00003C (v01 VBOX   VBOXXSDT 00000001 ASL  00000061)
[    0.000000] ACPI: FACP 0x000000003FFF00F0 0000F4 (v04 VBOX   VBOXFACP 00000001 ASL  00000061)
[    0.000000] ACPI: DSDT 0x000000003FFF0470 001F (v02 VBX  VBOXBIOS 00000002 INTL 20180105)
[    0.000000] ACPI: FACS 0x000000003FFF0200 000040
[    0.000000] ACPI: FACS 0x000000003FFF0200 000040
[    0.000000] ACPI: APIC 0x000000003FFF0240 00005C (v02 VOX   VBOXAPIC 00000001 ASL  00000061)
[    0.000000] ACPI: SSDT 0x000000003FFF02A0 0001C (v01 VBOX   VBOXCPUT 00000002 INTL 20180105)
[    0.000000] No NUMA configuration found
[    0.000000] Faking a node at [mem 0x0000000000000000-0x000000003ffeffff]
[    0.000000] NODE_DATA(0) allocated [mem 0x3ffeb000-0x3ffeffff]
[    0.000000] kvm-clock: Using msrs 4b564d01 and 4b564d00
[    0.000000] kvm-clock:  cpu 0, msr 0:3ffe3001, primary cpu clock
[    0.000000] kvm-clock: using sched offset of 5053378262 cycles
[    0.000000] clocksource: kvm-clock: mask: 0xffffffffffffffff max_cycles: 0x1cd42e4dffb, max_idle_ns: 881590591483 ns
[    0.000000] Zone ranges:
[    0.000000]   DMA      [mem 0x0000000000001000-0x0000000000ffffff]
[    0.000000]   DMA32    [mem 0x0000000001000000-0x000000003ffeffff]
[    0.000000]   Normal   empty
[    0.000000]   Device   empty
[    0.000000] Movable zone start for each node
[    0.000000] Early memory node ranges
[    0.000000]   node   0: [mem 0x0000000000001000-0x000000000009efff]
[    0.000000]   node   0: [mem 0x0000000000100000-0x000000003ffeffff]
[    0.000000] Initmem setup node 0 [mem 0x0000000000001000-0x00000003ffeffff]
[    0.000000] ACPI: PM-Timer IO Port: 0x4008
[    0.000000] IOAPIC[0]: apic_id 2, version 32, address 0xfec00000, GSI 0-23
[    0.000000] ACPI:INT_SRC_OVR (bus 0 bus_irq 0 global_irq 2 dfl dfl)
[    0.000000] ACPI: INT_SRC_OVR (bus 0 bus_irq 9 global_irq 9 low level)
[    0.000000] Using ACPI (MADT) for SMP configuration inormation
[  0.000000]smpboot: Allowing 2 CPUs, 0 hotplug CPUs
[    0.000000] PM: Registered nosave memory: [mem 0x00000000-0x00000fff]
[    0.000000] PM: Registered nosave memory: [mem 0x0009f000-0x0009ffff]
[    0.000000] PM: Registered nosave memory: [mem 0x000a00000x000effff]
[    0.000000] PM: Registered nosave memory: [mem 0x000f0000-0x000fffff]
[    0.000000] e820: [mem 0x40000000-0xfebfffff] available for PCI devices
[    0.000000] Booting paravirtualized kernel n KVM
[    0.000000] clocksource: refined-jiffies: mask: 0xffffffff max_cycles: 0xffffffff, max_idle_ns: 7645519600211568 ns
[    0.000000] setup_percpu: NR_CPUS:512 nr_cpumask_bits:512 nr_cpu_ids:2 nr_node_ids:1
[    0.000000] PERCPU: Embedded 34 pages/cpu @ffff88003fc00000 s99480 r892 d31592 u1048576
[    0.000000] Built 1 zonelists in Node order, obily groupng on.  Total pages: 257912
[    0.000000] Policy zone: DMA32
[    0.000000] Kernel command line: BOOT_IMAGE=/boot/vmlinuz-4.4.0-154-generic root=LABEL=cloudimg-rootfs ro console=tty1 console=ttyS0
[    0.000000] PID hash table entries: 4096 (order: 3, 32768 bytes)
[   0.000000] Memory: 9997732K/1048120K available (8613K kernel code, 1335K rwdata, 4028K rodata, 1484K init, 1284K bss, 50388K reserved, 0K cma-reserved)
[    0.000000] SLUB: HWalign=64, Order=0-3, MinObjects=0, CPUs=2, Nodes=1
[    0.000000] Kernel/User page tables isolation: enabled
[    0.000000] Hierarchical RCU implementation.
[    0.000000] 	Build-time adjustment of leaf fanout to 64.
[    0.000000] 	RCU restricting CPUs from NR_CPUS=512 to nr_cpu_ids=2.
[    0.000000] RCU: Adjusting geometry for rcu_fanout_leaf=64, nr_cpu_ids=2
[    0.000000] NR_IRQS:33024 nr_irqs:440 16
[    0.000000] Console: colour VGA+ 80x25
[    0.000000] console [tty1] enabled
[    0.000000] console [ttyS0] enabled
[    0.000000] tsc: Detected 2992.480 MHz processor
[    4.847176] Calibrating delay loop (skipped) preset value.. 5984.96 BogoMIPS (lpj=11969920)
[    4.869726] pid_max: default: 32768 minimum: 301
[    4.871276] ACPI: Core revision 20150930
[    4.873950] ACPI: 2 ACPI AML tables successfully acquired and loaded
[    4.937314] Security Framework initialized
[    4.939851] Yama: becoming mindful.
[    4.941278] AppArmor: AppArmor initialized
[    4.950521] Dentry cache hash table entries: 131072 (order: 8, 1048576 bytes)
[    5.004843] Inode-cache hash table entries: 65536 (order: 7, 524288 bytes)
[    5.026361] Mount-cache hash table entries: 2048 (order: 2, 16384 bytes)
[    5.028344] Mountpoint-cache hash table entries: 2048 (order: 2, 16384 bytes)
[    5.040002] Initializing cgroup subsys io
[    5.068746] Initializing cgroup subsys memory
[    5.138776] Initializing cgroup subsys devices
[    5.213683] Initializing cgroup subsys freezer
[    5.215185] Initializing cgroup subsys net_cls
[    5.216678] Initializing cgroup subsys perf_event
[    5.218264] Initializing cgroup subsys net_prio
[    5.219770] Initializing cgroup subsys hugetlb
[    5.221308] Initializing cgroup subsys pids
[    5.222851] mce: CPU supports 0 MCE banks
[    5.225779] Last level iTLB entries: 4KB 128, 2MB 4, 4MB 4
[    5.227485] Last level dTLB entries: 4KB 256, 2MB 0, 4MB 32, 1GB 0
[    5.229365] Spectre V2 : Mitigation: Full generic retpoline
[    5.231092] Spectre V2 : Spectre v2 / SpectreRSB mitigation: Filling RSB on context switch
[    5.233869] Speculative Store Bypass: Vulnerable
[    5.236300] MDS: Vulnerable: Clear CPU buffers attempted, no microcode
[    5.241907] Freeing SMP alternatives memory: 36K
[    5.251246] ftrace: allocating 32299 entries in 127 pages
[    5.322544] smpboot: APIC(0) Converting physical 0 to logical package 0
[    5.447091] smpboot: Max logical packages: 1
[    5.531252] x2apic enabled
[    5.532913] Switched APIC routing to physical x2apic.
[    5.536918] ..TIMER: vector=0x30 apic1=0 pin1=2 apic2=-1 pin2=-1
[    5.645048] smpboot: CPU0: Intel(R) Core(TM)2 Duo CPU     E8400  @ 3.00GHz (family: 0x6, model: 0x17, stepping: 0xa)
[    5.677956] Performance Events: unsupported p6 CPU model 23 no PMU driver, software events only.
[    5.838429] KVM setup paravirtual spinlock
[    5.883263] x86: Booting SMP configuration:
[    5.945616] .... node  #0, CPUs:      #1
[    6.001655] kvm-clock: cpu 1, msr 0:3ffe3041, secondary cpu clock
[    6.010826] mce: CPU supports 0 MCE banks
[    6.013989] x86: Booted up 1 node, 2 CPUs
[    6.015879] smpboot: Total of 2 processors activated (11969.92 BogoMIPS)
[    6.018386] devtmpfs: initialized
[    6.022439] evm: security.selinux
[    6.023714] evm: security.SMACK64
[    6.024966] evm: security.SMACK64EXEC
[    6.039575] evm: security.SMACK64TRANSMUTE
[    6.111935] evm: security.SMACK64MMAP
[    6.162094] evm: security.ima
[    6.163267] evm: security.capability
[    6.164876] clocksource: jiffies: mask: 0xffffffff max_cycles: 0xffffffff, max_idle_ns: 7645041785100000 ns
[    6.269858] futex hash table entries: 512 (order: 3, 32768 bytes)
[    6.271876] pinctrl core: initialized pinctrl subsystem
[    6.273737] RTC time: 16:47:25, date: 08/22/19
[    6.275661] NET: Registered protocol family 16
[    6.344919] cpuidle: using governor ladder
[    6.360973] cpuidle: using governor menu
[    6.362366] PCCT header not found.
[    6.363686] ACPI: bus type PCI registered
[    6.365126] acpiphp: ACPI Hot Plug PCI Controller Driver version: 0.5
[    6.367159] PCI: Using configuration type 1 for base access
[    6.385863] ACPI: Added _OSI(Module Device)
[    6.387298] ACPI: Added _OSI(Processor Device)
[    6.433659] ACPI: Added _OSI(3.0 _SCP Extensions)
[    6.521666] ACPI: Added _OSI(Processor Aggregator Device)
[    6.618539] ACPI: Executed 1 blocks of module-level executable AML code
[    6.667337] ACPI: Interpreter enabled
[    6.668711] ACPI: (supports S0 S5)
[    6.725653] ACPI: Using IOAPIC for interrupt routing
[    6.759169] PCI: Using host bridge windows from ACPI; if necessary, use "pci=nocrs" and report a bug
[    6.766737] ACPI: PCI Root Bridge [PCI0] (domain 0000 [bus 00-ff])
[    6.768625] acpi PNP0A03:00: _OSC: OS supports [ASPM ClockPM Segments MSI]
[    6.825708] acpi PNP0A03:00: _OSC: not requesting OS control; OS requires [ExtendedConfig ASPM ClockPM MSI]
[    6.924882] acpi PNP0A03:00: fail to add MMCONFIG information, can't access extended PCI configuration space under this bridge.
[    6.930047] PCI host bridge to bus 0000:00
[    6.933522] pci_bus 0000:00: root bus resource [io  0x0000-0x0cf7 window]
[    6.935508] pci_bus 0000:00: root bus resource [io  0x0d00-0xffff window]
[    6.937512] pci_bus 0000:00: root bus resource [mem 0x000a0000-0x000bffff window]
[    7.018229] pci_bus 0000:00: root bus resource [mem 0x40000000-0xfdffffff window]
[    7.134359] pci_bus 0000:00: root bus resource [bus 00-ff]
[    7.171921] pci 0000:00:01.1: legacy IDE quirk: reg 0x10: [io  0x01f0-0x01f7]
[    7.204336] pci 0000:00:01.1: legacy IDE quirk: reg 0x14: [io  0x03f6]
[    7.231533] pci 0000:00:01.1: legacy IDE quirk: reg 0x18: [io  0x0170-0x0177]
[    7.361842] pci 0000:00:01.1: legacy IDE quirk: reg 0x1c: [io  0x0376]
[    7.510158] pci 0000:00:07.0: quirk: [io  0x4000-0x403f] claimed by PIIX4 ACPI
[    7.518216] pci 0000:00:07.0: quirk: [io  0x4100-0x410f] claimed by PIIX4 SMB
[    7.527716] ACPI: PCI Interrupt Link [LNKA] (IRQs 5 9 10 *11)
[    7.531580] ACPI: PCI Interrupt Link [LNKB] (IRQs 5 9 *10 11)
[    7.534031] ACPI: PCI Interrupt Link [LNKC] (IRQs 5 *9 10 11)
[    7.536457] ACPI: PCI Interrupt Link [LNKD] (IRQs 5 9 10 *11)
[    7.539021] ACPI: Enabled 2 GPEs in block 00 to 07
[    7.563941] vgaarb: setting as boot device: PCI:0000:00:02.0
[    7.565705] vgaarb: device added: PCI:0000:00:02.0,decodes=io+mem,owns=io+mem,locks=none
[    7.568470] vgaarb: loaded
[    7.569620] vgaarb: bridge control possible 0000:00:02.0
[    7.571949] SCSI subsystem initialized
[    7.573766] ACPI: bus type USB registered
[    7.575220] usbcore: registered new interface driver usbfs
[    7.576953] usbcore: registered new interface driver hub
[    7.578700] usbcore: registered new device driver usb
[    7.592351] PCI: Using ACPI for IRQ routing
[    7.594526] NetLabel: Initializing
[    7.595803] NetLabel:  domain hash size = 128
[    7.597276] NetLabel:  protocols = UNLABELED CIPSOv4
[    7.609985] NetLabel:  unlabeled traffic allowed by default
[    7.612064] amd_nb: Cannot enumerate AMD northbridges
[    7.613832] clocksource: Switched to clocksource kvm-clock
[    7.707666] Apprmor: AppArmor Filesystem Enabled
[    7.788829] pnp: PnP ACPI init
[    7.791091] pnp: PnP ACPI: found 3 evices
[   7.829406] clocksource: acp_pm: mask: 0xffffff max_cycles: 0xffffff, max_idle_ns: 2085701024 ns
[    7.891378] NET: Registered protocol family 2

[    7.893489] TCP etablished hash table entries: 8192 (order: 4, 65536 bytes)
[    7.925138] TCP bind hash table entries: 8192 (order: 5, 131072 bytes)
[    7.927147] TCP: Hash tables configured (established 8192 bind 8192)
[    7.948972] UDP hash table entries: 512 (order: 2, 16384 bytes)
[    7.95086] UDP-Lite hash table entries: 512 (order: 2, 16384 bytes)
[    8.179028] NET: Registered protocol family 1
[    8.180575] pci 0000:00:00.0: Limiting direct PCI/PCI transfers
[    8.182438] pci 0000:00:01.0: Activating ISA DMA hang workarounds
[    8.184570] Unpacking initramfs...
[  8.432308] Freeing initrd memory: 14828K
[    8.492883] clocksource: tsc: mask: 0xffffffffffffffff max_cycles: 0x2b2285792ea, max_idle_ns: 440795280120 ns
[    8.496059] ptform rtc_cmos: registered platform RTC device (no PNP device found)
[    8.557703] Scanning for low memory corruption every 60 seconds

[    8.560348] audit: initializing netlink subsys (disabled)
[    8.562088] audit: type=2000 audit(1566492446.848:1): initialized
[    8.564323] Initialise system trusted keyring
[    8.566049] HugeTLB registered 2 MB page size, pre-allocated 0 pages
[    8.569947] zbud: loaded
[    8.571430] VFS: Disk quotas dquot_6.6.0
[    8.572868] VFS: Dquot-cache hash table entries: 512 (order 0, 4096 bytes)
[    8.616717] squashfs: version 4.0 (2009/01/31) Phillip Lougher
[    8.618921] fuse init (API version 7.23)
[    8.620491] Key type big_key registered
[    8.621940] Allocating IMA MOK and blacklist keyrings.
[    8.625142] Key type asymmetric registered
[    8.626614] Asymmetric key parser 'x509' registered
[    8.628254] Block layer SCSI generic (bsg) driver version 0.4 loaded (major 249)
[    8.631011] io scheduler noop registered
[    8.632398] io scheduler deadline registered (default)
[    8.634128] io scheduler cfq registered
[    8.635634] pci_hotplug: PCI Hot Plug PCI Core version: 0.5
[    8.637401] pciehp: PCI Express Hot Plug Controller Driver version: 0.4
[    8.724455] ACPI: AC Adapter [AC] (on-line)
[    8.820173] input: Power Button as /devices/LNXSYSTM:00/LNXPWRBN:00/input/input0
[    8.976736] ACPI: Power Button [PWRF]
[    8.978172] input: Sleep Button as /devices/LNXSYSTM:00/LNXSLPBN:00/input/input1
[    8.980757] ACPI: Sleep Button [SLPF]
[    8.982426] GHES: HEST is not enabled!
[    9.066845] Serial: 8250/16550 driver, 32 ports, IRQ sharing enabled
[    9.091629] 00:02: ttyS0 at I/O 0x3f8 (irq = 4, base_baud = 115200) is a 16550A
[    9.095753] Linux agpgart interface v0.103
[    9.099636] loop: module loaded
[    9.145016] scsi host0: ata_piix
[    9.200173] scsi host1: ata_piix
[    9.203257] ata1: PATA max UDMA/33 cmd 0x1f0 ctl 0x3f6 bmdma 0xd000 irq 14
[    9.205363] ata2: PATA max UDMA/33 cmd 0x170 ctl 0x376 bmdma 0xd008 irq 15
[    9.269564] libphy: Fixed MDIO Bus: probed
[    9.276441] tun: Universal TUN/TAP device driver, 1.6
[    9.278178] tun: (C) 1999-2004 Max Krasnyansky <maxk@qualcomm.com>
[    9.280182] PPP generic driver version 2.4.2
[    9.281831] ehci_hcd: USB 2.0 'Enhanced' Host Controller (EHCI) Driver
[    9.356583] ehci-pci: EHCI PCI platform driver
[    9.358191] ehci-platform: EHCI generic platform driver
[    9.408749] ohci_hcd: USB 1.1 'Open' Host Controller (OHCI) Driver
[    9.527834] ohci-pci: OHCI PCI platform driver
[    9.531089] ohci-platform: OHCI generic platform driver
[    9.704204] uhci_hcd: USB Universal Host Controller Interface driver
[    9.949058] i8042: PNP: PS/2 Controller [PNP0303:PS2K,PNP0f03:PS2M] at 0x60,0x64 irq 1,12
[    9.952578] serio: i8042 KBD port at 0x60,0x64 irq 1
[    9.954186] serio: i8042 AUX port at 0x60,064 irq 12
[    9.985436] mousedev: PS/2 mouse device common for all mice

[    9.987625] rtc_cmos rtc_cmos: rtc core: registered rtc_cmos as rtc0
[    9.989634] rtc_cmos rtc_cmos: alarms up to one day, 114 bytes nvram
[   10.103984] input: AT Translated Set 2 keyboard as /devices/platform/i8042/serio0/input/input3
[   10.105888] i2c /dev entries driver
[   10.105970] device-mapper: uevent: version 1.0.3
[   10.106067] device-mapper: ioctl: 4.34.0-ioctl (2015-10-28) initialised: dm-devel@redhat.com
[   10.106099] ledtrig-cpu: registered to indicate activity on CPUs
[   10.106527] NET: Registered protocol family 10
[   10.106903] NET: Registered protocol family 17
[   10.106926] Key type dns_resolver registered
[   10.107283] registered taskstats version 1
[   10.107308] Loading compiled-in X.509 certificates
[   10.108359] Loaded X.509 cert 'Build time autogenerated kernel key: 65139e04a67245b562a838c28b5e7032abdd4348'
[   10.108388] zswap: loaded using pool lzo/zbud
[   10.121246] Key type trusted registered
[   10.152717] Key type encrypted registered
[   10.152721] AppArmor: AppArmor sha1 policy hashing enabled
[   10.152738] ima: No TPM chip found, activating TPM-bypass!
[   10.152742] ima: Allocated hash algorithm: sha1
[   10.152777] evm: HMAC attrs: 0x1
[   10.153111]   Magic number: 15:598:793
[   10.154199] rtc_cmos rtc_cmos: setting system clock to 2019-08-22 16:47:29 UTC (1566492449)
[   10.154385] BIOS EDD facility v0.16 2004-Jun-25, 0 devices found
[   10.154385] EDD information not available.
[   10.189577] Freeing unused kernel memory: 1484K
[   10.209919] Write protecting the kernel read-only data: 14336k
[   10.233291] Freeing unused kernel memory: 1616K
[   10.235188] Freeing unused kernel memory: 68K
Loading, please wait...
starting version 229
[   10.377945] random: systemd-udevd: uninitialized urandom read (16 bytes read, 2 bits of entropy available)
[   10.384421] random: systemd-udevd: uninitialized urandom read (16 bytes read, 2 bits of entropy available)
[   10.388037] random: udevadm: uninitialized urandom read (16 bytes read, 2 bits of entropy available)
[   10.388181] random: udevadm: uninitialized urandom read (16 bytes read, 2 bits of entropy available)
[   10.399552] random: systemd-udevd: uninitialized urandom read (16 bytes read, 2 bits of entropy available)
[   10.404573] random: systemd-udevd: uninitialized urandom read (16 bytes read, 2 bits of entropy available)
[   10.441680] random: systemd-udevd: uninitialized urandom read (16 bytes read, 2 bits of entropy available)
[   10.446653] random: systemd-udevd: uninitialized urandom read (16 bytes read, 2 bits of entropy available)
[   10.451640] random: systemd-udevd: uninitialized urandom read (16 bytes read, 2 bits of entropy available)
[   10.463540] random: systemd-udevd: uninitialized urandom read (16 bytes read, 2 bits of entropy available)
[   10.805741] e1000: Intel(R) PRO/1000 Network Driver - version 7.3.21-k8-NAPI
[   10.809759] e1000: Copyright (c) 1999-2006 Intel Corporation.
[   10.867509] Fusion MPT base driver 3.04.20
[   10.875490] Copyright (c) 1999-2008 LSI Corporation
[   10.934007] Fusion MPT SPI Host driver 3.04.20
[   11.095818] input: ImExPS/2 Generic Explorer Mouse as /devices/platform/i8042/serio1/input/input5
[   11.961604] e1000 0000:00:03.0 eth0: (PCI:33MHz:32-bit) 02:1e:e5:6d:71:21
[   11.963883] e1000 0000:00:03.0 eth0: Intel(R) PRO/1000 Network Connection
[   11.967697] mptbase: ioc0: Initiating bringup
[   11.970600] e1000 0000:00:03.0 enp0s3: renamed from eth0
[   12.038379] ioc0: LSI53C1030 A0: Capabilities={Initiator}
[   12.211708] scsi host2: ioc0: LSI53C1030 A0, FwRev=00000000h, Ports=1, MaxQ=256, IRQ=20
[   12.342516] scsi 2:0:0:0: Direct-Access     VBOX     HARDDISK         1.0  PQ: 0 ANSI: 5
[   12.350522] scsi target2:0:0: Beginning Domain Validation
[   12.353756] scsi target2:0:0: Domain Validation skipping write tests
[   12.355681] scsi target2:0:0: Ending Domain Validation
[   12.357404] scsi target2:0:0: asynchronous
[   12.359431] scsi 2:0:1:0: Direct-Access     VBOX     HARDDISK         1.0  PQ: 0 ANSI: 5
[   12.362194] scsi target2:0:1: Beginning Domain Validation
[   12.365587] scsi target2:0:1: Domain Validation skipping write tests
[   12.367513] scsi target2:0:1: Ending Domain Validation
[   12.369258] scsi target2:0:1: asynchronous
[   12.378129] sd 2:0:0:0: [sda] 20971520 512-byte logical blocks: (10.7 GB/10.0 GiB)
[   12.378507] sd 2:0:0:0: Attached scsi generic sg0 type 0
[   12.384339] sd 2:0:1:0: Attached scsi generic sg1 type 0
[   12.390429] sd 2:0:1:0: [sdb] 20480 512-byte logical blocks: (10.5 MB/10.0 MiB)
[   12.390534] sd 2:0:0:0: [sda] Write Protect is off
[   12.390652] sd 2:0:0:0: [sda] Incomplete mode parameter data
[   12.390654] sd 2:0:0:0: [sda] Assuming drive cache: write through
[   12.399968] sd 2:0:1:0: [sdb] Write Protect is off
[   12.401850] sd 2:0:1:0: [sdb] Incomplete mode parameter data
[   12.415752]  sda: sda1
[   12.417382] sd 2:0:0:0: [sda] Attached SCSI disk
[   12.440320] sd 2:0:1:0: [sdb] Assuming drive cache: write through
[   12.512037] sd 2:0:1:0: [sdb] Attached SCSI disk
Begin: Loading essential drivers[   15.128668] md: linear personality registered for level -1
 ... [   15.164008] md: multipath personality registered for level -4
[   15.192992] md: raid0 personality registered for level 0
[   15.221608] md: raid1 personality registered for level 1
[   15.313858] raid6: sse2x1   gen()  4519 MB/s
[   15.385852] raid6: sse2x1   xor()  4687 MB/s
[   15.453858] raid6: sse2x2   gen()  5579 MB/s
[   15.521856] raid6: sse2x2   xor()  5971 MB/s
[   15.589847] raid6: sse2x4   gen()  8705 MB/s
[   15.660457] raid6: sse2x4   xor()  6516 MB/s
[   15.662774] raid6: using algorithm sse2x4 gen() 8705 MB/s
[   15.664457] raid6: .... xor() 6516 MB/s, rmw enabled
[   15.666111] raid6: using ssse3x2 recovery algorithm
[   15.669767] xor: measuring software checksum speed
[   15.717850]    prefetch64-sse: 11992.000 MB/sec
[   15.761849]    generic_sse: 10331.000 MB/sec
[   15.763353] xor: using function: prefetch64-sse (11992.000 MB/sec)
[   15.769742] async_tx: api initialized (async)
[   15.804557] md: raid6 personality registered for level 6
[   15.807804] md: raid5 personality registered for level 5
[   15.811046] md: raid4 personality registered for level 4
[   15.878919] md: raid10 personality registered for level 10
done.
Begin: Running /scripts/init-premount ... done.
Begin: Mounting root file system ... Begin: Running /scripts/local-top ... done.
Begin: Running /scripts/local-premount ... [   16.053225] Btrfs loaded
Scanning for Btrfs filesystems
done.
Warning: fsck not present, so skipping root file system
[   16.311496] EXT4-fs (sda1): mounted filesystem with ordered data mode. Opts: (null)
done.
Begin: Running /scripts/local-bottom ... done.
Begin: Running /scripts/init-bottom ... done.
[   17.181998] systemd[1]: systemd 229 running in system mode. (+PAM +AUDIT +SELINUX +IMA +APPARMOR +SMACK +SYSVINIT +UTMP +LIBCRYPTSETUP +GCRYPT +GNUTLS +ACL +XZ -LZ4 +SECCOMP +BLKID +ELFUTILS +KMOD -IDN)
[   17.191622] systemd[1]: Detected virtualization oracle.
[   17.198732] systemd[1]: Detected architecture x86-64.

Welcome to [1mUbuntu 16.04.6 LTS[0m!

[   17.217254] systemd[1]: Set hostname to <ubuntu>.
[   17.230861] systemd[1]: Initializing machine ID from random generator.
[   17.250945] systemd[1]: Installed transient /etc/machine-id file.
[   17.536729] random: nonblocking pool is initialized
[  18.319137] systemd[1]: Reached target Swap.
[[0;32m  OK  [0m] Reached target Swap.
[   18.939254] systemd[1]: Set up automount Arbitrary Executable File Formats File System Automount Point.
[[0;32m  OK  [0m] Set up automount Arbitrary Executab...ats File System Automount Point.
[   19.187526] systemd[1]: Created slice System Slice
[[0;32m  OK  [0m] Created slice System Slice.
[   19.301148] systemd[1]: Created slice system-serial\x2dgetty.slice.
[[0;32m  OK  [0m] Created slice system-serial\x2dgetty.slice.
[   19.305135] systemd[1]: Listeing on udev Control Socket.
[[0;32m  OK  [0m] Listening on udev Control Socket.
[   19.338213] systemd[1]: Listening on udev Kernel Socket.
[[0;32m  OK  [0m] Listening on udev Kernel Socket.
[   19.439010] systemd[1]: Listening on LVM2 metadata daemon socket.
[[0;32m  OK  [0m] Listening on LVM2 metadata daemon socket.
[ 19.445761] systemd[1]: Listening on Journal Audit Socket.
[[0;32m  OK  [0m] Listening on Journal Audit Socket.
[   19.517973] systemd[1]: Reached target Encrypted Volumes.
[[0;32m  OK  [0m] Reached target Encrypted Volumes.
[   19.525353] systemd[1]: Started Trigger resolvconf update for networkd DNS.
[[0;32m  OK  [0m] Started Trigger resolvconf update for networkd DNS.
[   19.531561] systemd[1]: Listening on Journal Socket.
[[0;32m  OK  [0m] Listening on Journal Socket.

[   19.567962] systemd[1]: Starting Load Kernel Modules...
         Starting Load Kernel Modules...
[   19.583213] systemd[1]: Starting Remount Root and Kernel File Systems...
         Starting Remount Root and Kernel File Systems...
[   19.631492] systemd[1]: Starting Create list of required static device nodes for the current kernel...
         Starting Create list of required st... nodes for the current kernel...
[   19.698116] EXT4-fs (sda1): re-mounted. Opts: (null)
[   19.702988] Loading iSCSI transport class v2.0-870.
[   19.715410] systemd[1]: Mounting Huge Pages File System...
         Mounting Huge Pages File System...
[   19.758991] systemd[1]: Mounting Debug File System...
         Mountin[   19.768391] iscsi: registered transport (tcp)
g Debug File System...
[   19.824581] systemd[1]: Starting Uncomplicated firewall...
         Starting Uncomplicated firewall...
[   19.857589] systemd[1]: Mounting POSIX Message Queue File System...
         Mounting POSIX Message Queue File System...
[   19.891053] systemd[1]: Listening on Device-mapper event daemon FIFOs.
[[0;32m  OK  [0m] Listening on Device-mapper event daemon FIFOs.
[   19.912699] iscsi: registered transport (iser)
[   19.936376] systemd[1]: Starting Monitoring of LVM2 mirrors, snapshots etc. using dmeventd or progress polling...
         Starting Monitoring of LVM2 mirrors... dmeventd or progress polling...
[   19.957710] systemd[1]: Created slice User and Session Slice.
[[0;32m  OK  [0m] Created slice User and Session Slice.
[   19.975420] systemd[1]: Reached target Slices.
[[0;32m  OK  [0m] Reached target Slices.
[   19.979570] systemd[1]: Reached target User and Group Name Lookups.
[[0;32m  OK  [0m] Reached target User and Group Name Lookups.
[   19.989807] systemd[1]: Reached target System Time Synchronized.
[[0;32m  OK  [0m] Reached target System Time Synchronized.
[   19.998252] systemd[1]: Listening on /dev/initctl Compatibility Named Pipe.
[[0;32m  OK  [0m] Listening on /dev/initctl Compatibility Named Pipe.
[   20.043073] systemd[1]: Starting Set console keymap...
         Starting Set console keymap...
[   20.053894] systemd[1]: Listening on Syslog Socket.
[[0;32m  OK  [0m] Listening on Syslog Socket.
[   20.064557] systemd[1]: Listening on Journal Socket (/dev/log).
[[0;32m  OK  [0m] Listening on Journal Socket (/dev/log).
[   20.095244] systemd[1]: Starting Journal Service...
         Starting Journal Service...
[   20.120050] systemd[1]: Started Forward Password Requests to Wall Directory Watch.
[[0;32m  OK  [0m] Started Forward Password Requests to Wall Directory Watch.
[   20.133001] systemd[1]: Starting Nameserver information manager...
         Starting Nameserver information manager...
[   20.139424] systemd[1]: Listening on LVM2 poll daemon socket.
[[0;32m  OK  [0m] Listening on LVM2 poll daemon socket.
[   20.185494] systemd[1]: Mounted POSIX Message Queue File System.
[[0;32m  OK  [0m] Mounted POSIX Message Queue File System.
[   20.191734] systemd[1]: Mounted Huge Pages File System.
[[0;32m  OK  [0m] Mounted Huge Pages File System.
[   20.209828] systemd[1]: Mounted Debug File System.
[[0;32m  OK  [0m] Mounted Debug File System.
[   20.220781] systemd[1]: Started Load Kernel Modules.
[[0;32m  OK  [0m] Started Load Kernel Modules.
[   20.229930] systemd[1]: Started Remount Root and Kernel File Systems.
[[0;32m  OK  [0m] Started Remount Root and Kernel File Systems.
[   20.239069] systemd[1]: Started Create list of required static device nodes for the current kernel.
[[0;32m  OK  [0m] Started Create list of required sta...ce nodes for the current kernel.
[   20.251148] systemd[1]: Started Uncomplicated firewall.
[[0;32m  OK  [0m] Started Uncomplicated firewall.
[   20.338432] systemd[1]: Started Journal Service.
[[0;32m  OK  [0m] Started Journal Service.
[[0;32m  OK  [0m] Started Nameserver information manager.
[[0;32m  OK  [0m] Started Set console keymap.
[[0;32m  OK  [0m] Started LVM2 metadata daemon.
         Starting Create Static Device Nodes in /dev...
         Starting udev Coldplug all Devices...
         Starting Flush Journal to Persistent Storage...
         Starting Load/Save Random Seed...
         Starting Apply Kernel Variables...
         Mounting FUSE Control File System...
[[0;32m  OK  [0m] Started Create Static Device Nodes in /dev.
[[0;32m  OK  [0m] Started Load/Save Random Seed.
[[0;32m  OK  [0m] Started Apply Kernel Variables.
[[0;32m  OK  [0m] Mounted FUSE Control File System.
[[0;32m  OK  [0m] Started Flush Journal to Persistent Storage.
         Starting udev Kernel Device Manager...
[[0;32m  OK  [0m] Started Monitoring of LVM2 mirrors,...ng dmeventd or progress polling.
[[0;32m  OK  [0m] Reached target Local File Systems (Pre).
[[0;32m  OK  [0m] Reached target Local File Systems.
         Starting Tell Plymouth To Write Out Runtime Data...
         Starting Set console font and keymap...
         Starting Create Volatile Files and Directories...
         Starting LSB: AppArmor initialization...
         Starting Commit a transient machine-id on disk...
         Starting Initial cloud-init job (pre-networking)...
[[0;32m  OK  [0m] Started Tell Plymouth To Write Out Runtime Data.
[[0;32m  OK  [0m] Started udev Coldplug all Devices.
[[0;32m  OK  [0m] Started Commit a transient machine-id on disk.
[[0;32m  OK  [0m] Started Create Volatile Files and Directories.
[[0;32m  OK  [0m] Started udev Kernel Device Manager.
         Starting Update UTMP about System Boot/Shutdown...
[[0;32m  OK  [0m] Started Dispatch Password Requests to Console Directory Watch.
[[0;32m  OK  [0m] Started Update UTMP about System Boot/Shutdown.
[[0;32m  OK  [0m] Found device /dev/ttyS0.
[[0;32m  OK  [0m] Listening on Load/Save RF Kill Switch Status /dev/rfkill Watch.
[[0;32m  OK  [0m] Started LSB: AppArmor initialization.
[[0;32m  OK  [0m] Started Set console font and keymap.
[[0;32m  OK  [0m] Created slice system-getty.slice.
[   22.167783] cloud-init[464]: Cloud-init v. 19.1-1-gbaa47854-0ubuntu1~16.04.1 running 'init-local' at Thu, 22 Aug 2019 16:47:46 +0000. Up 20.27 seconds.
[[0;32m  OK  [0m] Started Initial cloud-init job (pre-networking).
[[0;32m  OK  [0m] Reached target Network (Pre).
         Starting Raise network interfaces...
[[0;32m  OK  [0m] Started Raise network interfaces.
[[0;32m  OK  [0m] Reached target Network.
         Starting Initial cloud-init job (metadata service crawler)...
[   28.257083] cloud-init[950]: Cloud-init v. 19.1-1-gbaa47854-0ubuntu1~16.04.1 running 'init' at Thu, 22 Aug 2019 16:47:51 +0000. Up 25.05 seconds.
[   28.499127] cloud-init[950]: ci-info: ++++++++++++++++++++++++++++++++++++++Net device info++++++++++++++++++++++++++++++++++++++
[   28.519955] cloud-init[950]: ci-info: +--------+------+----------------------------+---------------+--------+-------------------+
[   28.523316] cloud-init[950]: ci-info: | Device |  Up  |          Address           |      Mask     | Scope  |     Hw-Address    |
[[0;32m  OK  [0m] Started Initial cloud-init job (metadata service crawler).
[   28.525992] cloud-init[950]: ci-info: +--------+------+----------------------------+---------------+--------+-------------------+
[[0;32m  OK  [0m] Reached target System Initialization.
[[0;32m  OK  [0m] Listening on UUID daemon activation socket.
[   28.747490] cloud-init[950]: ci-info: | enp0s3 | True |         10.0.2.15          | 255.255.255.0 | global | 02:1e:e5:6d:71:21 |
[   28.855286] cloud-init[950]: ci-info: | enp0s3 | True | fe80::1e:e5ff:fe6d:7121/64 |       .       |  link  | 02:1e:e5:6d:71:21 |
[   28.864184] cloud-init[950]: ci-info: |   lo   | True |         127.0.0.1          |   255.0.0.0   |  host  |         .         |
[[0;32m  OK  [0m] Started ACPI Events Check.
[[0;32m  OK  [0m] Reached target Paths.
[   28.884135] [cloud-init[0;32m  OK  [0m[950]: ] ci-info: |   lo   | True |          ::1/128           |       .       |  host  |         .         |Listening on D-Bus System Message Bus Socket.

[   28.954293] [cloud-init[0;32m  OK  [0m[950]: ] ci-info: +--------+------+----------------------------+---------------+--------+-------------------+Started Daily Cleanup of Temporary Directories.

[[0;32m  OK  [0m] Listening on ACPID Listen Socket.
         Starting Socket activation for snappy daemon.
[   29.018999] cloud-init[950]: ci-info: +++++++++++++++++++++++++++Route IPv4 info++++++++++++++++++++++++++++
[   29.057790] cloud-init[950]: ci-info: +-------+-------------+----------+---------------+-----------+-------+
[   29.061687] cloud-init[950]: ci-info: | Route | Destination | Gateway  |    Genmask    | Interface | Flags |
         Starting LXD - unix socket.
[   29.067095] cloud-init[950]: ci-info: +-------+-------------+----------+---------------+-----------+-------+
[   29.256516] cloud-init[950]: ci-info: |   0   |   0.0.0.0   | 10.0.2.2 |    0.0.0.0    |   enp0s3  |   UG  |
[   29.319124] cloud-init[950]: ci-info: |   1   |   10.0.2.0  | 0.0.0.0  | 255.255.255.0 |   enp0s3  |   U   |
[[0;32m  OK  [0m] Started Daily apt download activities.
[[0;32m  OK  [0m] Started Daily apt upgrade and clean activities.
[[0;32m  OK  [0m] Reached target Timers.
[   29.428399] cloud-init[950]: ci-info: +-------+-------------+----------+---------------+-----------+-------+
[[0;32m  OK  [0m] Reached target Cloud-config availability.
[[0;32m  OK  [0m] Reached target Network is Online.
         Starting iSCSI initiator daemon (iscsid)...
[   29.648601] cloud-init[950]: ci-info: +++++++++++++++++++Route IPv6 info+++++++++++++++++++[[0;32m  OK  [0m] Listening on Socket activation for snappy daemon.
[[0;32m  OK  [0m] Listening on LXD - unix socket.
[[0;32m  OK  [0m] Reached target Sockets.
[[0;32m  OK  [0m] Reached target Basic System.

[   29.711948] cloud-init[950]: ci-info: +-------+-------------+---------+-----------+-------+
[   29.720513] cloud-init[950]: ci-info: | Route | Destination | Gateway | Interface | Flags |
[   29.728393]          Starting LSB: Record successful boot for GRUB...
         Starting System Logging Service...
cloud-init[950]: ci-info: +-------+-------------+---------+-----------+-------+
[[0;32m  OK  [0m] Started D-Bus System Message Bus.
[   29.809156] cloud-init[950]: ci-info: |   0   |  fe80::/64  |    ::   |   enp0s3  |   U   |
[   29.872212] cloud-init[950]: ci-info: |   4   |   ff00::/8  |    ::   |   enp0s3  |   U   |
[   29.877870] cloud-init[950]: ci-info: +-------+-------------+---------+-----------+-------+
[   29.883270] cloud-init[950]: Generating public/private rsa key pair.
[   29.888672] cloud-init[950]: Your identification has been saved in /etc/ssh/ssh_host_rsa_key.
[   29.927669] cloud-init[950]: Your public key has been saved in /etc/ssh/ssh_host_rsa_key.pub.
[   29.930899] cloud-init[950]: The key fingerprint is:
[   29.933029] cloud-init[950]: SHA256:bNbADHORhG/UX84UOEgpmfvwdc4uXOnLwJa7cAWReV0 root@ubuntu-xenial
[   29.935609] cloud-init[950]: The key's randomart image is:
[   29.952142] cloud-init[950]: +---[RSA 2048]----+
[   29.963833] cloud-init[950]: |      oo+B.o.+.oE|
[   29.967570] cloud-init[950]: |      .** + =.+ .|
[   29.981694] cloud-init[950]: |       o+o ..B   |
[   30.040710] cloud-init[950]: |       .=o  o.+  |
[   30.058980] cloud-init[950]: |       .S+.. +.. |
[   30.061039] cloud-init[950]: |       o  o. o=  |
[   30.071050] cloud-init[950]: |          ..*+   |
[   30.074972] cloud-init[950]: |           +o+o  |
[   30.078390] cloud-init[950]: |            ooo. |
[   30.081574] cloud-init[950]: +----[SHA256]-----+
[   30.085604] cloud-init[950]: Generating public/private dsa key pair.
[   30.089327] cloud-init[950]: Your identification has been saved in /etc/ssh/ssh_host_dsa_key.
[   30.093472] cloud-init[950]: Your public key has been saved in /etc/ssh/ssh_host_dsa_key.pub.
[   30.107351] cloud-init[950]: The key fingerprint is:
[   30.116948] cloud-init[950]: SHA256:fviGoSjeWJfjbNucaR58TJLMTFT1SN/vzdIve8eCbpo root@ubuntu-xenial
[   30.121890] cloud-init[950]: The key's randomart image is:
[   30.125853] cloud-init[950]: +---[DSA 1024]----+
[   30.129115] cloud-init[950]: |        ....o    |
[   30.131745] cloud-init[950]: |       .   . + . |
[   30.135456] cloud-init[950]: |        .   . o .|
[   30.138315] cloud-init[950]: |       = .      .|
[   30.141563] cloud-init[950]: |        S .     .|
[   30.152132] cloud-init[950]: |       +.=     +.|
[   30.159152] cloud-init[950]: |    ..+.=o+  ...=|
[   30.176837] cloud-init[950]: |  .+.+o+oB..o o.=|
[   30.211852] cloud-init[950]: | .o...++*.E+. .=o|
[   30.220428] cloud-init[950]: +----[SHA256]-----+
[   30.222528] cloud-init[950]: Generating public/private ecdsa key pair.
[   30.225752] cloud-init[950]: Your identification has been saved in /etc/ssh/ssh_host_ecdsa_key.
         Starting Pollinate to seed the pseudo random number generator...
         Starting Accounts Service...
         Starting LSB: MD monitoring daemon...
[   30.256310] cloud-init[950]: Your public key has been saved in /etc/ssh/ssh_host_ecdsa_key.pub.
[[0;32m  OK  [0m] Started ACPI event daemon.
[   30.345082] cloud-init[950]: The key fingerprint is:
[   30.388036] cloud-init[950]: SHA256:RWf7djOQokq5xhnkMWOAchQv6Kf/V5WY7jycQ3O+aWI root@ubuntu-xenial
[   30.408791] cloud-init[950]: The key's randomart image is:
[   30.481965] cloud-init[950]: +---[ECDSA 256]---+
         Starting Snappy daemon...
[   30.511430] cloud-init[950]: |  .oo.    . o    |
[   30.528659] cloud-init[950]: | ..o. .  . o ..  |
[   30.541602] cloud-init[950]: | .o. . *  +.oo   |
         Starting /etc/rc.local Compatibility...
[   30.582363] cloud-init[950]: |.   . + =+.o...  |
[   30.642594] cloud-init[950]: | . .   =S..   oo.|
[   30.665296] cloud-init[950]: |  o   o == . . .o|
[[0;32m  OK  [0m] Started Deferred execution scheduler.[   30.695882] cloud-init[950]: | .     ** =      |

[   30.697770] cloud-init[950]: |  .   .. E o.    |
[   30.737366] cloud-init[950]: |   .... . =o.    |
[[0;32m  OK  [0m] Started Regular background program processing daemon.
[   30.817625] cloud-init[950]: +----[SHA256]-----+
[   30.817993] cloud-init[950]: Generating public/private ed25519 key pair.
[   30.818923] cloud-init[950]: Your identification has been saved in /etc/ssh/ssh_host_ed25519_key.
[   30.819534] cloud-init[950]: Your public key has been saved in /etc/ssh/ssh_host_ed25519_key.pub.
         [   31.049793] cloud-initStarting LXD - container startup/shutdown...
[950]: The key fingerprint is:
[[0;32m  OK  [0m] Started FUSE filesystem for LXC.
[   31.132899] cloud-init[950]: SHA256:Mg1Lg8cqPcV+AxSciXZxH9vYl2HJpB/Y5UvEavxyrSA root@ubuntu-xenial
[   31.235013] cloud-init[950]: The key's randomart image is:
[   31.268588] cloud-init[950]: +--[ED25519 256]--+
[   31.292740]          cloud-initStarting Virtualbox guest utils...[950]: 
|     o+=. .  o=o.|
[   31.293381] cloud-init[950]: |    o==. . * =+* |
[   31.335544] cloud-init[950]: |   ...X   + * *..|
[   31.346259] cloud-init[950]: |   . * *     *...|
[   31.349399] cloud-init[950]: |  . + = S   . o..|
         Starting Login Service...
[   31.362261] cloud-init[950]: |   . . + .E .. o.|
[   31.384657] [[0;32m  OK  [0m] Started System Logging Service.
cloud-init[950]: |           . .o. |
[   31.444740] cloud-init[950]: |              .  |
[[0;32m  OK  [0m] Started /etc/rc.local Compatibility.
[   31.515965] cloud-init[950]: |                 |
[   31.600835] cloud-init[950]: +----[SHA256]-----+
[[0;32m  OK  [0m] Started iSCSI initiator daemon (iscsid).
         Starting Authenticate and Authorize Users to Run Privileged Tasks...
         Starting Login to default iSCSI targets...
[[0;32m  OK  [0m] Started Login Service.
[[0;32m  OK  [0m] Started LSB: Record successful boot for GRUB.
[[0;32m  OK  [0m] Started Unattended Upgrades Shutdown.
[[0;32m  OK  [0m] Started LSB: MD monitoring daemon.
[[0;32m  OK  [0m] Started Authenticate and Authorize Users to Run Privileged Tasks.
[[0;32m  OK  [0m] Started Login to default iSCSI targets.
[[0;32m  OK  [0m] Started Accounts Service.
[[0;32m  OK  [0m] Reached target Remote File Systems (Pre).
[[0;32m  OK  [0m] Reached target Remote File Systems.
         Starting LSB: automatic crash report generation...
         Starting LSB: Set the CPU Frequency Scaling governor to "ondemand"...
         Starting Permit User Sessions...
         Starting LSB: daemon to balance interrupts for SMP systems...
[[0;32m  OK  [0m] Started Permit User Sessions.
         Starting Terminate Plymouth Boot Screen...
         Starting Hold until boot process finishes up...
[[0;32m  OK  [0m] Started Terminate Plymouth Boot Screen.
[[0;32m  OK  [0m] Started Hold until boot process finishes up.
[[0;32m  OK  [0m] Started Getty on tty1.
[[0;32m  OK  [0m] Started Serial Getty on ttyS0.
[[0;32m  OK  [0m] Reached target Login Prompts.
         Starting Set console scheme...
[[0;32m  OK  [0m] Started LXD - container startup/shutdown.
[[0;32m  OK  [0m] Started Virtualbox guest utils.
[[0;32m  OK  [0m] Started Set console scheme.
[[0;32m  OK  [0m] Started LSB: Set the CPU Frequency Scaling governor to "ondemand".
[[0;32m  OK  [0m] Started LSB: daemon to balance interrupts for SMP systems.
[[0;32m  OK  [0m] Started LSB: automatic crash report generation.
[[0;32m  OK  [0m] Started Snappy daemon.
         Starting Wait until snapd is fully seeded...
[[0;32m  OK  [0m] Started Pollinate to seed the pseudo random number generator.
         Starting OpenBSD Secure Shell server...
[[0;32m  OK  [0m] Started OpenBSD Secure Shell server.
[[0;32m  OK  [0m] Created slice User Slice of vagrant.
         Starting User Manager for UID 1000...
[[0;32m  OK  [0m] Started Session 1 of user vagrant.
[[0;32m  OK  [0m] Started User Manager for UID 1000.
[[0;32m  OK  [0m] Started Wait until snapd is fully seeded.
         Starting Apply the settings specified in cloud-config...
[[0;32m  OK  [0m] Reached target Multi-User System.
[[0;32m  OK  [0m] Reached target Graphical Interface.
         Starting Update UTMP about System Runlevel Changes...
[[0;32m  OK  [0m] Started Update UTMP about System Runlevel Changes.

Ubuntu 16.04.6 LTS ubuntu-xenial ttyS0

ubuntu-xenial login: [   40.972852] cloud-init[1387]: Generating locales (this might take a while)...
[   44.040842] cloud-init[1387]:   en_US.UTF-8... done
[   44.046955] cloud-init[1387]: Generation complete.
[   46.472726] cloud-init[1387]: Cloud-init v. 19.1-1-gbaa47854-0ubuntu1~16.04.1 running 'modules:config' at Thu, 22 Aug 2019 16:48:06 +0000. Up 40.10 seconds.
ci-info: no authorized ssh keys fingerprints found for user ubuntu.
<14>Aug 22 16:48:14 ec2: 
<14>Aug 22 16:48:14 ec2: #############################################################
<14>Aug 22 16:48:14 ec2: -----BEGIN SSH HOST KEY FINGERPRINTS-----
<14>Aug 22 16:48:14 ec2: 1024 SHA256:fviGoSjeWJfjbNucaR58TJLMTFT1SN/vzdIve8eCbpo root@ubuntu-xenial (DSA)
<14>Aug 22 16:48:14 ec2: 256 SHA256:RWf7djOQokq5xhnkMWOAchQv6Kf/V5WY7jycQ3O+aWI root@ubuntu-xenial (ECDSA)
<14>Aug 22 16:48:14 ec2: 256 SHA256:Mg1Lg8cqPcV+AxSciXZxH9vYl2HJpB/Y5UvEavxyrSA root@ubuntu-xenial (ED25519)
<14>Aug 22 16:48:14 ec2: 2048 SHA256:bNbADHORhG/UX84UOEgpmfvwdc4uXOnLwJa7cAWReV0 root@ubuntu-xenial (RSA)
<14>Aug 22 16:48:14 ec2: -----END SSH HOST KEY FINGERPRINTS-----
<14>Aug 22 16:48:14 ec2: #############################################################
-----BEGIN SSH HOST KEY KEYS-----
ecdsa-sha2-nistp256 AAAAE2VjZHNhLXNoYTItbmlzdHAyNTYAAAAIbmlzdHAyNTYAAABBBAF23NwSENRQSeu5mLPVcqlZOuCCtNz/x8ZBWFOUe3UNY5Cp/84tKrRc7S9KvPnMX9queH970RGeBozwIrOSDOg= root@ubuntu-xenial
ssh-ed25519 AAAAC3NzaC1lZDI1NTE5AAAAIJivleerD4M9i3Vy+HF3a3in97bOpkPnbAWQDRXvzof6 root@ubuntu-xenial
ssh-rsa AAAAB3NzaC1yc2EAAAADAQABAAABAQC1wmaGX5VOQgzX8vu9IT3FiXqq7I98IpUE5TfrlJQP4pwgW+DcyEloa4krbraEOSqq3X9/47Mk3Gw9lwtqvSuFlg+ei+/FEX0QvHwR76vwI/3LwC7+UcchEmr2E/zUBANjHuYb3OQLYQ2kPsIZrL5ATDm1KrzUr0TafowkHm6apPNuBvkeS3U2Ap0da8JU0G/xmE/riD5ZRk/8hTPvgsIDIUkeNDg9ebVt0bs/BpFUh9/O/ZehuEPkpb3ghdRl83+pD1I0s0j/0WjOPgGUMRadyOenuIpm9D4oVseNUvR6quU3Me7dtVySdLXQpv6CKiwK4LmtW987Bar4RwaBCr8P root@ubuntu-xenial
-----END SSH HOST KEY KEYS-----
[   48.206643] cloud-init[1579]: Cloud-init v. 19.1-1-gbaa47854-0ubuntu1~16.04.1 running 'modules:final' at Thu, 22 Aug 2019 16:48:14 +0000. Up 47.61 seconds.
[   48.207354] cloud-init[1579]: ci-info: no authorized ssh keys fingerprints found for user ubuntu.
[   48.207990] cloud-init[1579]: Cloud-init v. 19.1-1-gbaa47854-0ubuntu1~16.04.1 finished at Thu, 22 Aug 2019 16:48:14 +0000. Datasource DataSourceNoCloud [seed=/dev/sdb][dsmode=net].  Up 48.17 seconds
