[    0.000000] Initializing cgroup subsys cpust
[    0.000000] Initializing cgroup subsys cpu
[    0.000000] Initializing cgroup subsys cpuacct
[    0.000000] Linux version 4.4.0-154-generic (buildd@lgw01-amd64-049) (gcc version 5.4.0 20160609 (Ubuntu 5.4.0-6ubuntu1~16.04.10) ) #181-Ubuntu SMP Tue Jun 25 05:29:03 UTC 2019 (Ubuntu 4.4.0-154.181-generic 4.4.179)
[    0.000000] Command line: BOOT_IMAGE=/boot/vmlinuz-4.4.0-154-generic root=LABEL=cloudimg-rootfs ro console=tty1 console=ttyS0
[    0.000000] KERNEL supported cpus:
[    0.000000]   Intel GenuineIntel
[    0.000000]   AMD AuthenticAMD
[    0.000000]   Centaur CentaurHauls
[    0.000000] x86/fpu: Legacy x87 FPU detected.
[    0.000000] e820: BIOS-provided physical RAM map:
[    0.000000] BIOS-e820: [mem 0x0000000000000000-0x000000000009fbff] usable
[    0.000000] BIOS-e820: [mem 0x000000000009fc00-0x000000000009ffff] reserved
[    0.000000] BIOS-e820: [mem 0x00000000000f0000-0x00000000000fffff] reserved
[    0.000000] BIOS-e820: [mem 0x0000000000100000-0x000000003ffeffff] usable
[    0.000000] BIOS-e820: [mem 0x000000003fff0000-0x000000003fffffff] ACPI data
[    0.000000] BIOS-e820: [mem 0x00000000fec00000-0x00000000fec00fff] reserved
[    0.000000] BIOS-e820: [mem 0x00000000fee00000-0x00000000fee00fff] reserved
[    0.000000] BIOS-e820: [mem 0x00000000fffc0000-0x00000000ffffffff] reserved
[    0.000000] NX (Execute Disable) protection: active
[    0.000000] SMBIOS 2.5 present.
[    0.000000] Hypervisor detected: KVM
[    0.000000] e820: last_pfn = 0x3fff0 max_arch_pfn = 0x400000000
[    0.000000] MTRR: Disabled
[    0.000000] x86/PAT: MTRRs disabled, skipping PAT initialization too.
[    0.000000] CPU MTRRs all blank - virtualized system.
[    0.000000] x86/PAT: Configuration [0-7]: WB  WT  UC- UC  WB  WT  UC- UC  
[    0.000000] found SMP MP-table at [mem 0x0009fff0-0x0009ffff] mapped at [ffff88000009fff0]
[    0.000000] Scanning 1 areas for low memory corruption
[    0.000000] RAMDISK: [mem 0x362fa000-0x37174fff]
[    0.000000] ACPI: Early table checksum verification disabled
[    0.000000] ACPI: RSDP 0x00000000000E0000 000024 (v02 VBOX  )
[    0.000000] ACPI: XSDT 0x000000003FFF0030 00003C (v01 VBOX   VBOXXSDT 00000001 ASL  00000061)
[    0.000000] ACPI: FACP 0x000000003FFF00F0 0000F4 (v04 VBOX   VBOXFACP 00000001 ASL  00000061)
[    0.000000] ACPI: DSDT 0x000000003FFF0470 0021FF (v02 VBOX   VBOXBIOS 00000002 INTL 20180105)
[    0.000000] ACPI: FACS 0x000000003FFF0200 000040
[    0.000000] ACPI: FACS 0x00000003FFF020 00040
[    0.000000] ACPI: APIC 0x000000003FFF0240 00005C (v02 VBOX   VBOXAPIC 00000001 ASL  00000061)
[    0.000000] ACPI: SSDT 0x000000003FFF02A0 0001CC (v01 VBOX   VBOXCPUT 00000002 INTL 20180105)
[    0.000000] No NUMA configuration found
[    0.000000] Faking a node at [mem 0x0000000000000000-0x000000003ffeffff]
[    0.000000] NODE_DATA(0) allocated [mem 0x3ffeb000-0x3ffeffff]
[    0.000000] kvm-clock: Using msrs 4b564d01 and 4b564d00
[    0.000000] kvm-clock: cpu 0, msr 0:3ffe3001, primary cpu clock
[    0.000000] kvm-clock: using sched offset of 5106560124 cycles
[    0.000000] clocksource: kvm-clock: mask: 0xffffffffffffffff max_cycles: 0x1cd42e4dffb, max_idle_ns: 881590591483 ns
[    0.000000] Zone ranges:
[    0.000000]   DMA      [mem 0x0000000000001000-0x0000000000ffffff]
[    0.000000]   DMA32    [mem 0x0000000001000000-0x000000003ffeffff]
[    0.000000]   Normal   empty
[    0.000000]   Device   empty
[    0.000000] Movable zone start for each node
[    0.000000] Early memory node ranges
[    0.000000]   node   0: [mem 0x0000000000001000-0x000000000009efff]
[    0.000000]   node   0: [mem 0x0000000000100000-0x000000003ffeffff]
[    0.000000] Initmem setup node 0 [mem 0x0000000000001000-0x000000003ffeffff]
[    0.000000] ACPI: PM-Timer IO Port: 0x4008
[    0.000000] IOAPIC[0]: apic_id 2, version 32, address 0xfec00000, GSI 0-23
[    0.000000] ACPI: INT_SRC_OVR (bus 0 bus_irq 0 global_irq 2 dfl dfl)
[    0.000000] ACPI: INT_SRC_OVR (bus 0 bus_irq 9 global_irq 9 low level)
[    0.000000] Using ACPI (MADT) for SMP configuration information
[    0.000000] smpboot: Allowing 2 CPUs, 0 hotplug CPUs
[    0.000000] PM: Registered nosave memory: [mem 0x00000000-0x00000fff]
[    0.000000] PM: Registered nosave memory: [mem 0x0009f000-0x0009ffff]
[    0.000000] PM: Registered nosave memory: [mem 0x000a0000-0x000effff]
[    0.000000] PM: Registered nosave memory: [mem 0x000f0000-0x000fffff]
[    0.000000] e820: [mem 0x40000000-0xfebfffff] available for PCI devices
[    0.000000] Booting paravirtualized kernel on KVM
[    0.000000] clocksource: refined-jiffies: mask: 0xffffffff max_cycles: 0xffffffff, max_idle_ns: 7645519600211568 ns
[    0.000000] setup_percpu: NR_CPUS:512 nr_cpumask_bits:512 nr_cpu_ids:2 nr_node_ids:1
[    0.000000] PERCPU: Embedded 34 pages/cpu @ffff88003fc00000 s99480 r8192 d31592 u1048576
[    0.000000] Built 1 zonelists in Node order, mobility grouping on.  Total pages: 257912
[    0.000000] Policy zone: DMA32
[    0.000000] Kernel command line: BOOT_IMAGE=/boot/vmlinuz-4.4.0-154-generic root=LABEL=cloudimg-rootfs ro console=tty1 console=ttyS0
[    0.000000] PID hash table entries: 4096 (order: 3, 32768 bytes)
[    0.000000] Memory: 997732K/1048120K available (8613K kernel code, 1335K rwdata, 4028K rodata, 1484K init, 1284K bss, 50388K reserved, 0K cma-reserved)
[    0.000000] SLUB: HWalign=64, Order=0-3, MinObjects=0, CPUs=2, Nodes=1
[    0.000000] Kernel/User page tables isolation: enabled
[    0.000000] Hierarchical RCU implementation.
[    0.000000] 	Build-time adjustment of leaf fanout to 64.
[    0.000000] 	RCU restricting CPUs from NR_CPUS=512 to nr_cpu_ids=2.
[    0.000000] RCU: Adjusting geometry for rcu_fanout_leaf=64, nr_cpu_ids=2
[    0.000000] NR_IRQS:33024 nr_irqs:440 16
[    0.000000] Console: colour VGA+ 80x25
[    0.000000] console [tty1] enabled
[    0.000000] console [ttyS0] enabled
[    0.000000] tsc: Detected 2992.480 MHz processor
[    0.972954] Calibrating delay loop (skipped) preset value.. 5984.96 BogoMIPS (lpj=11969920)
[    0.975844] pid_max: default: 32768 minimum: 301
[    0.977361] ACPI: Core revision 20150930
[    0.980018] ACPI: 2 ACPI AML tables successfully acquired and loaded
[    0.982154] Security Framework initialized
[    0.983568] Yama: becoming mindful.
[    0.984918] AppArmor: AppArmor initialized
[    0.986502] Dentry cache hash table entries: 131072 (order: 8, 1048576 bytes)
[    0.989128] Inode-cache hash table entries: 65536 (order: 7, 524288 bytes)
[    0.991405] Mount-cache hash table entries: 2048 (order: 2, 16384 bytes)
[    0.993363] Mountpoint-cache hash table entries: 2048 (order: 2, 16384 bytes)
[    0.996299] Initializing cgroup subsys io
[    1.042444] Initializing cgroup subsys memory
[    1.043927] Initializing cgroup subsys devices
[    1.045447] Initializing cgroup subsys freezer
[    1.046950] Initializing cgroup subsys net_cls
[    1.082490] Initializing cgroup subsys perf_event
[    1.122311] Initializing cgroup subsys net_prio
[    1.195719] Initializing cgroup subsys hugetlb
[    1.271522] Initializing cgroup subsys pids
[    1.273061] mce: CPU supports 0 MCE banks
[    1.274510] Last level iTLB entries: 4KB 128, 2MB 4, 4MB 4
[    1.308293] Last level dTLB entries: 4KB 256, 2MB 0, 4MB 32, 1GB 0
[    1.312702] Spectre V2 : Mitigation: Full generic retpoline
[    1.314426] Spectre V2 : Spectre v2 / SpectreRSB mitigation: Filling RSB on context switch
[    1.412440] Speculative Store Bypass: Vulnerable
[    1.414901] MDS: Vulnerable: Clear CPU buffers attempted, no microcode
[    1.420479] Freeing SMP alternatives memory: 36K
[    1.429763] ftrace: allocating 32299 entries in 127 pages
[    1.500927] smpboot: APIC(0) Converting physical 0 to logical package 0
[    1.608390] smpboot: Max logical packages: 1
[    1.646507] x2apic enabled
[    1.654668] Switched APIC routing to physical x2apic.
[    1.670204] ..TIMER: vector=0x30 apic1=0 pin1=2 apic2=-1 pin2=-1
[    1.834659] smpboot: CPU0: Intel(R) Core(TM)2 Duo CPU     E8400  @ 3.00GHz (family: 0x6, model: 0x17, stepping: 0xa)
[    1.838243] Performance Events: unsupported p6 CPU model 23 no PMU driver, software events only.
[    1.939927] KVM setup paravirtual spinlock
[    2.018746] x86: Booting SMP configuration:
[    2.020190] .... node  #0, CPUs:      #1
[    2.021573] kvm-clock: cpu 1, msr 0:3ffe3041, secondary cpu clock
[    2.031915] mce: CPU supports 0 MCE banks
[    2.035093] x86: Booted up 1 node, 2 CPUs
[    2.036975] smpboot: Total of 2 processors activated (11969.92 BogoMIPS)
[    2.039562] devtmpfs: initialized
[    2.043612] evm: security.selinux
[    2.044861] evm: security.SMACK64
[    2.046118] evm: security.SMACK64EXEC
[    2.047446] evm: security.SMACK64TRANSMUTE
[    2.048856] evm: security.SMACK64MMAP
[    2.050191] evm: security.ima
[    2.051362] evm: security.capability
[    2.052858] clocksource: jiffies: mask: 0xffffffff max_cycles: 0xffffffff, max_idle_ns: 7645041785100000 ns
[    2.056023] futex hash table entries: 512 (order: 3, 32768 bytes)
[    2.059146] pinctrl core: initialized pinctrl subsystem
[    2.060984] RTC time: 16:42:31, date: 08/08/19
[    2.062883] NET: Registered protocol family 16
[    2.078685] cpuidle: using governor ladder
[    2.094787] cpuidle: using governor menu
[    2.096223] PCCT header not found.
[    2.097545] ACPI: bus type PCI registered
[    2.098957] acpiphp: ACPI Hot Plug PCI Controller Driver version: 0.5
[    2.100995] PCI: Using configuration type 1 for base access
[    2.119698] ACPI: Added _OSI(Module Device)
[    2.139684] ACPI: Added _OSI(Processor Device)
[    2.235678] ACPI: Added _OSI(3.0 _SCP Extensions)
[    2.247152] ACPI: Added _OSI(Processor Aggregator Device)
[    2.278637] ACPI: Executed 1 blocks of module-level executable AML code
[    2.283236] ACPI: Interpreter enabled
[    2.284560] ACPI: (supports S0 S5)
[    2.285828] ACPI: Using IOAPIC for interrupt routing
[    2.329520] PCI: Using host bridge windows from ACPI; if necessary, use "pci=nocrs" and report a bug
[    2.470280] ACPI: PCI Root Bridge [PCI0] (domain 0000 [bus 00-ff])
[    2.493050] acpi PNP0A03:00: _OSC: OS supports [ASPM ClockPM Segments MSI]
[    2.541516] acpi PNP0A03:00: _OSC: not requesting OS control; OS requires [ExtendedConfig ASPM ClockPM MSI]
[    2.544587] acpi PNP0A03:00: fail to add MMCONFIG information, can't access extended PCI configuration space under this bridge.
[    2.570567] PCI host bridge to bus 0000:00
[    2.655643] pci_bus 0000:00: root bus resource [io  0x0000-0x0cf7 window]
[    2.657619] pci_bus 0000:00: root bus resource [io  0x0d00-0xffff window]
[    2.659598] pci_bus 0000:00: root bus resource [mem 0x000a0000-0x000bffff window]
[    2.662202] pci_bus 0000:00: root bus resource [mem 0x40000000-0xfdffffff window]
[    2.733131] pci_bus 0000:00: root bus resource [bus 00-ff]
[    2.771416] pci 0000:00:01.1: legacy IDE quirk: reg 0x10: [io  0x01f0-0x01f7]
[    2.875977] pci 0000:00:01.1: legacy IDE quirk: reg 0x14: [io  0x03f6]
[    2.984671] pci 0000:00:01.1: legacy IDE quirk: reg 0x18: [io  0x0170-0x0177]
[    2.986766] pci 0000:00:01.1: legacy IDE quirk: reg 0x1c: [io  0x0376]
[    3.013096] pci 0000:00:07.0: quirk: [io  0x4000-0x403f] claimed by PIIX4 ACPI
[    3.018612] pci 0000:00:07.0: quirk: [io  0x4100-0x410f] claimed by PIIX4 SMB
[    3.028649] ACPI: PCI Interrupt Link [LNKA] (IRQs 5 9 10 *11)
[    3.033531] ACPI: PCI Interrupt Link [LNKB] (IRQs 5 9 *10 11)
[    3.035982] ACPI: PCI Interrupt Link [LNKC] (IRQs 5 *9 10 11)
[    3.038408] ACPI: PCI Interrupt Link [LNKD] (IRQs 5 9 10 *11)
[    3.044137] ACPI: Enabled 2 GPEs in block 00 to 07
[    3.068935] vgaarb: setting as boot device: PCI:0000:00:02.0
[    3.070690] vgaarb: device added: PCI:0000:00:02.0,decodes=io+mem,owns=io+mem,locks=none
[    3.073438] vgaarb: loaded
[    3.074553] vgaarb: bridge control possible 0000:00:02.0
[    3.076882] SCSI subsystem initialized
[    3.078701] ACPI: bus type USB registered
[    3.080143] usbcore: registered new interface driver usbfs
[    3.081866] usbcore: registered new interface driver hub
[    3.091397] usbcore: registered new device driver usb
[    3.093474] PCI: Using ACPI for IRQ routing
[    3.095621] NetLabel: Initializing
[    3.096883] NetLabel:  domain hash size = 128
[    3.098350] NetLabel:  protocols = UNLABELED CIPSOv4
[    3.184850] NetLabel:  unlabeled traffic allowed by default
[    3.187023] amd_nb: Cannot enumerate AMD northbridges
[    3.188768] clocksource: Switched to clocksource kvm-clock
[    3.204831] AppArmor: AppArmor Filesystem Enabled
[    3.211699] pnp: PnP ACPI init
[    3.213946] pnp: PnP ACPI: found 3 devices
[    3.227081] clocksource: acpi_pm: mask: 0xffffff max_cycles: 0xffffff, max_idle_ns: 2085701024 ns
[    3.230066] NET: Registered protocol family 2
[    3.232102] TCP established hash table entries: 8192 (order: 4, 65536 bytes)
[    3.234301] TCP bind hash table entries: 8192 (order: 5, 131072 bytes)
[    3.236377] TCP: Hash tables configured (established 8192 bind 8192)
[    3.238450] UDP hash table entries: 512 (order: 2, 16384 bytes)
[    3.240377] UDP-Lite hash table entries: 512 (order: 2, 16384 bytes)
[    3.242472] NET: Registered protocol family 1
[    3.244063] pci 0000:00:00.0: Limiting direct PCI/PCI transfers
[    3.245976] pci 0000:00:01.0: Activating ISA DMA hang workarounds
[    3.248179] Unpacking initramfs...
[  3.505206] Freeing initrd memory: 14828K
[    3.565465] clocksource: tsc: mask: 0xfffffffffffffff max_cycles: 0x2b2285792ea, max_idle_ns: 440795280120 ns
[    3.597984] platform rtc_cmos: registered platform RTC device (no PNP device found)
[    3.600714] Scanning for low memory corruption every 60 seconds

[    3.603673] audit: initializing netlink subsys (disabled)
[    3.610765] audit: type=2000 audit(1565282556.644:1): initialized
[    3.613028] Initialise system trusted keyring
[    3.614711] HugeTLB registered 2 MB page size, pre-allocated 0 pages
[    3.618534] zbud: loaded
[    3.620014] VFS: Disk quotas dquot_6.6.0
[    3.621666] VFS: Dquot-cache hash table entries: 512 (order 0, 4096 bytes)
[    3.624021] squashfs: version 4.0 (2009/01/31) Phillip Lougher
[    3.626290] fuse init (API version 7.23)
[    3.627936] Key type big_key registered
[    3.629324] Allocating IMA MOK and blacklist keyrings.
[    3.632469] Key type asymmetric registered
[    3.633956] Asymmetric key parser 'x509' registered
[    3.635614] Block layer SCSI generic (bsg) driver version 0.4 loaded (major 249)
[    3.659312] io scheduler noop registered
[    3.660698] io scheduler deadline registered (default)
[    3.675708] io scheduler cfq registered
[    3.677242] pci_hotplug: PCI Hot Plug PCI Core version: 0.5
[    3.679012] pciehp: PCI Express Hot Plug Controller Driver version: 0.4
[    3.681174] ACPI: AC Adapter [AC] (on-line)
[    3.682717] input: Power Button as /devices/LNXSYSTM:00/LNXPWRBN:00/input/input0
[    3.685381] ACPI: Power Button [PWRF]
[    3.686802] input: Sleep Button as /devices/LNXSYSTM:00/LNXSLPBN:00/input/input1
[    3.689430] ACPI: Sleep Button [SLPF]
[    3.691055] GHES: HEST is not enabled!
[    3.692602] Serial: 8250/16550 driver, 32 ports, IRQ sharing enabled
ÿ[    3.812765] 00:02: ttyS0 at I/O 0x3f8 (irq = 4, base_baud = 115200) is a 16550A
[    3.820011] Linux agpgart interface v0.103
[    3.824342] loop: module loaded
[    3.826564] scsi host0: ata_piix
[    3.828014] scsi host1: ata_piix
[    3.829339] ata1: PATA max UDMA/33 cmd 0x1f0 ctl 0x3f6 bmdma 0xd000 irq 14
[    3.834128] ata2: PATA max UDMA/33 cmd 0x170 ctl 0x376 bmdma 0xd008 irq 15
[    3.836374] libphy: Fixed MDIO Bus: probed
[    3.837981] tun: Universal TUN/TAP device driver, 1.6
[    3.839728] tun: (C) 1999-2004 Max Krasnyansky <maxk@qualcomm.com>
[    3.841809] PPP generic driver version 2.4.2
[    3.843507] ehci_hcd: USB 2.0 'Enhanced' Host Controller (EHCI) Driver
[    3.845598] ehci-pci: EHCI PCI platform driver
[    3.847174] ehci-platform: EHCI generic platform driver
[    3.850574] ohci_hcd: USB 1.1 'Open' Host Controller (OHCI) Driver
[    3.852533] ohci-pci: OHCI PCI platform driver
[    3.863776] ohci-platform: OHCI generic platform driver
[    3.871346] uhci_hcd: USB Universal Host Controller Interface driver
[    3.873465] i8042: PNP: PS/2 Controller [PNP0303:PS2K,PNP0f03:PS2M] at 0x60,0x64 irq 1,12
[    3.877107] serio: i8042 KBD port at 0x60,0x64 irq 1
[    3.890051] serio: i8042 AUX port at 0x60,0x64 irq 12
[    3.998592] mousedev: PS/2 mouse device common for all mice
[    4.001201] input: AT Translated Set 2 keyboard as /devices/platform/i8042/serio0/input/input2
[    4.004157] rtc_cmos rtc_cmos: rtc core: registered rtc_cmos as rtc0
[    4.007181] rtc_cmos rtc_cmos: alarms up to one day, 114 bytes nvram
[    4.009099] i2c /dev entries driver
[    4.010527] device-mapper: uevent: version 1.0.3
[    4.012156] device-mapper: ioctl: 4.34.0-ioctl (2015-10-28) initialised: dm-devel@redhat.com
[    4.015052] ledtrig-cpu: registered to indicate activity on CPUs
[    4.017644] NET: Registered protocol family 10
[    4.019599] NET: Registered protocol family 17
[    4.021128] Key type dns_resolver registered
[    4.023060] registered taskstats version 1
[    4.024560] Loading compiled-in X.509 certificates
[    4.048802] Loaded X.509 cert 'Build time autogenerated kernel key: 65139e04a67245b562a838c28b5e7032abdd4348'
[    4.059589] zswap: loaded using pool lzo/zbud
[    4.120639] Key type trusted registered
[    4.148770] Key type encrypted registered
[    4.150298] AppArmor: AppArmor sha1 policy hashing enabled
[    4.152115] ima: No TPM chip found, activating TPM-bypass!
[    4.153952] ima: Allocated hash algorithm: sha1
[    4.155570] evm: HMAC attrs: 0x1
[    4.157294]   Magic number: 15:992:741
[    4.158768] workqueue writeback: hash matches
[    4.160402] rtc_cmos rtc_cmos: setting system clock to 2019-08-08 16:42:33 UTC (1565282553)
[    4.163613] BIOS EDD facility v0.16 2004-Jun-25, 0 devices found
[    4.165521] EDD information not available.
[    4.183287] Freeing unused kernel memory: 1484K
[    4.200824] Write protecting the kernel read-only data: 14336k
[    4.216699] Freeing unused kernel memory: 1616K
[    4.218682] Freeing unused kernel memory: 68K
Loading, please wait...
starting version 229
[    4.367770] random: systemd-udevd: uninitialized urandom read (16 bytes read, 2 bits of entropy available)
[    4.369802] random: udevadm: uninitialized urandom read (16 bytes read, 2 bits of entropy available)
[    4.369907] random: udevadm: uninitialized urandom read (16 bytes read, 2 bits of entropy available)
[    4.383666] random: systemd-udevd: uninitialized urandom read (16 bytes read, 2 bits of entropy available)
[    4.388704] random: systemd-udevd: uninitialized urandom read (16 bytes read, 2 bits of entropy available)
[    4.393791] random: systemd-udevd: uninitialized urandom read (16 bytes read, 2 bits of entropy available)
[    4.418416] random: systemd-udevd: uninitialized urandom read (16 bytes read, 2 bits of entropy available)
[    4.423453] random: systemd-udevd: uninitialized urandom read (16 bytes read, 2 bits of entropy available)
[    4.428436] random: systemd-udevd: uninitialized urandom read (16 bytes read, 2 bits of entropy available)
[    4.443929] random: systemd-udevd: uninitialized urandom read (16 bytes read, 2 bits of entropy available)
[    4.779349] e1000: Intel(R) PRO/1000 Network Driver - version 7.3.21-k8-NAPI
[    4.782733] e1000: Copyright (c) 1999-2006 Intel Corporation.
[    4.786677] Fusion MPT base driver 3.04.20
[    4.788841] Copyright (c) 1999-2008 LSI Corporation
[    4.881375] Fusion MPT SPI Host driver 3.04.20
[    4.962028] input: ImExPS/2 Generic Explorer Mouse as /devices/platform/i8042/serio1/input/input4
[    5.312799] e1000 0000:00:03.0 eth0: (PCI:33MHz:32-bit) 02:1e:e5:6d:71:21
[    5.347921] e1000 0000:00:03.0 eth0: Intel(R) PRO/1000 Network Connection
[    5.383250] e1000 0000:00:03.0 enp0s3: renamed from eth0
[    5.384800] mptbase: ioc0: Initiating bringup
[    5.449439] ioc0: LSI53C1030 A0: Capabilities={Initiator}
[    5.610552] scsi host2: ioc0: LSI53C1030 A0, FwRev=00000000h, Ports=1, MaxQ=256, IRQ=20
[    5.729273] scsi 2:0:0:0: Direct-Access     VBOX     HARDDISK         1.0  PQ: 0 ANSI: 5
[    5.732023] scsi target2:0:0: Beginning Domain Validation
[    5.735495] scsi target2:0:0: Domain Validation skipping write tests
[    5.747429] scsi target2:0:0: Ending Domain Validation
[    5.749208] scsi target2:0:0: asynchronous
[    5.751186] scsi 2:0:1:0: Direct-Access     VBOX     HARDDISK         1.0  PQ: 0 ANSI: 5
[    5.754004] scsi target2:0:1: Beginning Domain Validation
[    5.757207] scsi target2:0:1: Domain Validation skipping write tests
[    5.759110] scsi target2:0:1: Ending Domain Validation
[    5.760814] scsi target2:0:1: asynchronous
[    5.770316] sd 2:0:0:0: Attached scsi generic sg0 type 0
[    5.772423] sd 2:0:0:0: [sda] 20971520 512-byte logical blocks: (10.7 GB/10.0 GiB)
[    5.775839] sd 2:0:1:0: [sdb] 20480 512-byte logical blocks: (10.5 MB/10.0 MiB)
[    5.776955] sd 2:0:1:0: Attached scsi generic sg1 type 0
[    5.781233] sd 2:0:0:0: [sda] Write Protect is off
[    5.781398] sd 2:0:1:0: [sdb] Write Protect is off
[    5.781503] sd 2:0:1:0: [sdb] Incomplete mode parameter data
[    5.781505] sd 2:0:1:0: [sdb] Assuming drive cache: write through
[    5.812928] sd 2:0:0:0: [sda] Incomplete mode parameter data
[    5.817304] sd 2:0:0:0: [sda] Assuming drive cache: write through
[    5.854846]  sda: sda1
[    5.863100] sd 2:0:1:0: [sdb] Attached SCSI disk
[    5.866705] sd 2:0:0:0: [sda] Attached SCSI disk
Begin: Loading essential drivers ... [    8.287142] md: linear personality registered for level -1
[    8.318807] md: multipath personality registered for level -4
[    8.373799] md: raid0 personality registered for level 0
[    8.408892] md: raid1 personality registered for level 1
[    8.536335] raid6: sse2x1   gen()  5259 MB/s
[    8.626305] raid6: sse2x1   xor()  5106 MB/s
[    8.736329] raid6: sse2x2   gen()  7024 MB/s
[    8.846310] raid6: sse2x2   xor()  6236 MB/s
[    8.950350] raid6: sse2x4   gen()  8175 MB/s
[    9.066325] raid6: sse2x4   xor()  6933 MB/s
[    9.068059] raid6: using algorithm sse2x4 gen() 8175 MB/s
[    9.107354] raid6: .... xor() 6933 MB/s, rmw enabled
[    9.109102] raid6: using ssse3x2 recovery algorithm
[    9.116129] xor: measuring software checksum speed
[    9.156842]    prefetch64-sse: 11489.000 MB/sec
[    9.196782]    generic_sse: 10051.000 MB/sec
[    9.198309] xor: using function: prefetch64-sse (11489.000 MB/sec)
[    9.205811] async_tx: api initialized (async)
[    9.234738] md: raid6 personality registered for level 6
[    9.237868] md: raid5 personality registered for level 5
[    9.240890] md: raid4 personality registered for level 4
[    9.301456] md: raid10 personality registered for level 10
done.
Begin: Running /scripts/init-premount ... done.
Begin: Mounting root file system ... Begin: Running /scripts/local-top ... done.
Begin: Running /scripts/local-premount ... [    9.488503] Btrfs loaded
Scanning for Btrfs filesystems
done.
Warning: fsck not present, so skipping root file system
[    9.788398] EXT4-fs (sda1): mounted filesystem with ordered data mode. Opts: (null)
done.
Begin: Running /scripts/local-bottom ... done.
Begin: Running /scripts/init-bottom ... done.
[  10.689775] random: nonblocking pool is initialized
[   10.969928] systemd[1]: systemd 229 running in system mode. (+PAM +AUDIT +SELINUX +IMA +APPARMOR +SMACK +SYSVINIT +UTMP +LIBCRYPTSETUP +GCRYPT +GNUTLS +ACL +XZ -LZ4 +SECCOMP +BLKID +ELFUTILS +KMOD -IDN)
[   11.002699] systemd[1]: Detected virtualization oracle.
[   11.004390] systemd[1]: Detected architecture x86-64.

Welcome to [1mUbuntu 16.04.6 LTS[0m!

[   11.082731] systemd[1]: Set hostname to <ubuntu-xenial>.
[   12.354134] systemd[1]: Started Forward Password Requests to Wall Directory Watch.
[[0;32m  OK  [0m] Started Forward Password Requests to Wall Directory Watch.
[   12.491322] systemd[1]: Started Trigger resolvconf update for networkd DNS.
[[0;32m  OK  [0m] Started Trigger resolvconf update for networkd DNS.
[   12.495603] systemd[1]: Listening on LVM2 metadata daemon socket.
[[0;32m  OK  [0m] Listening on LVM2 metadata daemon socket.
[   12.580888] systemd[1]: Listening on Journal Socket (/dev/log).
[[0;32m  OK  [0m] Listening on Journal Socket (/dev/log).
[   12.584875] systemd[1]: Listening on udev Control Socket.
[[0;32m  OK  [0m] Listening on udev Control Socket.
[   12.588462] systemd[1]: Reached target System Time Synchronized.
[[0;32m  OK  [0m] Reached target System Time Synchronized.
[   12.600770] systemd[1]: Reached target Encrypted Volumes.
[[0;32m  OK  [0m] Reached target Encrypted Volumes.
[   12.707779] systemd[1]: Listening on Journal Audit Socket.
[[0;32m  OK  [0m] Listening on Journal Audit Socket.
[   12.711387] systemd[1]: Listening on LVM2 poll daemon socket.
[[0;32m  OK  [0m] Listening on LVM2 poll daemon socket.
[   12.715587] systemd[1]: Set up automount Arbitrary Executable File Formats File System Automount Point.
[[0;32m  OK  [0m] Set up automount Arbitrary Executab...ats File System Automount Point.
[   12.755554] systemd[1]: Listening on /dev/initctl Compatibility Named Pipe.
[[0;32m  OK  [0m] Listening on /dev/initctl Compatibility Named Pipe.
[   12.803119] systemd[1]: Created slice User and Session Slice.
[[0;32m  OK  [0m] Created slice User and Session Slice.
[   12.808536] systemd[1]: Reached target User and Group Name Lookups.
[[0;32m  OK  [0m] Reached target User and Group Name Lookups.
[   12.814264] systemd[1]: Listening on Journal Socket.
[[0;32m  OK  [0m] Listening on Journal Socket.
[   12.819062] systemd[1]: Listening on udev Kernel Socket.
[[0;32m  OK  [0m] Listening on udev Kernel Socket.
[   12.824543] systemd[1]: Listening on Syslog Socket.
[[0;32m  OK  [0m] Listening on Syslog Socket.
[   12.830959] systemd[1]: Created slice System Slice.
[[0;32m  OK  [0m] Created slice System Slice.
[   12.874329] systemd[1]: Starting Nameserver information manager...
         Starting Nameserver information manager...
[   12.907789] systemd[1]: Mounting Huge Pages File System...
         Mounting Huge Pages File System...
[   13.015799] systemd[1]: Starting Load Kernel Modules...
         Starting Load Kernel Modules...
[   13.037193] systemd[1]: Reached target Slices.
[[0;32m  OK  [0m] Reached target Slices.
[   13.069482] systemd[1]: Mounting POSIX Message Queue File System...
         Mounting POSIX Message Queue File System...
[   13.099096] systemd[1]: Starting Journal Service...
         Starting Journal Servic[   13.117493] Loading iSCSI transport class v2.0-870.
e...
[   13.124833] systemd[1]: Created slice system-serial\x2dgetty.slice.
[[0;32m  OK  [0m] Created slice system-serial\x2dgetty.slice.
[   13.135367] systemd[1]: Starting Set console keymap...
         Starting Set console keymap...
[   13.160698] systemd[1]: Mounting Debug File System...
         Mounting Debug File System...
[   13.173483] systemd[1]: Reached target Swap.
[[0;32m  OK  [0m] Reached target Swap.
[   13.231943] systemd[1]: Starting Create list of required static device nodes for the current kernel...
[   13.269799] iscsi: registered transport (tcp)
         Starting Create list of required st... nodes for the current kernel...
[   13.310316] systemd[1]: Starting Remount Root and Kernel File Systems...
         Starting Remount Root and Kernel File Systems...
[   13.328814] systemd[1]: Listening on Device-mapper event daemon FIFOs.
[[0;32m  OK  [0m] Listening on Device-mapper event daemon FIFOs.
[   13.366716] systemd[1]: Starting Monitoring of LVM2 mirrors, snapshots etc. using dmeventd or progress polling...
         Starting Monitoring of LVM2 mirrors... dmeventd or progress polling...
[   13.411265] systemd[1]: Starting Uncomplicated firewall...
         Starting Uncomplicated firewall...
[   13.440706] EXT4-fs (sda1): re-mounted. Opts: (null)
[   13.476038] systemd[1]: Mounted POSIX Message Queue File System.
[[0;32m  OK  [0m] Mounted POSIX Message Queue File System.
[   13.488324] systemd[1]: Mounted Huge Pages File System.
[[0;32m  OK  [0m] Mounted Huge Pages File System.
[   13.502712] systemd[1]: Mounted Debug File System.
[[0;32m  OK  [0m] Mounted Debug File System.
[   13.556054] systemd[1]: Started Create list of required static device nodes for the current kernel.
[[0;32m  OK  [0m] Started Create list of required sta...ce nodes for the current kernel.
[   13.603455] systemd[1]: Started Remount Root and Kernel File Systems.
[[0;32m  OK  [0m] Started Remount Root and Kernel File Systems.
[   13.618945] systemd[1]: Started Uncomplicated firewall.
[[0;32m  OK  [0m] Started Uncomplicated firewa[   13.639020] iscsi: registered transport (iser)
ll.
[   13.680574] systemd[1]: Started Nameserver information manager.
[[0;32m  OK  [0m] Started Nameserver information manager.
[   13.709489] systemd[1]: Started Load Kernel Modules.
[[0;32m  OK  [0m] Started Load Kernel Modules.
[   13.746302] systemd[1]: Started Journal Service.
[[0;32m  OK  [0m] Started Journal Service.
[[0;32m  OK  [0m] Started Set console keymap.
[[0;32m  OK  [0m] Started LVM2 metadata daemon.
         Mounting FUSE Control File System...
         Starting Apply Kernel Variables...
         Starting udev Coldplug all Devices...
         Starting Flush Journal to Persistent Storage...
         Starting Load/Save Random Seed...
         Starting Create Static Device Nodes in /dev...
[[0;32m  OK  [0m] Mounted FUSE Control File System.
[[0;32m  OK  [0m] Started Apply Kernel Variables.
[[0;32m  OK  [0m] Started Load/Save Random Seed.
[[0;32m  OK  [0m] Started Flush Journal to Persistent Storage.
[[0;32m  OK  [0m] Started Create Static Device Nodes in /dev.
[[0;32m  OK  [0m] Started Monitoring of LVM2 mirrors,...ng dmeventd or progress polling.
         Starting udev Kernel Device Manager...
[[0;32m  OK  [0m] Reached target Local File Systems (Pre).
[[0;32m  OK  [0m] Reached target Local File Systems.
         Starting Tell Plymouth To Write Out Runtime Data...
         Starting Set console font and keymap...
         Starting Create Volatile Files and Directories...
         Starting Initial cloud-init job (pre-networking)...
         Starting LSB: AppArmor initialization...
[[0;32m  OK  [0m] Started Tell Plymouth To Write Out Runtime Data.
[[0;32m  OK  [0m] Started udev Coldplug all Devices.
[[0;32m  OK  [0m] Started Create Volatile Files and Directories.
         Starting Update UTMP about System Boot/Shutdown...
[[0;32m  OK  [0m] Started Update UTMP about System Boot/Shutdown.
[[0;32m  OK  [0m] Started udev Kernel Device Manager.
[[0;32m  OK  [0m] Started Dispatch Password Requests to Console Directory Watch.
[[0;32m  OK  [0m] Found device /dev/ttyS0.
[[0;32m  OK  [0m] Listening on Load/Save RF Kill Switch Status /dev/rfkill Watch.
[[0;32m  OK  [0m] Started LSB: AppArmor initialization.
[[0;32m  OK  [0m] Started Set console font and keymap.
[[0;32m  OK  [0m] Created slice system-getty.slice.
[[0;32m  OK  [0m] Found device 82540EM Gigabit Ethern...r (PRO/1000 MT Desktop Adapter).
[   19.387014] cloud-init[465]: Cloud-init v. 19.1-1-gbaa47854-0ubuntu1~16.04.1 running 'init-local' at Thu, 08 Aug 2019 16:42:49 +0000. Up 17.90 seconds.
[[0;32m  OK  [0m] Started Initial cloud-init job (pre-networking).
[[0;32m  OK  [0m] Reached target Network (Pre).
         Starting Raise network interfaces...
[[0;32m  OK  [0m] Started ifup for enp0s3.
[[0;32m  OK  [0m] Started Raise network interfaces.
[[0;32m  OK  [0m] Reached target Network.
         Starting Initial cloud-init job (metadata service crawler)...
[   23.670921] cloud-init[975]: Cloud-init v. 19.1-1-gbaa47854-0ubuntu1~16.04.1 running 'init' at Thu, 08 Aug 2019 16:42:54 +0000. Up 22.22 seconds.
[   23.692768] cloud-init[975]: ci-info: ++++++++++++++++++++++++++++++++++++++Net device info++++++++++++++++++++++++++++++++++++++
[   23.885007] cloud-init[975]: ci-info: +--------+------+----------------------------+---------------+--------+-------------------+
[   23.906855] cloud-init[975]: ci-info: | Device |  Up  |          Address           |      Mask     | Scope  |     Hw-Address    |
[   23.923509] cloud-init[975]: ci-info: +--------+------+----------------------------+---------------+--------+-------------------+
[   23.935074] cloud-init[975]: ci-info: | enp0s3 | True |         10.0.2.15          | 255.255.255.0 | global | 02:1e:e5:6d:71:21 |
[   23.965013] cloud-init[975]: ci-info: | enp0s3 | True | fe80::1e:e5ff:fe6d:7121/64 |       .       |  link  | 02:1e:e5:6d:71:21 |
[[0;32m  OK  [0m] Started Initial cloud-init job (metadata service crawler).
[[0;32m  OK  [0m] Reached target Cloud-config availability.
[[   23.970851] cloud-init[975]: ci-info: |   lo   | True |         127.0.0.1          |   255.0.0.0   |  host  |         .         |
[   23.987356] cloud-init[975]: ci-info: |   lo   | True |          ::1/128           |       .       |  host  |         .         |
[   23.992679] cloud-init[975]: ci-info: +--------+------+----------------------------+---------------+--------+-------------------+
[   23.992960] cloud-init[975]: ci-info: +++++++++++++++++++++++++++Route IPv4 info++++++++++++++++++++++++++++
[   23.993407] cloud-init[975]: ci-info: +-------+-------------+----------+---------------+-----------+-------+
[   23.999458] cloud-init[975]: ci-info: | Route | Destination | Gateway  |    Genmask    | Interface | Flags |
[   23.999801] cloud-init[975]: ci-info: +-------+-------------+----------+---------------+-----------+-------+
[   24.000119] cloud-init[975]: ci-info: |   0   |   0.0.0.0   | 10.0.2.2 |    0.0.0.0    |   enp0s3  |   UG  |
[   24.000379] cloud-init[975]: ci-info: |   1   |   10.0.2.0  | 0.0.0.0  | 255.255.255.0 |   enp0s3  |   U   |
[   24.000669] cloud-init[975]: ci-info: +-------+-------------+----------+---------------+-----------+-------+
[   24.011592] cloud-init[975]: ci-info: +++++++++++++++++++Route IPv6 info+++++++++++++++++++
[   24.011882] cloud-init[975]: ci-info: +-------+-------------+---------+-----------+-------+
[   24.012219] cloud-init[975]: ci-info: | Route | Destination | Gateway | Interface | Flags |
[   24.012568] cloud-init[975]: ci-info: +-------+-------------+---------+-----------+-------+
[   24.012881] cloud-init[975]: ci-info: |   0   |  fe80::/64  |    ::   |   enp0s3  |   U   |
[   24.013186] cloud-init[975]: ci-info: |   4   |   ff00::/8  |    ::   |   enp0s3  |   U   |
[   24.013476] cloud-init[975]: ci-info: +-------+-------------+---------+-----------+-------+
[0;32m  OK  [0m] Reached target Network is Online.
         Starting iSCSI initiator daemon (iscsid)...
[[0;32m  OK  [0m] Reached target System Initialization.
[[0;32m  OK  [0m] Listening on UUID daemon activation socket.
[[0;32m  OK  [0m] Listening on ACPID Listen Socket.
[[0;32m  OK  [0m] Started ACPI Events Check.
[[0;32m  OK  [0m] Reached target Paths.
[[0;32m  OK  [0m] Started Daily apt download activities.
[[0;32m  OK  [0m] Started Daily apt upgrade and clean activities.
         Starting Socket activation for snappy daemon.
[[0;32m  OK  [0m] Started Daily Cleanup of Temporary Directories.
[[0;32m  OK  [0m] Reached target Timers.
         Starting LXD - unix socket.
[[0;32m  OK  [0m] Listening on D-Bus System Message Bus Socket.
[[0;32m  OK  [0m] Listening on Socket activation for snappy daemon.
[[0;32m  OK  [0m] Listening on LXD - unix socket.
[[0;32m  OK  [0m] Reached target Sockets.
[[0;32m  OK  [0m] Reached target Basic System.
[[0;32m  OK  [0m] Started Deferred execution scheduler.
         Starting LSB: Record successful boot for GRUB...
[[0;32m  OK  [0m] Started D-Bus System Message Bus.
         Starting Snappy daemon...
         Starting LXD - container startup/shutdown...
[[0;32m  OK  [0m] Started ACPI event daemon.
[[0;32m  OK  [0m] Started FUSE filesystem for LXC.
         Starting Accounts Service...
         Starting System Logging Service...
[[0;32m  OK  [0m] Started Regular background program processing daemon.
         Starting /etc/rc.local Compatibility...
         Starting LSB: MD monitoring daemon...
         Starting Login Service...
         Starting Virtualbox guest utils...
         Starting OpenBSD Secure Shell server...
[[0;32m  OK  [0m] Started iSCSI initiator daemon (iscsid).
[[0;32m  OK  [0m] Started /etc/rc.local Compatibility.
[[0;32m  OK  [0m] Started Login Service.
[[0;32m  OK  [0m] Started Unattended Upgrades Shutdown.
         Starting Login to default iSCSI targets...
[[0;32m  OK  [0m] Started System Logging Service.
[[0;32m  OK  [0m] Started LSB: Record successful boot for GRUB.
         Starting Authenticate and Authorize Users to Run Privileged Tasks...
[[0;32m  OK  [0m] Started Login to default iSCSI targets.
[[0;32m  OK  [0m] Started LSB: MD monitoring daemon.
[[0;32m  OK  [0m] Reached target Remote File Systems (Pre).
[[0;32m  OK  [0m] Reached target Remote File Systems.
         Starting LSB: automatic crash report generation...
         Starting LSB: daemon to balance interrupts for SMP systems...
         Starting LSB: Set the CPU Frequency Scaling governor to "ondemand"...
         Starting Permit User Sessions...
[[0;32m  OK  [0m] Started Permit User Sessions.
         Starting Terminate Plymouth Boot Screen...
         Starting Hold until boot process finishes up...
[[0;32m  OK  [0m] Started Terminate Plymouth Boot Screen.
[[0;32m  OK  [0m] Started Authenticate and Authorize Users to Run Privileged Tasks.
[[0;32m  OK  [0m] Started Accounts Service.
[[0;32m  OK  [0m] Started Hold until boot process finishes up.
         Starting Set console scheme...
[[0;32m  OK  [0m] Started Serial Getty on ttyS0.
[[0;32m  OK  [0m] Started Getty on tty1.
[[0;32m  OK  [0m] Reached target Login Prompts.
[[0;32m  OK  [0m] Started OpenBSD Secure Shell server.
[[0;32m  OK  [0m] Started Set console scheme.
[[0;32m  OK  [0m] Started LSB: Set the CPU Frequency Scaling governor to "ondemand".
[[0;32m  OK  [0m] Started LSB: automatic crash report generation.
[[0;32m  OK  [0m] Started Virtualbox guest utils.
[[0;32m  OK  [0m] Started LXD - container startup/shutdown.
[[0;32m  OK  [0m] Started LSB: daemon to balance interrupts for SMP systems.
[[0;32m  OK  [0m] Created slice User Slice of vagrant.
         Starting User Manager for UID 1000...
[[0;32m  OK  [0m] Started Session 1 of user vagrant.
[[0;32m  OK  [0m] Started User Manager for UID 1000.
[[0;32m  OK  [0m] Started Snappy daemon.
         Starting Wait until snapd is fully seeded...
[[0;32m  OK  [0m] Started Wait until snapd is fully seeded.
[[0;32m  OK  [0m] Reached target Multi-User System.
[[0;32m  OK  [0m] Reached target Graphical Interface.
         Starting Update UTMP about System Runlevel Changes...
         Starting Apply the settings specified in cloud-config...
[[0;32m  OK  [0m] Started Update UTMP about System Runlevel Changes.
[   31.824495] cloud-init[1275]: Cloud-init v. 19.1-1-gbaa47854-0ubuntu1~16.04.1 running 'modules:config' at Thu, 08 Aug 2019 16:43:03 +0000. Up 31.42 seconds.
[[0;32m  OK  [0m] Started Apply the settings specified in cloud-config.
         Starting Execute cloud user/final scripts...
[   33.276214] cloud-init[1333]: Cloud-init v. 19.1-1-gbaa47854-0ubuntu1~16.04.1 running 'modules:final' at Thu, 08 Aug 2019 16:43:04 +0000. Up 32.89 seconds.
[[0;32m  OK  [0m] Started Execute cloud user/final scripts.
[   33.464278] [cloud-init[0;32m  OK  [0m[1333]: ] Cloud-init v. 19.1-1-gbaa47854-0ubuntu1~16.04.1 finished at Thu, 08 Aug 2019 16:43:05 +0000. Datasource DataSourceNoCloud [seed=/dev/sdb][dsmode=net].  Up 33.25 secondsReached target Cloud-init target.


Ubuntu 16.04.6 LTS ubuntu-xenial ttyS0

ubuntu-xenial login:          Stopping ACPI event daemon...
[[0;32m  OK  [0m] Closed Load/Save RF Kill Switch Status /dev/rfkill Watch.
[[0;32m  OK  [0m] Stopped target Graphical Interface.
[[0;32m  OK  [0m] Stopped target Timers.
[[0;32m  OK  [0m] Stopped Daily Cleanup of Temporary Directories.
         Stopping Authenticate and Authorize Users to Run Privileged Tasks...
[[0;32m  OK  [0m] Stopped Daily apt upgrade and clean activities.
[[0;32m  OK  [0m] Stopped Daily apt download activities.
[[0;32m  OK  [0m] Stopped target System Time Synchronized.
[[0;32m  OK  [0m] Stopped target Cloud-init target.
         Stopping User Manager for UID 1000...
         Stopping Accounts Service...
         Stopping Session 3 of user vagrant.
[[0;32m  OK  [0m] Stopped Execute cloud user/final scripts.
[[0;32m  OK  [0m] Stopped target Multi-User System.
         Stopping LSB: Set the CPU Frequency Scaling governor to "ondemand"...
         Stopping LXD - container startup/shutdown...
         Stopping LSB: Record successful boot for GRUB...
         Stopping Deferred execution scheduler...
         Stopping LSB: automatic crash report generation...
         Stopping Unattended Upgrades Shutdown...
         Stopping Virtualbox guest utils...
         Stopping OpenBSD Secure Shell server...
         Stopping Regular background program processing daemon...
         Stopping D-Bus System Message Bus...
         Stopping LSB: MD monitoring daemon...
         Stopping LSB: daemon to balance interrupts for SMP t         Stopping Getty on tty1...
         Stopping System Logging Service...
[[0;32m  OK  [0m] Stopped Apply the settings specified in cloud-config.
[[0;32m  OK  [0m] Stopped Wait until snapd is fully seeded.
[[0;32m  OK  [0m] Stopped target Cloud-config availability.
[[0;32m  OK  [0m] Unmounted /var/lib/lxcfs.
[[0;32m  OK  [0m] Stopped Deferred execution scheduler.
[[0;32m  OK  [0m] Stopped ACPI event daemon.
[[0;32m  OK  [0m] Stopped Accounts Service.
[[0;32m  OK  [0m] Stopped System Logging Service.
[[0;32m  OK  [0m] Stopped Regular background program processing daemon.
[[0;32m  OK  [0m] Stopped Unattended Upgrades Shutdown.
[[0;32m  OK  [0m] Stopped Authenticate and Authorize Users to Run Privileged Tasks.
[[0;32m  OK  [0m] Stopped OpenBSD Secure Shell server.
[[0;32m  OK  [0m] Stopped Serial Getty on ttyS0.
[[0;32m  OK  [0m] Stopped Getty on tty1.
[[0;32m  OK  [0m] Stopped User Manager for UID 1000.
[[0;32m  OK  [0m] Stopped Session 3 of user vagrant.
[[0;32m  OK  [0m] Stopped D-Bus System Message Bus.
[[0;32m  OK  [0m] Stopped FUSE filesystem for LXC.
[[0;32m  OK  [0m] Stopped LSB: Set the CPU Frequency Scaling governor to "ondemand".
[[0;32m  OK  [0m] Stopped LXD - container startup/shutdown.
[[0;32m  OK  [0m] Removed slice User Slice of vagrant.
[[0;32m  OK  [0m] Removed slice system-getty.slice.
[[0;32m  OK  [0m] Removed slice system-serial\x2dgetty.slice.
         Stopping Permit User Sessions...
[[0;32m  OK  [0m] Stopped /etc/rc.local Compatibility.
         Stopping Login Service...
[[0;32m  OK  [0m] Stopped LSB: automatic crash report generation.
[[0;32m  OK  [0m] Stopped LSB: Record successful boot for GRUB.
[[0;32m  OK  [0m] Stopped Permit User Sessions.
[[0;32m  OK  [0m] Stopped LSB: MD monitoring daemon.
[[0;32m  OK  [0m] Stopped Login Service.
[[0;32m  OK  [0m] Stopped LSB: daemon to balance interrupts for SMP systems.
[[0;32m  OK  [0m] Stopped target Remote File Systems.
[[0;32m  OK  [0m] Stopped target Remote File Systems (Pre).
         Stopping Login to default iSCSI targets...
[[0;32m  OK  [0m] Stopped target User and Group Name Lookups.
[[0;32m  OK  [0m] Stopped Virtualbox guest utils.
[[0;32m  OK  [0m] Stopped target Basic System.
[[0;32m  OK  [0m] Stopped target Slices.
[[0;32m  OK  [0m] Removed slice User and Session Slice.
[[0;32m  OK  [0m] Stopped target Sockets.
[[0;32m  OK  [0m] Closed UUID daemon activation socket.
[[0;32m  OK  [0m] Closed LXD - unix socket.
[[0;32m  OK  [0m] Closed Socket activation for snappy daemon.
[[0;32m  OK  [0m] Closed ACPID Listen Socket.
[[0;32m  OK  [0m] Closed D-Bus System Message Bus Socket.
[[0;32m  OK  [0m] Closed Syslog Socket.
[[0;32m  OK  [0m] Stopped target Paths.
[[0;32m  OK  [0m] Stopped Dispatch Password Requests to Console Directory Watch.
[[0;32m  OK  [0m] Stopped Forward Password Requests to Wall Directory Watch.
[[0;32m  OK  [0m] Stopped ACPI Events Check.
[[0;32m  OK  [0m] Stopped target System Initialization.
[[0;32m  OK  [0m] Stopped target Swap.
[[0;32m  OK  [0m] Stopped Create Volatile Files and Directories.
[[0;32m  OK  [0m] Stopped target Encrypted Volumes.
         Stopping Load/Save Random Seed...
[[0;32m  OK  [0m] Stopped Load/Save Random Seed.
[[0;32m  OK  [0m] Stopped Login to default iSCSI targets.
         Stopping iSCSI initiator daemon (iscsid)...
[[0;32m  OK  [0m] Stopped iSCSI initiator daemon (iscsid).
[[0;32m  OK  [0m] Stopped target Network is Online.
[[0;32m  OK  [0m] Stopped target Network.
[[0;32m  OK  [0m] Stopped Initial cloud-init job (metadata service crawler).
         Stopping Raise network interfaces...
[[0;32m  OK  [0m] Stopped Raise network interfaces.
[[0;32m  OK  [0m] Stopped Apply Kernel Variables.
[[0;32m  OK  [0m] Stopped target Network (Pre).
[[0;32m  OK  [0m] Stopped Initial cloud-init job (pre-networking).
[[0;32m  OK  [0m] Stopped Load Kernel Modules.
[[0;32m  OK  [0m] Stopped target Local File Systems.
         Unmounting /vagrant...
         Unmounting /run/user/1000...
[[0;32m  OK  [0m] Unmounted /vagrant.
[[0;32m  OK  [0m] Unmounted /run/user/1000.
[[0;32m  OK  [0m] Reached target Unmount All Filesystems.
[[0;32m  OK  [0m] Stopped target Local File Systems (Pre).
[[0;32m  OK  [0m] Stopped Create Static Device Nodes in /dev.
         Stopping Monitoring of LVM2 mirrors... dmeventd or progress polling...
[[0;32m  OK  [0m] Stopped Remount Root and Kernel File Systems.
[[0;32m  OK  [0m] Reached target Shutdown.
[  414.854210] reboot: Power down
